#
# There is insufficient memory for the Java Runtime Environment to continue.
# Native memory allocation (malloc) failed to allocate 32744 bytes for ChunkPool::allocate
# Possible reasons:
#   The system is out of physical RAM or swap space
#   The process is running with CompressedOops enabled, and the Java Heap may be blocking the growth of the native heap
# Possible solutions:
#   Reduce memory load on the system
#   Increase physical memory or swap space
#   Check if swap backing store is full
#   Decrease Java heap size (-Xmx/-Xms)
#   Decrease number of Java threads
#   Decrease Java thread stack sizes (-Xss)
#   Set larger code cache with -XX:ReservedCodeCacheSize=
#   JVM is running with Unscaled Compressed Oops mode in which the Java heap is
#     placed in the first 4GB address space. The Java Heap base address is the
#     maximum limit for the native heap growth. Please use -XX:HeapBaseMinAddress
#     to set the Java Heap base and to place the Java Heap above 4GB virtual address.
# This output file may be truncated or incomplete.
#
#  Out of Memory Error (arena.cpp:78), pid=22852, tid=6924
#
# JRE version: OpenJDK Runtime Environment Corretto-17.0.6.10.1 (17.0.6+10) (build 17.0.6+10-LTS)
# Java VM: OpenJDK 64-Bit Server VM Corretto-17.0.6.10.1 (17.0.6+10-LTS, mixed mode, sharing, tiered, compressed oops, compressed class ptrs, g1 gc, windows-amd64)
# No core dump will be written. Minidumps are not enabled by default on client versions of Windows
#

---------------  S U M M A R Y ------------

Command Line: --add-opens=java.base/java.util=ALL-UNNAMED --add-opens=java.base/java.lang=ALL-UNNAMED --add-opens=java.base/java.lang.invoke=ALL-UNNAMED --add-opens=java.prefs/java.util.prefs=ALL-UNNAMED --add-opens=java.base/java.nio.charset=ALL-UNNAMED --add-opens=java.base/java.net=ALL-UNNAMED --add-opens=java.base/java.util.concurrent.atomic=ALL-UNNAMED -XX:MaxMetaspaceSize=384m -XX:+HeapDumpOnOutOfMemoryError -Xms256m -Xmx512m -Dfile.encoding=windows-1252 -Duser.country=US -Duser.language=en -Duser.variant -javaagent:C:\Java\gradle-8.2\lib\agents\gradle-instrumentation-agent-8.2.jar org.gradle.launcher.daemon.bootstrap.GradleDaemon 8.2

Host: Intel(R) Core(TM) i5-10210U CPU @ 1.60GHz, 8 cores, 7G,  Windows 11 , 64 bit Build 22621 (10.0.22621.3085)
Time: Sun Mar 24 14:50:38 2024 SE Asia Standard Time elapsed time: 151.114124 seconds (0d 0h 2m 31s)

---------------  T H R E A D  ---------------

Current thread (0x000001baca6aaef0):  JavaThread "C2 CompilerThread0" daemon [_thread_in_native, id=6924, stack(0x0000007771300000,0x0000007771400000)]


Current CompileTask:
C2: 151114 3084       4       java.io.File::equals (28 bytes)

Stack: [0x0000007771300000,0x0000007771400000]
Native frames: (J=compiled Java code, j=interpreted, Vv=VM code, C=native code)
V  [jvm.dll+0x64b39a]
V  [jvm.dll+0x7ff044]
V  [jvm.dll+0x8007fe]
V  [jvm.dll+0x800e53]
V  [jvm.dll+0x235848]
V  [jvm.dll+0xbd088]
V  [jvm.dll+0xbd44c]
V  [jvm.dll+0x5eecb3]
V  [jvm.dll+0x32be29]
V  [jvm.dll+0x329a0e]
V  [jvm.dll+0x65e3da]
V  [jvm.dll+0x65e4fe]
V  [jvm.dll+0x660ba3]
V  [jvm.dll+0x65afcf]
V  [jvm.dll+0x65a64e]
V  [jvm.dll+0x658606]
V  [jvm.dll+0x19c26c]
V  [jvm.dll+0x19ce28]
V  [jvm.dll+0x29bdf8]
V  [jvm.dll+0x662c43]
V  [jvm.dll+0x65afcf]
V  [jvm.dll+0x65a64e]
V  [jvm.dll+0x658606]
V  [jvm.dll+0x19c26c]
V  [jvm.dll+0x19ce28]
V  [jvm.dll+0x19ce28]
V  [jvm.dll+0x29bdf8]
V  [jvm.dll+0x662c43]
V  [jvm.dll+0x65afcf]
V  [jvm.dll+0x65a64e]
V  [jvm.dll+0x658606]
V  [jvm.dll+0x19c26c]
V  [jvm.dll+0x29bdf8]
V  [jvm.dll+0x662c43]
V  [jvm.dll+0x65afcf]
V  [jvm.dll+0x65a64e]
V  [jvm.dll+0x658606]
V  [jvm.dll+0x19c26c]
V  [jvm.dll+0x29bdf8]
V  [jvm.dll+0x662c43]
V  [jvm.dll+0x65afcf]
V  [jvm.dll+0x65a64e]
V  [jvm.dll+0x658606]
V  [jvm.dll+0x19c26c]
V  [jvm.dll+0x29bdf8]
V  [jvm.dll+0x662c43]
V  [jvm.dll+0x65afcf]
V  [jvm.dll+0x65a64e]
V  [jvm.dll+0x658606]
V  [jvm.dll+0x19c26c]
V  [jvm.dll+0x19ce28]
V  [jvm.dll+0x29bdf8]
V  [jvm.dll+0x662c43]
V  [jvm.dll+0x65afcf]
V  [jvm.dll+0x65a64e]
V  [jvm.dll+0x658606]
V  [jvm.dll+0x19c26c]
V  [jvm.dll+0x19ce28]
V  [jvm.dll+0x29bdf8]
V  [jvm.dll+0x662c43]
V  [jvm.dll+0x65afcf]
V  [jvm.dll+0x65a64e]
V  [jvm.dll+0x658606]
V  [jvm.dll+0x19c26c]
V  [jvm.dll+0x19ce28]
V  [jvm.dll+0x29bdf8]
V  [jvm.dll+0x662c43]
V  [jvm.dll+0x65afcf]
V  [jvm.dll+0x65a64e]
V  [jvm.dll+0x658606]
V  [jvm.dll+0x19c26c]
V  [jvm.dll+0x19ce28]
V  [jvm.dll+0x29bdf8]
V  [jvm.dll+0x662c43]
V  [jvm.dll+0x65afcf]
V  [jvm.dll+0x65a64e]
V  [jvm.dll+0x658606]
V  [jvm.dll+0x19c26c]
V  [jvm.dll+0x19ce28]
V  [jvm.dll+0x29bdf8]
V  [jvm.dll+0x662c43]
V  [jvm.dll+0x65afcf]
V  [jvm.dll+0x65a64e]
V  [jvm.dll+0x658606]
V  [jvm.dll+0x19c26c]
V  [jvm.dll+0x208e4c]
V  [jvm.dll+0x19926d]
V  [jvm.dll+0x2185dd]
V  [jvm.dll+0x216824]
V  [jvm.dll+0x7b77bb]
V  [jvm.dll+0x7b1d6a]
V  [jvm.dll+0x64a265]
C  [ucrtbase.dll+0x29363]
C  [KERNEL32.DLL+0x1257d]
C  [ntdll.dll+0x5aa58]


---------------  P R O C E S S  ---------------

Threads class SMR info:
_java_thread_list=0x000001baccb80cf0, length=34, elements={
0x000001baafb5a640, 0x000001baca68e7d0, 0x000001baca68f640, 0x000001baca6a3e50,
0x000001baca6a4bd0, 0x000001baca6a77a0, 0x000001baca6aa160, 0x000001baca6aaef0,
0x000001baca6ab990, 0x000001baca6ac380, 0x000001bacb0abc60, 0x000001bacb1f4650,
0x000001bacbc57d30, 0x000001bacbb9c610, 0x000001bacbb9ac70, 0x000001baccf6e020,
0x000001bacd20c020, 0x000001bacc4c1000, 0x000001bacb077690, 0x000001bacb01bc10,
0x000001bacb01c0e0, 0x000001bacb01c5b0, 0x000001bacb01ca80, 0x000001bacb01cf50,
0x000001bacb01ddc0, 0x000001bacb01e290, 0x000001bacb01b270, 0x000001bacb01b740,
0x000001bacd24d420, 0x000001bacd2512b0, 0x000001bacd24bc10, 0x000001bacd249f30,
0x000001bacd24d8f0, 0x000001bacd24e760
}

Java Threads: ( => current thread )
  0x000001baafb5a640 JavaThread "main" [_thread_blocked, id=22752, stack(0x0000007770500000,0x0000007770600000)]
  0x000001baca68e7d0 JavaThread "Reference Handler" daemon [_thread_blocked, id=20072, stack(0x0000007770d00000,0x0000007770e00000)]
  0x000001baca68f640 JavaThread "Finalizer" daemon [_thread_blocked, id=23476, stack(0x0000007770e00000,0x0000007770f00000)]
  0x000001baca6a3e50 JavaThread "Signal Dispatcher" daemon [_thread_blocked, id=20300, stack(0x0000007770f00000,0x0000007771000000)]
  0x000001baca6a4bd0 JavaThread "Attach Listener" daemon [_thread_blocked, id=25516, stack(0x0000007771000000,0x0000007771100000)]
  0x000001baca6a77a0 JavaThread "Service Thread" daemon [_thread_blocked, id=10844, stack(0x0000007771100000,0x0000007771200000)]
  0x000001baca6aa160 JavaThread "Monitor Deflation Thread" daemon [_thread_blocked, id=15048, stack(0x0000007771200000,0x0000007771300000)]
=>0x000001baca6aaef0 JavaThread "C2 CompilerThread0" daemon [_thread_in_native, id=6924, stack(0x0000007771300000,0x0000007771400000)]
  0x000001baca6ab990 JavaThread "C1 CompilerThread0" daemon [_thread_in_native, id=11784, stack(0x0000007771400000,0x0000007771500000)]
  0x000001baca6ac380 JavaThread "Sweeper thread" daemon [_thread_blocked, id=14076, stack(0x0000007771500000,0x0000007771600000)]
  0x000001bacb0abc60 JavaThread "Common-Cleaner" daemon [_thread_blocked, id=21632, stack(0x0000007771600000,0x0000007771700000)]
  0x000001bacb1f4650 JavaThread "Notification Thread" daemon [_thread_blocked, id=20256, stack(0x0000007771700000,0x0000007771800000)]
  0x000001bacbc57d30 JavaThread "Daemon health stats" [_thread_blocked, id=27164, stack(0x0000007770600000,0x0000007770700000)]
  0x000001bacbb9c610 JavaThread "Incoming local TCP Connector on port 62428" [_thread_in_native, id=11216, stack(0x0000007772000000,0x0000007772100000)]
  0x000001bacbb9ac70 JavaThread "Daemon periodic checks" [_thread_blocked, id=23556, stack(0x0000007772100000,0x0000007772200000)]
  0x000001baccf6e020 JavaThread "Daemon" [_thread_blocked, id=3892, stack(0x0000007772400000,0x0000007772500000)]
  0x000001bacd20c020 JavaThread "Handler for socket connection from /127.0.0.1:62428 to /127.0.0.1:62429" [_thread_in_native, id=20372, stack(0x0000007772500000,0x0000007772600000)]
  0x000001bacc4c1000 JavaThread "Cancel handler" [_thread_blocked, id=19836, stack(0x0000007772600000,0x0000007772700000)]
  0x000001bacb077690 JavaThread "Daemon worker" [_thread_blocked, id=10780, stack(0x0000007772700000,0x0000007772800000)]
  0x000001bacb01bc10 JavaThread "Asynchronous log dispatcher for DefaultDaemonConnection: socket connection from /127.0.0.1:62428 to /127.0.0.1:62429" [_thread_blocked, id=23276, stack(0x0000007772800000,0x0000007772900000)]
  0x000001bacb01c0e0 JavaThread "Stdin handler" [_thread_blocked, id=19272, stack(0x0000007772900000,0x0000007772a00000)]
  0x000001bacb01c5b0 JavaThread "Daemon client event forwarder" [_thread_blocked, id=12172, stack(0x0000007772a00000,0x0000007772b00000)]
  0x000001bacb01ca80 JavaThread "Cache worker for journal cache (C:\Users\dell\.gradle\caches\journal-1)" [_thread_blocked, id=25936, stack(0x0000007772b00000,0x0000007772c00000)]
  0x000001bacb01cf50 JavaThread "File lock request listener" [_thread_in_native, id=24428, stack(0x0000007772c00000,0x0000007772d00000)]
  0x000001bacb01ddc0 JavaThread "File lock release action executor" [_thread_blocked, id=23316, stack(0x0000007772d00000,0x0000007772e00000)]
  0x000001bacb01e290 JavaThread "Cache worker for file hash cache (C:\Users\dell\.gradle\caches\8.2\fileHashes)" [_thread_blocked, id=26240, stack(0x0000007772e00000,0x0000007772f00000)]
  0x000001bacb01b270 JavaThread "File watcher server" daemon [_thread_in_native, id=28696, stack(0x0000007773100000,0x0000007773200000)]
  0x000001bacb01b740 JavaThread "File watcher consumer" daemon [_thread_blocked, id=28692, stack(0x0000007773200000,0x0000007773300000)]
  0x000001bacd24d420 JavaThread "Cache worker for checksums cache (C:\Users\dell\Desktop\Clone\20078241_VoQuocThinh_KTVTKPM_TH4_MicroService\discovery-server\.gradle\8.2\checksums)" [_thread_blocked, id=14360, stack(0x0000007773300000,0x0000007773400000)]
  0x000001bacd2512b0 JavaThread "Cache worker for cache directory md-rule (C:\Users\dell\.gradle\caches\8.2\md-rule)" [_thread_blocked, id=29560, stack(0x0000007773400000,0x0000007773500000)]
  0x000001bacd24bc10 JavaThread "Cache worker for file content cache (C:\Users\dell\.gradle\caches\8.2\fileContent)" [_thread_blocked, id=29596, stack(0x0000007773500000,0x0000007773600000)]
  0x000001bacd249f30 JavaThread "Cache worker for file hash cache (C:\Users\dell\Desktop\Clone\20078241_VoQuocThinh_KTVTKPM_TH4_MicroService\discovery-server\.gradle\8.2\fileHashes)" [_thread_blocked, id=29592, stack(0x0000007773700000,0x0000007773800000)]
  0x000001bacd24d8f0 JavaThread "Cache worker for cache directory md-supplier (C:\Users\dell\.gradle\caches\8.2\md-supplier)" [_thread_blocked, id=29396, stack(0x0000007773800000,0x0000007773900000)]
  0x000001bacd24e760 JavaThread "Cache worker for execution history cache (C:\Users\dell\.gradle\caches\8.2\executionHistory)" [_thread_blocked, id=29544, stack(0x0000007773900000,0x0000007773a00000)]

Other Threads:
  0x000001baca6892f0 VMThread "VM Thread" [stack: 0x0000007770c00000,0x0000007770d00000] [id=20020]
  0x000001bacb1f4b20 WatcherThread [stack: 0x0000007771800000,0x0000007771900000] [id=23984]
  0x000001baafb87e80 GCTaskThread "GC Thread#0" [stack: 0x0000007770700000,0x0000007770800000] [id=28068]
  0x000001bacba156a0 GCTaskThread "GC Thread#1" [stack: 0x0000007771900000,0x0000007771a00000] [id=25156]
  0x000001bacb0065b0 GCTaskThread "GC Thread#2" [stack: 0x0000007771a00000,0x0000007771b00000] [id=26936]
  0x000001bacb006860 GCTaskThread "GC Thread#3" [stack: 0x0000007771b00000,0x0000007771c00000] [id=14772]
  0x000001bacb006b10 GCTaskThread "GC Thread#4" [stack: 0x0000007771c00000,0x0000007771d00000] [id=23620]
  0x000001bacb0075e0 GCTaskThread "GC Thread#5" [stack: 0x0000007771d00000,0x0000007771e00000] [id=22920]
  0x000001bacd2cd270 GCTaskThread "GC Thread#6" [stack: 0x0000007771e00000,0x0000007771f00000] [id=28464]
  0x000001bacd2cd7d0 GCTaskThread "GC Thread#7" [stack: 0x0000007771f00000,0x0000007772000000] [id=13944]
  0x000001baafb8cdc0 ConcurrentGCThread "G1 Main Marker" [stack: 0x0000007770800000,0x0000007770900000] [id=20320]
  0x000001baafb8d7d0 ConcurrentGCThread "G1 Conc#0" [stack: 0x0000007770900000,0x0000007770a00000] [id=22860]
  0x000001bacd2ccfc0 ConcurrentGCThread "G1 Conc#1" [stack: 0x0000007773600000,0x0000007773700000] [id=29136]
  0x000001baafc1de30 ConcurrentGCThread "G1 Refine#0" [stack: 0x0000007770a00000,0x0000007770b00000] [id=18972]
  0x000001baafc1e850 ConcurrentGCThread "G1 Service" [stack: 0x0000007770b00000,0x0000007770c00000] [id=24660]

Threads with active compile tasks:
C2 CompilerThread0   151685 3084       4       java.io.File::equals (28 bytes)
C1 CompilerThread0   151685 3087       3       jdk.internal.misc.Unsafe::getLongUnaligned (173 bytes)

VM state: not at safepoint (normal execution)

VM Mutex/Monitor currently owned by a thread: None

Heap address: 0x00000000e0000000, size: 512 MB, Compressed Oops mode: 32-bit

CDS archive(s) mapped at: [0x0000000800000000-0x0000000800bc0000-0x0000000800bc0000), size 12320768, SharedBaseAddress: 0x0000000800000000, ArchiveRelocationMode: 0.
Compressed class space mapped at: 0x0000000800c00000-0x0000000814000000, reserved size: 322961408
Narrow klass base: 0x0000000800000000, Narrow klass shift: 0, Narrow klass range: 0x100000000

GC Precious Log:
 CPUs: 8 total, 8 available
 Memory: 8039M
 Large Page Support: Disabled
 NUMA Support: Disabled
 Compressed Oops: Enabled (32-bit)
 Heap Region Size: 1M
 Heap Min Capacity: 256M
 Heap Initial Capacity: 256M
 Heap Max Capacity: 512M
 Pre-touch: Disabled
 Parallel Workers: 8
 Concurrent Workers: 2
 Concurrent Refinement Workers: 8
 Periodic GC: Disabled

Heap:
 garbage-first heap   total 262144K, used 45491K [0x00000000e0000000, 0x0000000100000000)
  region size 1024K, 25 young (25600K), 2 survivors (2048K)
 Metaspace       used 24251K, committed 24640K, reserved 339968K
  class space    used 3607K, committed 3776K, reserved 315392K

Heap Regions: E=young(eden), S=young(survivor), O=old, HS=humongous(starts), HC=humongous(continues), CS=collection set, F=free, OA=open archive, CA=closed archive, TAMS=top-at-mark-start (previous, next)
|   0|0x00000000e0000000, 0x00000000e0100000, 0x00000000e0100000|100%|HS|  |TAMS 0x00000000e0100000, 0x00000000e0000000| Complete 
|   1|0x00000000e0100000, 0x00000000e0200000, 0x00000000e0200000|100%|HC|  |TAMS 0x00000000e0200000, 0x00000000e0100000| Complete 
|   2|0x00000000e0200000, 0x00000000e0300000, 0x00000000e0300000|100%|HC|  |TAMS 0x00000000e0300000, 0x00000000e0200000| Complete 
|   3|0x00000000e0300000, 0x00000000e0400000, 0x00000000e0400000|100%|HC|  |TAMS 0x00000000e0400000, 0x00000000e0300000| Complete 
|   4|0x00000000e0400000, 0x00000000e0500000, 0x00000000e0500000|100%| O|  |TAMS 0x00000000e0500000, 0x00000000e0400000| Untracked 
|   5|0x00000000e0500000, 0x00000000e0600000, 0x00000000e0600000|100%| O|  |TAMS 0x00000000e0600000, 0x00000000e0500000| Untracked 
|   6|0x00000000e0600000, 0x00000000e0700000, 0x00000000e0700000|100%| O|  |TAMS 0x00000000e0700000, 0x00000000e0600000| Untracked 
|   7|0x00000000e0700000, 0x00000000e0800000, 0x00000000e0800000|100%| O|  |TAMS 0x00000000e0800000, 0x00000000e0700000| Untracked 
|   8|0x00000000e0800000, 0x00000000e0900000, 0x00000000e0900000|100%| O|  |TAMS 0x00000000e0900000, 0x00000000e0800000| Untracked 
|   9|0x00000000e0900000, 0x00000000e0a00000, 0x00000000e0a00000|100%| O|  |TAMS 0x00000000e0a00000, 0x00000000e0900000| Untracked 
|  10|0x00000000e0a00000, 0x00000000e0b00000, 0x00000000e0b00000|100%| O|  |TAMS 0x00000000e0b00000, 0x00000000e0a00000| Untracked 
|  11|0x00000000e0b00000, 0x00000000e0c00000, 0x00000000e0c00000|100%| O|  |TAMS 0x00000000e0c00000, 0x00000000e0b00000| Untracked 
|  12|0x00000000e0c00000, 0x00000000e0d00000, 0x00000000e0d00000|100%| O|  |TAMS 0x00000000e0d00000, 0x00000000e0c00000| Untracked 
|  13|0x00000000e0d00000, 0x00000000e0e00000, 0x00000000e0e00000|100%| O|  |TAMS 0x00000000e0e00000, 0x00000000e0d00000| Untracked 
|  14|0x00000000e0e00000, 0x00000000e0f00000, 0x00000000e0f00000|100%| O|  |TAMS 0x00000000e0f00000, 0x00000000e0e00000| Untracked 
|  15|0x00000000e0f00000, 0x00000000e1000000, 0x00000000e1000000|100%| O|  |TAMS 0x00000000e1000000, 0x00000000e0f00000| Untracked 
|  16|0x00000000e1000000, 0x00000000e1100000, 0x00000000e1100000|100%| O|  |TAMS 0x00000000e1100000, 0x00000000e1000000| Untracked 
|  17|0x00000000e1100000, 0x00000000e1200000, 0x00000000e1200000|100%| O|  |TAMS 0x00000000e1200000, 0x00000000e1100000| Untracked 
|  18|0x00000000e1200000, 0x00000000e1300000, 0x00000000e1300000|100%| O|  |TAMS 0x00000000e1300000, 0x00000000e1200000| Untracked 
|  19|0x00000000e1300000, 0x00000000e1400000, 0x00000000e1400000|100%| O|  |TAMS 0x00000000e1400000, 0x00000000e1300000| Untracked 
|  20|0x00000000e1400000, 0x00000000e14bf000, 0x00000000e1500000| 74%| O|  |TAMS 0x00000000e140d400, 0x00000000e1400000| Untracked 
|  21|0x00000000e1500000, 0x00000000e1500000, 0x00000000e1600000|  0%| F|  |TAMS 0x00000000e1500000, 0x00000000e1500000| Untracked 
|  22|0x00000000e1600000, 0x00000000e1600000, 0x00000000e1700000|  0%| F|  |TAMS 0x00000000e1600000, 0x00000000e1600000| Untracked 
|  23|0x00000000e1700000, 0x00000000e1700000, 0x00000000e1800000|  0%| F|  |TAMS 0x00000000e1700000, 0x00000000e1700000| Untracked 
|  24|0x00000000e1800000, 0x00000000e1800000, 0x00000000e1900000|  0%| F|  |TAMS 0x00000000e1800000, 0x00000000e1800000| Untracked 
|  25|0x00000000e1900000, 0x00000000e1900000, 0x00000000e1a00000|  0%| F|  |TAMS 0x00000000e1900000, 0x00000000e1900000| Untracked 
|  26|0x00000000e1a00000, 0x00000000e1a00000, 0x00000000e1b00000|  0%| F|  |TAMS 0x00000000e1a00000, 0x00000000e1a00000| Untracked 
|  27|0x00000000e1b00000, 0x00000000e1b00000, 0x00000000e1c00000|  0%| F|  |TAMS 0x00000000e1b00000, 0x00000000e1b00000| Untracked 
|  28|0x00000000e1c00000, 0x00000000e1c00000, 0x00000000e1d00000|  0%| F|  |TAMS 0x00000000e1c00000, 0x00000000e1c00000| Untracked 
|  29|0x00000000e1d00000, 0x00000000e1d00000, 0x00000000e1e00000|  0%| F|  |TAMS 0x00000000e1d00000, 0x00000000e1d00000| Untracked 
|  30|0x00000000e1e00000, 0x00000000e1e00000, 0x00000000e1f00000|  0%| F|  |TAMS 0x00000000e1e00000, 0x00000000e1e00000| Untracked 
|  31|0x00000000e1f00000, 0x00000000e1f00000, 0x00000000e2000000|  0%| F|  |TAMS 0x00000000e1f00000, 0x00000000e1f00000| Untracked 
|  32|0x00000000e2000000, 0x00000000e2000000, 0x00000000e2100000|  0%| F|  |TAMS 0x00000000e2000000, 0x00000000e2000000| Untracked 
|  33|0x00000000e2100000, 0x00000000e2100000, 0x00000000e2200000|  0%| F|  |TAMS 0x00000000e2100000, 0x00000000e2100000| Untracked 
|  34|0x00000000e2200000, 0x00000000e2200000, 0x00000000e2300000|  0%| F|  |TAMS 0x00000000e2200000, 0x00000000e2200000| Untracked 
|  35|0x00000000e2300000, 0x00000000e2300000, 0x00000000e2400000|  0%| F|  |TAMS 0x00000000e2300000, 0x00000000e2300000| Untracked 
|  36|0x00000000e2400000, 0x00000000e2400000, 0x00000000e2500000|  0%| F|  |TAMS 0x00000000e2400000, 0x00000000e2400000| Untracked 
|  37|0x00000000e2500000, 0x00000000e2500000, 0x00000000e2600000|  0%| F|  |TAMS 0x00000000e2500000, 0x00000000e2500000| Untracked 
|  38|0x00000000e2600000, 0x00000000e2600000, 0x00000000e2700000|  0%| F|  |TAMS 0x00000000e2600000, 0x00000000e2600000| Untracked 
|  39|0x00000000e2700000, 0x00000000e2700000, 0x00000000e2800000|  0%| F|  |TAMS 0x00000000e2700000, 0x00000000e2700000| Untracked 
|  40|0x00000000e2800000, 0x00000000e2800000, 0x00000000e2900000|  0%| F|  |TAMS 0x00000000e2800000, 0x00000000e2800000| Untracked 
|  41|0x00000000e2900000, 0x00000000e2900000, 0x00000000e2a00000|  0%| F|  |TAMS 0x00000000e2900000, 0x00000000e2900000| Untracked 
|  42|0x00000000e2a00000, 0x00000000e2a00000, 0x00000000e2b00000|  0%| F|  |TAMS 0x00000000e2a00000, 0x00000000e2a00000| Untracked 
|  43|0x00000000e2b00000, 0x00000000e2b00000, 0x00000000e2c00000|  0%| F|  |TAMS 0x00000000e2b00000, 0x00000000e2b00000| Untracked 
|  44|0x00000000e2c00000, 0x00000000e2c00000, 0x00000000e2d00000|  0%| F|  |TAMS 0x00000000e2c00000, 0x00000000e2c00000| Untracked 
|  45|0x00000000e2d00000, 0x00000000e2d00000, 0x00000000e2e00000|  0%| F|  |TAMS 0x00000000e2d00000, 0x00000000e2d00000| Untracked 
|  46|0x00000000e2e00000, 0x00000000e2e00000, 0x00000000e2f00000|  0%| F|  |TAMS 0x00000000e2e00000, 0x00000000e2e00000| Untracked 
|  47|0x00000000e2f00000, 0x00000000e2f00000, 0x00000000e3000000|  0%| F|  |TAMS 0x00000000e2f00000, 0x00000000e2f00000| Untracked 
|  48|0x00000000e3000000, 0x00000000e3000000, 0x00000000e3100000|  0%| F|  |TAMS 0x00000000e3000000, 0x00000000e3000000| Untracked 
|  49|0x00000000e3100000, 0x00000000e3100000, 0x00000000e3200000|  0%| F|  |TAMS 0x00000000e3100000, 0x00000000e3100000| Untracked 
|  50|0x00000000e3200000, 0x00000000e3200000, 0x00000000e3300000|  0%| F|  |TAMS 0x00000000e3200000, 0x00000000e3200000| Untracked 
|  51|0x00000000e3300000, 0x00000000e3300000, 0x00000000e3400000|  0%| F|  |TAMS 0x00000000e3300000, 0x00000000e3300000| Untracked 
|  52|0x00000000e3400000, 0x00000000e3400000, 0x00000000e3500000|  0%| F|  |TAMS 0x00000000e3400000, 0x00000000e3400000| Untracked 
|  53|0x00000000e3500000, 0x00000000e3500000, 0x00000000e3600000|  0%| F|  |TAMS 0x00000000e3500000, 0x00000000e3500000| Untracked 
|  54|0x00000000e3600000, 0x00000000e3600000, 0x00000000e3700000|  0%| F|  |TAMS 0x00000000e3600000, 0x00000000e3600000| Untracked 
|  55|0x00000000e3700000, 0x00000000e3700000, 0x00000000e3800000|  0%| F|  |TAMS 0x00000000e3700000, 0x00000000e3700000| Untracked 
|  56|0x00000000e3800000, 0x00000000e3800000, 0x00000000e3900000|  0%| F|  |TAMS 0x00000000e3800000, 0x00000000e3800000| Untracked 
|  57|0x00000000e3900000, 0x00000000e3900000, 0x00000000e3a00000|  0%| F|  |TAMS 0x00000000e3900000, 0x00000000e3900000| Untracked 
|  58|0x00000000e3a00000, 0x00000000e3a00000, 0x00000000e3b00000|  0%| F|  |TAMS 0x00000000e3a00000, 0x00000000e3a00000| Untracked 
|  59|0x00000000e3b00000, 0x00000000e3b00000, 0x00000000e3c00000|  0%| F|  |TAMS 0x00000000e3b00000, 0x00000000e3b00000| Untracked 
|  60|0x00000000e3c00000, 0x00000000e3c00000, 0x00000000e3d00000|  0%| F|  |TAMS 0x00000000e3c00000, 0x00000000e3c00000| Untracked 
|  61|0x00000000e3d00000, 0x00000000e3d00000, 0x00000000e3e00000|  0%| F|  |TAMS 0x00000000e3d00000, 0x00000000e3d00000| Untracked 
|  62|0x00000000e3e00000, 0x00000000e3e00000, 0x00000000e3f00000|  0%| F|  |TAMS 0x00000000e3e00000, 0x00000000e3e00000| Untracked 
|  63|0x00000000e3f00000, 0x00000000e3f00000, 0x00000000e4000000|  0%| F|  |TAMS 0x00000000e3f00000, 0x00000000e3f00000| Untracked 
|  64|0x00000000e4000000, 0x00000000e4000000, 0x00000000e4100000|  0%| F|  |TAMS 0x00000000e4000000, 0x00000000e4000000| Untracked 
|  65|0x00000000e4100000, 0x00000000e4100000, 0x00000000e4200000|  0%| F|  |TAMS 0x00000000e4100000, 0x00000000e4100000| Untracked 
|  66|0x00000000e4200000, 0x00000000e4200000, 0x00000000e4300000|  0%| F|  |TAMS 0x00000000e4200000, 0x00000000e4200000| Untracked 
|  67|0x00000000e4300000, 0x00000000e4300000, 0x00000000e4400000|  0%| F|  |TAMS 0x00000000e4300000, 0x00000000e4300000| Untracked 
|  68|0x00000000e4400000, 0x00000000e4400000, 0x00000000e4500000|  0%| F|  |TAMS 0x00000000e4400000, 0x00000000e4400000| Untracked 
|  69|0x00000000e4500000, 0x00000000e4500000, 0x00000000e4600000|  0%| F|  |TAMS 0x00000000e4500000, 0x00000000e4500000| Untracked 
|  70|0x00000000e4600000, 0x00000000e4600000, 0x00000000e4700000|  0%| F|  |TAMS 0x00000000e4600000, 0x00000000e4600000| Untracked 
|  71|0x00000000e4700000, 0x00000000e4700000, 0x00000000e4800000|  0%| F|  |TAMS 0x00000000e4700000, 0x00000000e4700000| Untracked 
|  72|0x00000000e4800000, 0x00000000e4800000, 0x00000000e4900000|  0%| F|  |TAMS 0x00000000e4800000, 0x00000000e4800000| Untracked 
|  73|0x00000000e4900000, 0x00000000e4900000, 0x00000000e4a00000|  0%| F|  |TAMS 0x00000000e4900000, 0x00000000e4900000| Untracked 
|  74|0x00000000e4a00000, 0x00000000e4a00000, 0x00000000e4b00000|  0%| F|  |TAMS 0x00000000e4a00000, 0x00000000e4a00000| Untracked 
|  75|0x00000000e4b00000, 0x00000000e4b00000, 0x00000000e4c00000|  0%| F|  |TAMS 0x00000000e4b00000, 0x00000000e4b00000| Untracked 
|  76|0x00000000e4c00000, 0x00000000e4c00000, 0x00000000e4d00000|  0%| F|  |TAMS 0x00000000e4c00000, 0x00000000e4c00000| Untracked 
|  77|0x00000000e4d00000, 0x00000000e4d00000, 0x00000000e4e00000|  0%| F|  |TAMS 0x00000000e4d00000, 0x00000000e4d00000| Untracked 
|  78|0x00000000e4e00000, 0x00000000e4e00000, 0x00000000e4f00000|  0%| F|  |TAMS 0x00000000e4e00000, 0x00000000e4e00000| Untracked 
|  79|0x00000000e4f00000, 0x00000000e4f00000, 0x00000000e5000000|  0%| F|  |TAMS 0x00000000e4f00000, 0x00000000e4f00000| Untracked 
|  80|0x00000000e5000000, 0x00000000e5000000, 0x00000000e5100000|  0%| F|  |TAMS 0x00000000e5000000, 0x00000000e5000000| Untracked 
|  81|0x00000000e5100000, 0x00000000e5100000, 0x00000000e5200000|  0%| F|  |TAMS 0x00000000e5100000, 0x00000000e5100000| Untracked 
|  82|0x00000000e5200000, 0x00000000e5200000, 0x00000000e5300000|  0%| F|  |TAMS 0x00000000e5200000, 0x00000000e5200000| Untracked 
|  83|0x00000000e5300000, 0x00000000e5300000, 0x00000000e5400000|  0%| F|  |TAMS 0x00000000e5300000, 0x00000000e5300000| Untracked 
|  84|0x00000000e5400000, 0x00000000e5400000, 0x00000000e5500000|  0%| F|  |TAMS 0x00000000e5400000, 0x00000000e5400000| Untracked 
|  85|0x00000000e5500000, 0x00000000e5500000, 0x00000000e5600000|  0%| F|  |TAMS 0x00000000e5500000, 0x00000000e5500000| Untracked 
|  86|0x00000000e5600000, 0x00000000e5600000, 0x00000000e5700000|  0%| F|  |TAMS 0x00000000e5600000, 0x00000000e5600000| Untracked 
|  87|0x00000000e5700000, 0x00000000e5700000, 0x00000000e5800000|  0%| F|  |TAMS 0x00000000e5700000, 0x00000000e5700000| Untracked 
|  88|0x00000000e5800000, 0x00000000e5800000, 0x00000000e5900000|  0%| F|  |TAMS 0x00000000e5800000, 0x00000000e5800000| Untracked 
|  89|0x00000000e5900000, 0x00000000e5900000, 0x00000000e5a00000|  0%| F|  |TAMS 0x00000000e5900000, 0x00000000e5900000| Untracked 
|  90|0x00000000e5a00000, 0x00000000e5a00000, 0x00000000e5b00000|  0%| F|  |TAMS 0x00000000e5a00000, 0x00000000e5a00000| Untracked 
|  91|0x00000000e5b00000, 0x00000000e5b00000, 0x00000000e5c00000|  0%| F|  |TAMS 0x00000000e5b00000, 0x00000000e5b00000| Untracked 
|  92|0x00000000e5c00000, 0x00000000e5c00000, 0x00000000e5d00000|  0%| F|  |TAMS 0x00000000e5c00000, 0x00000000e5c00000| Untracked 
|  93|0x00000000e5d00000, 0x00000000e5d00000, 0x00000000e5e00000|  0%| F|  |TAMS 0x00000000e5d00000, 0x00000000e5d00000| Untracked 
|  94|0x00000000e5e00000, 0x00000000e5e00000, 0x00000000e5f00000|  0%| F|  |TAMS 0x00000000e5e00000, 0x00000000e5e00000| Untracked 
|  95|0x00000000e5f00000, 0x00000000e5f00000, 0x00000000e6000000|  0%| F|  |TAMS 0x00000000e5f00000, 0x00000000e5f00000| Untracked 
|  96|0x00000000e6000000, 0x00000000e6000000, 0x00000000e6100000|  0%| F|  |TAMS 0x00000000e6000000, 0x00000000e6000000| Untracked 
|  97|0x00000000e6100000, 0x00000000e6100000, 0x00000000e6200000|  0%| F|  |TAMS 0x00000000e6100000, 0x00000000e6100000| Untracked 
|  98|0x00000000e6200000, 0x00000000e6200000, 0x00000000e6300000|  0%| F|  |TAMS 0x00000000e6200000, 0x00000000e6200000| Untracked 
|  99|0x00000000e6300000, 0x00000000e6300000, 0x00000000e6400000|  0%| F|  |TAMS 0x00000000e6300000, 0x00000000e6300000| Untracked 
| 100|0x00000000e6400000, 0x00000000e6400000, 0x00000000e6500000|  0%| F|  |TAMS 0x00000000e6400000, 0x00000000e6400000| Untracked 
| 101|0x00000000e6500000, 0x00000000e6500000, 0x00000000e6600000|  0%| F|  |TAMS 0x00000000e6500000, 0x00000000e6500000| Untracked 
| 102|0x00000000e6600000, 0x00000000e6600000, 0x00000000e6700000|  0%| F|  |TAMS 0x00000000e6600000, 0x00000000e6600000| Untracked 
| 103|0x00000000e6700000, 0x00000000e6700000, 0x00000000e6800000|  0%| F|  |TAMS 0x00000000e6700000, 0x00000000e6700000| Untracked 
| 104|0x00000000e6800000, 0x00000000e6800000, 0x00000000e6900000|  0%| F|  |TAMS 0x00000000e6800000, 0x00000000e6800000| Untracked 
| 105|0x00000000e6900000, 0x00000000e6900000, 0x00000000e6a00000|  0%| F|  |TAMS 0x00000000e6900000, 0x00000000e6900000| Untracked 
| 106|0x00000000e6a00000, 0x00000000e6a00000, 0x00000000e6b00000|  0%| F|  |TAMS 0x00000000e6a00000, 0x00000000e6a00000| Untracked 
| 107|0x00000000e6b00000, 0x00000000e6b00000, 0x00000000e6c00000|  0%| F|  |TAMS 0x00000000e6b00000, 0x00000000e6b00000| Untracked 
| 108|0x00000000e6c00000, 0x00000000e6c00000, 0x00000000e6d00000|  0%| F|  |TAMS 0x00000000e6c00000, 0x00000000e6c00000| Untracked 
| 109|0x00000000e6d00000, 0x00000000e6d00000, 0x00000000e6e00000|  0%| F|  |TAMS 0x00000000e6d00000, 0x00000000e6d00000| Untracked 
| 110|0x00000000e6e00000, 0x00000000e6e00000, 0x00000000e6f00000|  0%| F|  |TAMS 0x00000000e6e00000, 0x00000000e6e00000| Untracked 
| 111|0x00000000e6f00000, 0x00000000e6f00000, 0x00000000e7000000|  0%| F|  |TAMS 0x00000000e6f00000, 0x00000000e6f00000| Untracked 
| 112|0x00000000e7000000, 0x00000000e7000000, 0x00000000e7100000|  0%| F|  |TAMS 0x00000000e7000000, 0x00000000e7000000| Untracked 
| 113|0x00000000e7100000, 0x00000000e7100000, 0x00000000e7200000|  0%| F|  |TAMS 0x00000000e7100000, 0x00000000e7100000| Untracked 
| 114|0x00000000e7200000, 0x00000000e7200000, 0x00000000e7300000|  0%| F|  |TAMS 0x00000000e7200000, 0x00000000e7200000| Untracked 
| 115|0x00000000e7300000, 0x00000000e7300000, 0x00000000e7400000|  0%| F|  |TAMS 0x00000000e7300000, 0x00000000e7300000| Untracked 
| 116|0x00000000e7400000, 0x00000000e7400000, 0x00000000e7500000|  0%| F|  |TAMS 0x00000000e7400000, 0x00000000e7400000| Untracked 
| 117|0x00000000e7500000, 0x00000000e7500000, 0x00000000e7600000|  0%| F|  |TAMS 0x00000000e7500000, 0x00000000e7500000| Untracked 
| 118|0x00000000e7600000, 0x00000000e7600000, 0x00000000e7700000|  0%| F|  |TAMS 0x00000000e7600000, 0x00000000e7600000| Untracked 
| 119|0x00000000e7700000, 0x00000000e7700000, 0x00000000e7800000|  0%| F|  |TAMS 0x00000000e7700000, 0x00000000e7700000| Untracked 
| 120|0x00000000e7800000, 0x00000000e7800000, 0x00000000e7900000|  0%| F|  |TAMS 0x00000000e7800000, 0x00000000e7800000| Untracked 
| 121|0x00000000e7900000, 0x00000000e7900000, 0x00000000e7a00000|  0%| F|  |TAMS 0x00000000e7900000, 0x00000000e7900000| Untracked 
| 122|0x00000000e7a00000, 0x00000000e7a00000, 0x00000000e7b00000|  0%| F|  |TAMS 0x00000000e7a00000, 0x00000000e7a00000| Untracked 
| 123|0x00000000e7b00000, 0x00000000e7b00000, 0x00000000e7c00000|  0%| F|  |TAMS 0x00000000e7b00000, 0x00000000e7b00000| Untracked 
| 124|0x00000000e7c00000, 0x00000000e7c00000, 0x00000000e7d00000|  0%| F|  |TAMS 0x00000000e7c00000, 0x00000000e7c00000| Untracked 
| 125|0x00000000e7d00000, 0x00000000e7d00000, 0x00000000e7e00000|  0%| F|  |TAMS 0x00000000e7d00000, 0x00000000e7d00000| Untracked 
| 126|0x00000000e7e00000, 0x00000000e7e00000, 0x00000000e7f00000|  0%| F|  |TAMS 0x00000000e7e00000, 0x00000000e7e00000| Untracked 
| 127|0x00000000e7f00000, 0x00000000e7f00000, 0x00000000e8000000|  0%| F|  |TAMS 0x00000000e7f00000, 0x00000000e7f00000| Untracked 
| 128|0x00000000e8000000, 0x00000000e8000000, 0x00000000e8100000|  0%| F|  |TAMS 0x00000000e8000000, 0x00000000e8000000| Untracked 
| 129|0x00000000e8100000, 0x00000000e8100000, 0x00000000e8200000|  0%| F|  |TAMS 0x00000000e8100000, 0x00000000e8100000| Untracked 
| 130|0x00000000e8200000, 0x00000000e8200000, 0x00000000e8300000|  0%| F|  |TAMS 0x00000000e8200000, 0x00000000e8200000| Untracked 
| 131|0x00000000e8300000, 0x00000000e8300000, 0x00000000e8400000|  0%| F|  |TAMS 0x00000000e8300000, 0x00000000e8300000| Untracked 
| 132|0x00000000e8400000, 0x00000000e8400000, 0x00000000e8500000|  0%| F|  |TAMS 0x00000000e8400000, 0x00000000e8400000| Untracked 
| 133|0x00000000e8500000, 0x00000000e8500000, 0x00000000e8600000|  0%| F|  |TAMS 0x00000000e8500000, 0x00000000e8500000| Untracked 
| 134|0x00000000e8600000, 0x00000000e8600000, 0x00000000e8700000|  0%| F|  |TAMS 0x00000000e8600000, 0x00000000e8600000| Untracked 
| 135|0x00000000e8700000, 0x00000000e8700000, 0x00000000e8800000|  0%| F|  |TAMS 0x00000000e8700000, 0x00000000e8700000| Untracked 
| 136|0x00000000e8800000, 0x00000000e8800000, 0x00000000e8900000|  0%| F|  |TAMS 0x00000000e8800000, 0x00000000e8800000| Untracked 
| 137|0x00000000e8900000, 0x00000000e8900000, 0x00000000e8a00000|  0%| F|  |TAMS 0x00000000e8900000, 0x00000000e8900000| Untracked 
| 138|0x00000000e8a00000, 0x00000000e8a00000, 0x00000000e8b00000|  0%| F|  |TAMS 0x00000000e8a00000, 0x00000000e8a00000| Untracked 
| 139|0x00000000e8b00000, 0x00000000e8b00000, 0x00000000e8c00000|  0%| F|  |TAMS 0x00000000e8b00000, 0x00000000e8b00000| Untracked 
| 140|0x00000000e8c00000, 0x00000000e8c00000, 0x00000000e8d00000|  0%| F|  |TAMS 0x00000000e8c00000, 0x00000000e8c00000| Untracked 
| 141|0x00000000e8d00000, 0x00000000e8d00000, 0x00000000e8e00000|  0%| F|  |TAMS 0x00000000e8d00000, 0x00000000e8d00000| Untracked 
| 142|0x00000000e8e00000, 0x00000000e8e00000, 0x00000000e8f00000|  0%| F|  |TAMS 0x00000000e8e00000, 0x00000000e8e00000| Untracked 
| 143|0x00000000e8f00000, 0x00000000e8f00000, 0x00000000e9000000|  0%| F|  |TAMS 0x00000000e8f00000, 0x00000000e8f00000| Untracked 
| 144|0x00000000e9000000, 0x00000000e9000000, 0x00000000e9100000|  0%| F|  |TAMS 0x00000000e9000000, 0x00000000e9000000| Untracked 
| 145|0x00000000e9100000, 0x00000000e9100000, 0x00000000e9200000|  0%| F|  |TAMS 0x00000000e9100000, 0x00000000e9100000| Untracked 
| 146|0x00000000e9200000, 0x00000000e9200000, 0x00000000e9300000|  0%| F|  |TAMS 0x00000000e9200000, 0x00000000e9200000| Untracked 
| 147|0x00000000e9300000, 0x00000000e9300000, 0x00000000e9400000|  0%| F|  |TAMS 0x00000000e9300000, 0x00000000e9300000| Untracked 
| 148|0x00000000e9400000, 0x00000000e9400000, 0x00000000e9500000|  0%| F|  |TAMS 0x00000000e9400000, 0x00000000e9400000| Untracked 
| 149|0x00000000e9500000, 0x00000000e9500000, 0x00000000e9600000|  0%| F|  |TAMS 0x00000000e9500000, 0x00000000e9500000| Untracked 
| 150|0x00000000e9600000, 0x00000000e9600000, 0x00000000e9700000|  0%| F|  |TAMS 0x00000000e9600000, 0x00000000e9600000| Untracked 
| 151|0x00000000e9700000, 0x00000000e9700000, 0x00000000e9800000|  0%| F|  |TAMS 0x00000000e9700000, 0x00000000e9700000| Untracked 
| 152|0x00000000e9800000, 0x00000000e9800000, 0x00000000e9900000|  0%| F|  |TAMS 0x00000000e9800000, 0x00000000e9800000| Untracked 
| 153|0x00000000e9900000, 0x00000000e9900000, 0x00000000e9a00000|  0%| F|  |TAMS 0x00000000e9900000, 0x00000000e9900000| Untracked 
| 154|0x00000000e9a00000, 0x00000000e9a00000, 0x00000000e9b00000|  0%| F|  |TAMS 0x00000000e9a00000, 0x00000000e9a00000| Untracked 
| 155|0x00000000e9b00000, 0x00000000e9b00000, 0x00000000e9c00000|  0%| F|  |TAMS 0x00000000e9b00000, 0x00000000e9b00000| Untracked 
| 156|0x00000000e9c00000, 0x00000000e9c00000, 0x00000000e9d00000|  0%| F|  |TAMS 0x00000000e9c00000, 0x00000000e9c00000| Untracked 
| 157|0x00000000e9d00000, 0x00000000e9d00000, 0x00000000e9e00000|  0%| F|  |TAMS 0x00000000e9d00000, 0x00000000e9d00000| Untracked 
| 158|0x00000000e9e00000, 0x00000000e9e00000, 0x00000000e9f00000|  0%| F|  |TAMS 0x00000000e9e00000, 0x00000000e9e00000| Untracked 
| 159|0x00000000e9f00000, 0x00000000e9f00000, 0x00000000ea000000|  0%| F|  |TAMS 0x00000000e9f00000, 0x00000000e9f00000| Untracked 
| 160|0x00000000ea000000, 0x00000000ea000000, 0x00000000ea100000|  0%| F|  |TAMS 0x00000000ea000000, 0x00000000ea000000| Untracked 
| 161|0x00000000ea100000, 0x00000000ea100000, 0x00000000ea200000|  0%| F|  |TAMS 0x00000000ea100000, 0x00000000ea100000| Untracked 
| 162|0x00000000ea200000, 0x00000000ea200000, 0x00000000ea300000|  0%| F|  |TAMS 0x00000000ea200000, 0x00000000ea200000| Untracked 
| 163|0x00000000ea300000, 0x00000000ea300000, 0x00000000ea400000|  0%| F|  |TAMS 0x00000000ea300000, 0x00000000ea300000| Untracked 
| 164|0x00000000ea400000, 0x00000000ea400000, 0x00000000ea500000|  0%| F|  |TAMS 0x00000000ea400000, 0x00000000ea400000| Untracked 
| 165|0x00000000ea500000, 0x00000000ea500000, 0x00000000ea600000|  0%| F|  |TAMS 0x00000000ea500000, 0x00000000ea500000| Untracked 
| 166|0x00000000ea600000, 0x00000000ea600000, 0x00000000ea700000|  0%| F|  |TAMS 0x00000000ea600000, 0x00000000ea600000| Untracked 
| 167|0x00000000ea700000, 0x00000000ea700000, 0x00000000ea800000|  0%| F|  |TAMS 0x00000000ea700000, 0x00000000ea700000| Untracked 
| 168|0x00000000ea800000, 0x00000000ea800000, 0x00000000ea900000|  0%| F|  |TAMS 0x00000000ea800000, 0x00000000ea800000| Untracked 
| 169|0x00000000ea900000, 0x00000000ea900000, 0x00000000eaa00000|  0%| F|  |TAMS 0x00000000ea900000, 0x00000000ea900000| Untracked 
| 170|0x00000000eaa00000, 0x00000000eaa00000, 0x00000000eab00000|  0%| F|  |TAMS 0x00000000eaa00000, 0x00000000eaa00000| Untracked 
| 171|0x00000000eab00000, 0x00000000eab00000, 0x00000000eac00000|  0%| F|  |TAMS 0x00000000eab00000, 0x00000000eab00000| Untracked 
| 172|0x00000000eac00000, 0x00000000eac00000, 0x00000000ead00000|  0%| F|  |TAMS 0x00000000eac00000, 0x00000000eac00000| Untracked 
| 173|0x00000000ead00000, 0x00000000ead00000, 0x00000000eae00000|  0%| F|  |TAMS 0x00000000ead00000, 0x00000000ead00000| Untracked 
| 174|0x00000000eae00000, 0x00000000eae00000, 0x00000000eaf00000|  0%| F|  |TAMS 0x00000000eae00000, 0x00000000eae00000| Untracked 
| 175|0x00000000eaf00000, 0x00000000eaf00000, 0x00000000eb000000|  0%| F|  |TAMS 0x00000000eaf00000, 0x00000000eaf00000| Untracked 
| 176|0x00000000eb000000, 0x00000000eb000000, 0x00000000eb100000|  0%| F|  |TAMS 0x00000000eb000000, 0x00000000eb000000| Untracked 
| 177|0x00000000eb100000, 0x00000000eb100000, 0x00000000eb200000|  0%| F|  |TAMS 0x00000000eb100000, 0x00000000eb100000| Untracked 
| 178|0x00000000eb200000, 0x00000000eb200000, 0x00000000eb300000|  0%| F|  |TAMS 0x00000000eb200000, 0x00000000eb200000| Untracked 
| 179|0x00000000eb300000, 0x00000000eb300000, 0x00000000eb400000|  0%| F|  |TAMS 0x00000000eb300000, 0x00000000eb300000| Untracked 
| 180|0x00000000eb400000, 0x00000000eb400000, 0x00000000eb500000|  0%| F|  |TAMS 0x00000000eb400000, 0x00000000eb400000| Untracked 
| 181|0x00000000eb500000, 0x00000000eb500000, 0x00000000eb600000|  0%| F|  |TAMS 0x00000000eb500000, 0x00000000eb500000| Untracked 
| 182|0x00000000eb600000, 0x00000000eb600000, 0x00000000eb700000|  0%| F|  |TAMS 0x00000000eb600000, 0x00000000eb600000| Untracked 
| 183|0x00000000eb700000, 0x00000000eb700000, 0x00000000eb800000|  0%| F|  |TAMS 0x00000000eb700000, 0x00000000eb700000| Untracked 
| 184|0x00000000eb800000, 0x00000000eb800000, 0x00000000eb900000|  0%| F|  |TAMS 0x00000000eb800000, 0x00000000eb800000| Untracked 
| 185|0x00000000eb900000, 0x00000000eb900000, 0x00000000eba00000|  0%| F|  |TAMS 0x00000000eb900000, 0x00000000eb900000| Untracked 
| 186|0x00000000eba00000, 0x00000000eba00000, 0x00000000ebb00000|  0%| F|  |TAMS 0x00000000eba00000, 0x00000000eba00000| Untracked 
| 187|0x00000000ebb00000, 0x00000000ebb00000, 0x00000000ebc00000|  0%| F|  |TAMS 0x00000000ebb00000, 0x00000000ebb00000| Untracked 
| 188|0x00000000ebc00000, 0x00000000ebc00000, 0x00000000ebd00000|  0%| F|  |TAMS 0x00000000ebc00000, 0x00000000ebc00000| Untracked 
| 189|0x00000000ebd00000, 0x00000000ebd00000, 0x00000000ebe00000|  0%| F|  |TAMS 0x00000000ebd00000, 0x00000000ebd00000| Untracked 
| 190|0x00000000ebe00000, 0x00000000ebe00000, 0x00000000ebf00000|  0%| F|  |TAMS 0x00000000ebe00000, 0x00000000ebe00000| Untracked 
| 191|0x00000000ebf00000, 0x00000000ebf00000, 0x00000000ec000000|  0%| F|  |TAMS 0x00000000ebf00000, 0x00000000ebf00000| Untracked 
| 192|0x00000000ec000000, 0x00000000ec000000, 0x00000000ec100000|  0%| F|  |TAMS 0x00000000ec000000, 0x00000000ec000000| Untracked 
| 193|0x00000000ec100000, 0x00000000ec100000, 0x00000000ec200000|  0%| F|  |TAMS 0x00000000ec100000, 0x00000000ec100000| Untracked 
| 194|0x00000000ec200000, 0x00000000ec200000, 0x00000000ec300000|  0%| F|  |TAMS 0x00000000ec200000, 0x00000000ec200000| Untracked 
| 195|0x00000000ec300000, 0x00000000ec300000, 0x00000000ec400000|  0%| F|  |TAMS 0x00000000ec300000, 0x00000000ec300000| Untracked 
| 196|0x00000000ec400000, 0x00000000ec400000, 0x00000000ec500000|  0%| F|  |TAMS 0x00000000ec400000, 0x00000000ec400000| Untracked 
| 197|0x00000000ec500000, 0x00000000ec500000, 0x00000000ec600000|  0%| F|  |TAMS 0x00000000ec500000, 0x00000000ec500000| Untracked 
| 198|0x00000000ec600000, 0x00000000ec600000, 0x00000000ec700000|  0%| F|  |TAMS 0x00000000ec600000, 0x00000000ec600000| Untracked 
| 199|0x00000000ec700000, 0x00000000ec700000, 0x00000000ec800000|  0%| F|  |TAMS 0x00000000ec700000, 0x00000000ec700000| Untracked 
| 200|0x00000000ec800000, 0x00000000ec800000, 0x00000000ec900000|  0%| F|  |TAMS 0x00000000ec800000, 0x00000000ec800000| Untracked 
| 201|0x00000000ec900000, 0x00000000ec900000, 0x00000000eca00000|  0%| F|  |TAMS 0x00000000ec900000, 0x00000000ec900000| Untracked 
| 202|0x00000000eca00000, 0x00000000eca00000, 0x00000000ecb00000|  0%| F|  |TAMS 0x00000000eca00000, 0x00000000eca00000| Untracked 
| 203|0x00000000ecb00000, 0x00000000ecb00000, 0x00000000ecc00000|  0%| F|  |TAMS 0x00000000ecb00000, 0x00000000ecb00000| Untracked 
| 204|0x00000000ecc00000, 0x00000000ecc00000, 0x00000000ecd00000|  0%| F|  |TAMS 0x00000000ecc00000, 0x00000000ecc00000| Untracked 
| 205|0x00000000ecd00000, 0x00000000ecd00000, 0x00000000ece00000|  0%| F|  |TAMS 0x00000000ecd00000, 0x00000000ecd00000| Untracked 
| 206|0x00000000ece00000, 0x00000000ece00000, 0x00000000ecf00000|  0%| F|  |TAMS 0x00000000ece00000, 0x00000000ece00000| Untracked 
| 207|0x00000000ecf00000, 0x00000000ecf00000, 0x00000000ed000000|  0%| F|  |TAMS 0x00000000ecf00000, 0x00000000ecf00000| Untracked 
| 208|0x00000000ed000000, 0x00000000ed000000, 0x00000000ed100000|  0%| F|  |TAMS 0x00000000ed000000, 0x00000000ed000000| Untracked 
| 209|0x00000000ed100000, 0x00000000ed100000, 0x00000000ed200000|  0%| F|  |TAMS 0x00000000ed100000, 0x00000000ed100000| Untracked 
| 210|0x00000000ed200000, 0x00000000ed200000, 0x00000000ed300000|  0%| F|  |TAMS 0x00000000ed200000, 0x00000000ed200000| Untracked 
| 211|0x00000000ed300000, 0x00000000ed300000, 0x00000000ed400000|  0%| F|  |TAMS 0x00000000ed300000, 0x00000000ed300000| Untracked 
| 212|0x00000000ed400000, 0x00000000ed400000, 0x00000000ed500000|  0%| F|  |TAMS 0x00000000ed400000, 0x00000000ed400000| Untracked 
| 213|0x00000000ed500000, 0x00000000ed500000, 0x00000000ed600000|  0%| F|  |TAMS 0x00000000ed500000, 0x00000000ed500000| Untracked 
| 214|0x00000000ed600000, 0x00000000ed600000, 0x00000000ed700000|  0%| F|  |TAMS 0x00000000ed600000, 0x00000000ed600000| Untracked 
| 215|0x00000000ed700000, 0x00000000ed700000, 0x00000000ed800000|  0%| F|  |TAMS 0x00000000ed700000, 0x00000000ed700000| Untracked 
| 216|0x00000000ed800000, 0x00000000ed800000, 0x00000000ed900000|  0%| F|  |TAMS 0x00000000ed800000, 0x00000000ed800000| Untracked 
| 217|0x00000000ed900000, 0x00000000ed900000, 0x00000000eda00000|  0%| F|  |TAMS 0x00000000ed900000, 0x00000000ed900000| Untracked 
| 218|0x00000000eda00000, 0x00000000eda00000, 0x00000000edb00000|  0%| F|  |TAMS 0x00000000eda00000, 0x00000000eda00000| Untracked 
| 219|0x00000000edb00000, 0x00000000edb00000, 0x00000000edc00000|  0%| F|  |TAMS 0x00000000edb00000, 0x00000000edb00000| Untracked 
| 220|0x00000000edc00000, 0x00000000edc00000, 0x00000000edd00000|  0%| F|  |TAMS 0x00000000edc00000, 0x00000000edc00000| Untracked 
| 221|0x00000000edd00000, 0x00000000edd00000, 0x00000000ede00000|  0%| F|  |TAMS 0x00000000edd00000, 0x00000000edd00000| Untracked 
| 222|0x00000000ede00000, 0x00000000ede00000, 0x00000000edf00000|  0%| F|  |TAMS 0x00000000ede00000, 0x00000000ede00000| Untracked 
| 223|0x00000000edf00000, 0x00000000edf00000, 0x00000000ee000000|  0%| F|  |TAMS 0x00000000edf00000, 0x00000000edf00000| Untracked 
| 224|0x00000000ee000000, 0x00000000ee000000, 0x00000000ee100000|  0%| F|  |TAMS 0x00000000ee000000, 0x00000000ee000000| Untracked 
| 225|0x00000000ee100000, 0x00000000ee100000, 0x00000000ee200000|  0%| F|  |TAMS 0x00000000ee100000, 0x00000000ee100000| Untracked 
| 226|0x00000000ee200000, 0x00000000ee200000, 0x00000000ee300000|  0%| F|  |TAMS 0x00000000ee200000, 0x00000000ee200000| Untracked 
| 227|0x00000000ee300000, 0x00000000ee300000, 0x00000000ee400000|  0%| F|  |TAMS 0x00000000ee300000, 0x00000000ee300000| Untracked 
| 228|0x00000000ee400000, 0x00000000ee400000, 0x00000000ee500000|  0%| F|  |TAMS 0x00000000ee400000, 0x00000000ee400000| Untracked 
| 229|0x00000000ee500000, 0x00000000ee500000, 0x00000000ee600000|  0%| F|  |TAMS 0x00000000ee500000, 0x00000000ee500000| Untracked 
| 230|0x00000000ee600000, 0x00000000ee600000, 0x00000000ee700000|  0%| F|  |TAMS 0x00000000ee600000, 0x00000000ee600000| Untracked 
| 231|0x00000000ee700000, 0x00000000ee800000, 0x00000000ee800000|100%| E|  |TAMS 0x00000000ee700000, 0x00000000ee700000| Complete 
| 232|0x00000000ee800000, 0x00000000ee900000, 0x00000000ee900000|100%| E|CS|TAMS 0x00000000ee800000, 0x00000000ee800000| Complete 
| 233|0x00000000ee900000, 0x00000000eea00000, 0x00000000eea00000|100%| E|CS|TAMS 0x00000000ee900000, 0x00000000ee900000| Complete 
| 234|0x00000000eea00000, 0x00000000eeb00000, 0x00000000eeb00000|100%| E|CS|TAMS 0x00000000eea00000, 0x00000000eea00000| Complete 
| 235|0x00000000eeb00000, 0x00000000eec00000, 0x00000000eec00000|100%| E|CS|TAMS 0x00000000eeb00000, 0x00000000eeb00000| Complete 
| 236|0x00000000eec00000, 0x00000000eed00000, 0x00000000eed00000|100%| E|CS|TAMS 0x00000000eec00000, 0x00000000eec00000| Complete 
| 237|0x00000000eed00000, 0x00000000eee00000, 0x00000000eee00000|100%| E|CS|TAMS 0x00000000eed00000, 0x00000000eed00000| Complete 
| 238|0x00000000eee00000, 0x00000000eef00000, 0x00000000eef00000|100%| E|CS|TAMS 0x00000000eee00000, 0x00000000eee00000| Complete 
| 239|0x00000000eef00000, 0x00000000ef000000, 0x00000000ef000000|100%| E|CS|TAMS 0x00000000eef00000, 0x00000000eef00000| Complete 
| 240|0x00000000ef000000, 0x00000000ef100000, 0x00000000ef100000|100%| E|CS|TAMS 0x00000000ef000000, 0x00000000ef000000| Complete 
| 241|0x00000000ef100000, 0x00000000ef1adfd8, 0x00000000ef200000| 67%| S|CS|TAMS 0x00000000ef100000, 0x00000000ef100000| Complete 
| 242|0x00000000ef200000, 0x00000000ef300000, 0x00000000ef300000|100%| S|CS|TAMS 0x00000000ef200000, 0x00000000ef200000| Complete 
| 243|0x00000000ef300000, 0x00000000ef400000, 0x00000000ef400000|100%| E|CS|TAMS 0x00000000ef300000, 0x00000000ef300000| Complete 
| 244|0x00000000ef400000, 0x00000000ef500000, 0x00000000ef500000|100%| E|CS|TAMS 0x00000000ef400000, 0x00000000ef400000| Complete 
| 245|0x00000000ef500000, 0x00000000ef600000, 0x00000000ef600000|100%| E|CS|TAMS 0x00000000ef500000, 0x00000000ef500000| Complete 
| 246|0x00000000ef600000, 0x00000000ef700000, 0x00000000ef700000|100%| E|CS|TAMS 0x00000000ef600000, 0x00000000ef600000| Complete 
| 247|0x00000000ef700000, 0x00000000ef800000, 0x00000000ef800000|100%| E|CS|TAMS 0x00000000ef700000, 0x00000000ef700000| Complete 
| 248|0x00000000ef800000, 0x00000000ef900000, 0x00000000ef900000|100%| E|CS|TAMS 0x00000000ef800000, 0x00000000ef800000| Complete 
| 249|0x00000000ef900000, 0x00000000efa00000, 0x00000000efa00000|100%| E|CS|TAMS 0x00000000ef900000, 0x00000000ef900000| Complete 
| 250|0x00000000efa00000, 0x00000000efb00000, 0x00000000efb00000|100%| E|CS|TAMS 0x00000000efa00000, 0x00000000efa00000| Complete 
| 251|0x00000000efb00000, 0x00000000efc00000, 0x00000000efc00000|100%| E|CS|TAMS 0x00000000efb00000, 0x00000000efb00000| Complete 
| 252|0x00000000efc00000, 0x00000000efd00000, 0x00000000efd00000|100%| E|CS|TAMS 0x00000000efc00000, 0x00000000efc00000| Complete 
| 253|0x00000000efd00000, 0x00000000efe00000, 0x00000000efe00000|100%| E|CS|TAMS 0x00000000efd00000, 0x00000000efd00000| Complete 
| 254|0x00000000efe00000, 0x00000000eff00000, 0x00000000eff00000|100%| E|CS|TAMS 0x00000000efe00000, 0x00000000efe00000| Complete 
| 255|0x00000000eff00000, 0x00000000f0000000, 0x00000000f0000000|100%| E|CS|TAMS 0x00000000eff00000, 0x00000000eff00000| Complete 

Card table byte_map: [0x000001bac6a80000,0x000001bac6b80000] _byte_map_base: 0x000001bac6380000

Marking Bits (Prev, Next): (CMBitMap*) 0x000001baafb884d0, (CMBitMap*) 0x000001baafb88490
 Prev Bits: [0x000001bac7480000, 0x000001bac7c80000)
 Next Bits: [0x000001bac6c80000, 0x000001bac7480000)

Polling page: 0x000001baaf320000

Metaspace:

Usage:
  Non-class:     20.16 MB used.
      Class:      3.52 MB used.
       Both:     23.68 MB used.

Virtual space:
  Non-class space:       24.00 MB reserved,      20.38 MB ( 85%) committed,  3 nodes.
      Class space:      308.00 MB reserved,       3.69 MB (  1%) committed,  1 nodes.
             Both:      332.00 MB reserved,      24.06 MB (  7%) committed. 

Chunk freelists:
   Non-Class:  3.44 MB
       Class:  352.00 KB
        Both:  3.78 MB

MaxMetaspaceSize: 384.00 MB
CompressedClassSpaceSize: 308.00 MB
Initial GC threshold: 21.00 MB
Current GC threshold: 35.25 MB
CDS: on
MetaspaceReclaimPolicy: balanced
 - commit_granule_bytes: 65536.
 - commit_granule_words: 8192.
 - virtual_space_node_default_size: 1048576.
 - enlarge_chunks_in_place: 1.
 - new_chunks_are_fully_committed: 0.
 - uncommit_free_chunks: 1.
 - use_allocation_guard: 0.
 - handle_deallocations: 1.


Internal statistics:

num_allocs_failed_limit: 3.
num_arena_births: 254.
num_arena_deaths: 0.
num_vsnodes_births: 4.
num_vsnodes_deaths: 0.
num_space_committed: 385.
num_space_uncommitted: 0.
num_chunks_returned_to_freelist: 3.
num_chunks_taken_from_freelist: 1110.
num_chunk_merges: 3.
num_chunk_splits: 761.
num_chunks_enlarged: 562.
num_purges: 0.
num_inconsistent_stats: 0.

CodeHeap 'non-profiled nmethods': size=120000Kb used=1589Kb max_used=1589Kb free=118410Kb
 bounds [0x000001babf120000, 0x000001babf390000, 0x000001bac6650000]
CodeHeap 'profiled nmethods': size=120000Kb used=6506Kb max_used=6506Kb free=113493Kb
 bounds [0x000001bab7650000, 0x000001bab7cb0000, 0x000001babeb80000]
CodeHeap 'non-nmethods': size=5760Kb used=1236Kb max_used=1310Kb free=4523Kb
 bounds [0x000001babeb80000, 0x000001babedf0000, 0x000001babf120000]
 total_blobs=3623 nmethods=3077 adapters=458
 compilation: enabled
              stopped_count=0, restarted_count=0
 full_count=0

Compilation events (20 events):
Event: 148.260 Thread 0x000001baca6ab990 nmethod 3074 0x000001bab7ca8d10 code [0x000001bab7ca8ee0, 0x000001bab7ca94e8]
Event: 148.260 Thread 0x000001baca6ab990 3075   !   3       sun.nio.ch.NativeThreadSet::remove (50 bytes)
Event: 148.261 Thread 0x000001baca6ab990 nmethod 3075 0x000001bab7ca9790 code [0x000001bab7ca9940, 0x000001bab7ca9c28]
Event: 149.406 Thread 0x000001baca6ab990 3076       1       java.util.stream.ReduceOps$Box::get (5 bytes)
Event: 149.406 Thread 0x000001baca6ab990 nmethod 3076 0x000001babf2ac590 code [0x000001babf2ac720, 0x000001babf2ac7f8]
Event: 149.809 Thread 0x000001baca6aaef0 3077       4       java.lang.ref.WeakReference::<init> (7 bytes)
Event: 149.813 Thread 0x000001baca6aaef0 nmethod 3077 0x000001babf2ac890 code [0x000001babf2aca00, 0x000001babf2acc58]
Event: 150.248 Thread 0x000001baca6ab990 3078       3       java.lang.Long::hashCode (8 bytes)
Event: 150.249 Thread 0x000001baca6ab990 nmethod 3078 0x000001bab7ca9d90 code [0x000001bab7ca9f20, 0x000001bab7caa068]
Event: 150.249 Thread 0x000001baca6ab990 3079       3       java.lang.Long::hashCode (8 bytes)
Event: 150.249 Thread 0x000001baca6ab990 nmethod 3079 0x000001bab7caa110 code [0x000001bab7caa2a0, 0x000001bab7caa398]
Event: 150.289 Thread 0x000001baca6ab990 3080       3       java.util.HashMap::afterNodeRemoval (1 bytes)
Event: 150.290 Thread 0x000001baca6ab990 nmethod 3080 0x000001bab7caa410 code [0x000001bab7caa5a0, 0x000001bab7caa6b8]
Event: 150.859 Thread 0x000001baca6ab990 3081       3       java.lang.Math::max (12 bytes)
Event: 150.859 Thread 0x000001baca6ab990 nmethod 3081 0x000001bab7caa790 code [0x000001bab7caa920, 0x000001bab7caaa58]
Event: 150.952 Thread 0x000001baca6aaef0 3082       4       org.gradle.internal.serialize.InputStreamBackedDecoder::readString (8 bytes)
Event: 150.954 Thread 0x000001baca6aaef0 nmethod 3082 0x000001babf2acd10 code [0x000001babf2acea0, 0x000001babf2acf68]
Event: 150.964 Thread 0x000001baca6ab990 3083       1       org.gradle.launcher.daemon.registry.DaemonInfo::getState (5 bytes)
Event: 150.964 Thread 0x000001baca6ab990 nmethod 3083 0x000001babf2ad010 code [0x000001babf2ad1a0, 0x000001babf2ad278]
Event: 150.974 Thread 0x000001baca6aaef0 3084       4       java.io.File::equals (28 bytes)

GC Heap History (20 events):
Event: 52.981 GC heap before
{Heap before GC invocations=1 (full 0):
 garbage-first heap   total 262144K, used 19798K [0x00000000e0000000, 0x0000000100000000)
  region size 1024K, 12 young (12288K), 3 survivors (3072K)
 Metaspace       used 3951K, committed 4160K, reserved 323584K
  class space    used 490K, committed 576K, reserved 315392K
}
Event: 52.992 GC heap after
{Heap after GC invocations=2 (full 0):
 garbage-first heap   total 262144K, used 11453K [0x00000000e0000000, 0x0000000100000000)
  region size 1024K, 1 young (1024K), 1 survivors (1024K)
 Metaspace       used 3951K, committed 4160K, reserved 323584K
  class space    used 490K, committed 576K, reserved 315392K
}
Event: 64.418 GC heap before
{Heap before GC invocations=2 (full 0):
 garbage-first heap   total 262144K, used 22717K [0x00000000e0000000, 0x0000000100000000)
  region size 1024K, 12 young (12288K), 1 survivors (1024K)
 Metaspace       used 4007K, committed 4160K, reserved 323584K
  class space    used 490K, committed 576K, reserved 315392K
}
Event: 64.562 GC heap after
{Heap after GC invocations=3 (full 0):
 garbage-first heap   total 262144K, used 13090K [0x00000000e0000000, 0x0000000100000000)
  region size 1024K, 2 young (2048K), 2 survivors (2048K)
 Metaspace       used 4007K, committed 4160K, reserved 323584K
  class space    used 490K, committed 576K, reserved 315392K
}
Event: 90.723 GC heap before
{Heap before GC invocations=3 (full 0):
 garbage-first heap   total 262144K, used 23330K [0x00000000e0000000, 0x0000000100000000)
  region size 1024K, 12 young (12288K), 2 survivors (2048K)
 Metaspace       used 4414K, committed 4608K, reserved 323584K
  class space    used 581K, committed 704K, reserved 315392K
}
Event: 90.797 GC heap after
{Heap after GC invocations=4 (full 0):
 garbage-first heap   total 262144K, used 15973K [0x00000000e0000000, 0x0000000100000000)
  region size 1024K, 2 young (2048K), 2 survivors (2048K)
 Metaspace       used 4414K, committed 4608K, reserved 323584K
  class space    used 581K, committed 704K, reserved 315392K
}
Event: 106.643 GC heap before
{Heap before GC invocations=4 (full 0):
 garbage-first heap   total 262144K, used 26213K [0x00000000e0000000, 0x0000000100000000)
  region size 1024K, 12 young (12288K), 2 survivors (2048K)
 Metaspace       used 7211K, committed 7424K, reserved 323584K
  class space    used 985K, committed 1088K, reserved 315392K
}
Event: 106.860 GC heap after
{Heap after GC invocations=5 (full 0):
 garbage-first heap   total 262144K, used 17714K [0x00000000e0000000, 0x0000000100000000)
  region size 1024K, 2 young (2048K), 2 survivors (2048K)
 Metaspace       used 7211K, committed 7424K, reserved 323584K
  class space    used 985K, committed 1088K, reserved 315392K
}
Event: 116.477 GC heap before
{Heap before GC invocations=5 (full 0):
 garbage-first heap   total 262144K, used 30002K [0x00000000e0000000, 0x0000000100000000)
  region size 1024K, 14 young (14336K), 2 survivors (2048K)
 Metaspace       used 10249K, committed 10496K, reserved 331776K
  class space    used 1388K, committed 1536K, reserved 315392K
}
Event: 116.626 GC heap after
{Heap after GC invocations=6 (full 0):
 garbage-first heap   total 262144K, used 19080K [0x00000000e0000000, 0x0000000100000000)
  region size 1024K, 2 young (2048K), 2 survivors (2048K)
 Metaspace       used 10249K, committed 10496K, reserved 331776K
  class space    used 1388K, committed 1536K, reserved 315392K
}
Event: 118.661 GC heap before
{Heap before GC invocations=6 (full 0):
 garbage-first heap   total 262144K, used 28296K [0x00000000e0000000, 0x0000000100000000)
  region size 1024K, 12 young (12288K), 2 survivors (2048K)
 Metaspace       used 12219K, committed 12480K, reserved 331776K
  class space    used 1686K, committed 1792K, reserved 315392K
}
Event: 118.666 GC heap after
{Heap after GC invocations=7 (full 0):
 garbage-first heap   total 262144K, used 19520K [0x00000000e0000000, 0x0000000100000000)
  region size 1024K, 1 young (1024K), 1 survivors (1024K)
 Metaspace       used 12219K, committed 12480K, reserved 331776K
  class space    used 1686K, committed 1792K, reserved 315392K
}
Event: 129.209 GC heap before
{Heap before GC invocations=7 (full 0):
 garbage-first heap   total 262144K, used 42048K [0x00000000e0000000, 0x0000000100000000)
  region size 1024K, 23 young (23552K), 1 survivors (1024K)
 Metaspace       used 15725K, committed 16000K, reserved 331776K
  class space    used 2246K, committed 2368K, reserved 315392K
}
Event: 129.369 GC heap after
{Heap after GC invocations=8 (full 0):
 garbage-first heap   total 262144K, used 20609K [0x00000000e0000000, 0x0000000100000000)
  region size 1024K, 2 young (2048K), 2 survivors (2048K)
 Metaspace       used 15725K, committed 16000K, reserved 331776K
  class space    used 2246K, committed 2368K, reserved 315392K
}
Event: 131.059 GC heap before
{Heap before GC invocations=8 (full 0):
 garbage-first heap   total 262144K, used 30849K [0x00000000e0000000, 0x0000000100000000)
  region size 1024K, 12 young (12288K), 2 survivors (2048K)
 Metaspace       used 16941K, committed 17280K, reserved 331776K
  class space    used 2457K, committed 2624K, reserved 315392K
}
Event: 131.063 GC heap after
{Heap after GC invocations=9 (full 0):
 garbage-first heap   total 262144K, used 21409K [0x00000000e0000000, 0x0000000100000000)
  region size 1024K, 1 young (1024K), 1 survivors (1024K)
 Metaspace       used 16941K, committed 17280K, reserved 331776K
  class space    used 2457K, committed 2624K, reserved 315392K
}
Event: 137.586 GC heap before
{Heap before GC invocations=9 (full 0):
 garbage-first heap   total 262144K, used 40865K [0x00000000e0000000, 0x0000000100000000)
  region size 1024K, 20 young (20480K), 1 survivors (1024K)
 Metaspace       used 19699K, committed 20032K, reserved 339968K
  class space    used 2891K, committed 3072K, reserved 315392K
}
Event: 137.591 GC heap after
{Heap after GC invocations=10 (full 0):
 garbage-first heap   total 262144K, used 22800K [0x00000000e0000000, 0x0000000100000000)
  region size 1024K, 3 young (3072K), 3 survivors (3072K)
 Metaspace       used 19699K, committed 20032K, reserved 339968K
  class space    used 2891K, committed 3072K, reserved 315392K
}
Event: 140.516 GC heap before
{Heap before GC invocations=10 (full 0):
 garbage-first heap   total 262144K, used 35088K [0x00000000e0000000, 0x0000000100000000)
  region size 1024K, 16 young (16384K), 3 survivors (3072K)
 Metaspace       used 21202K, committed 21504K, reserved 339968K
  class space    used 3147K, committed 3328K, reserved 315392K
}
Event: 140.525 GC heap after
{Heap after GC invocations=11 (full 0):
 garbage-first heap   total 262144K, used 22963K [0x00000000e0000000, 0x0000000100000000)
  region size 1024K, 2 young (2048K), 2 survivors (2048K)
 Metaspace       used 21202K, committed 21504K, reserved 339968K
  class space    used 3147K, committed 3328K, reserved 315392K
}

Dll operation events (14 events):
Event: 0.045 Loaded shared library C:\Users\dell\.jdks\corretto-17.0.6\bin\java.dll
Event: 0.274 Loaded shared library C:\Users\dell\.jdks\corretto-17.0.6\bin\jsvml.dll
Event: 1.305 Loaded shared library C:\Users\dell\.jdks\corretto-17.0.6\bin\zip.dll
Event: 1.547 Loaded shared library C:\Users\dell\.jdks\corretto-17.0.6\bin\instrument.dll
Event: 1.691 Loaded shared library C:\Users\dell\.jdks\corretto-17.0.6\bin\net.dll
Event: 1.739 Loaded shared library C:\Users\dell\.jdks\corretto-17.0.6\bin\nio.dll
Event: 1.785 Loaded shared library C:\Users\dell\.jdks\corretto-17.0.6\bin\zip.dll
Event: 3.786 Loaded shared library C:\Users\dell\.jdks\corretto-17.0.6\bin\jimage.dll
Event: 4.339 Loaded shared library C:\Users\dell\.jdks\corretto-17.0.6\bin\verify.dll
Event: 7.317 Loaded shared library C:\Users\dell\.gradle\native\68d5fa5c4cc2d200863cafc0d521ce42e7d3e7ee720ec0a83991735586a16f82\windows-amd64\native-platform.dll
Event: 8.515 Loaded shared library C:\Users\dell\.gradle\native\e376f236ea51e6404a007f0833ffe2c6e607c4080706a723a18a27aeea778392\windows-amd64\native-platform-file-events.dll
Event: 94.551 Loaded shared library C:\Users\dell\.jdks\corretto-17.0.6\bin\management.dll
Event: 94.586 Loaded shared library C:\Users\dell\.jdks\corretto-17.0.6\bin\management_ext.dll
Event: 113.185 Loaded shared library C:\Users\dell\.jdks\corretto-17.0.6\bin\sunmscapi.dll

Deoptimization events (20 events):
Event: 133.944 Thread 0x000001bacb077690 Uncommon trap: trap_request=0xffffff45 fr.pc=0x000001babf144a04 relative=0x00000000000000e4
Event: 133.944 Thread 0x000001bacb077690 Uncommon trap: reason=unstable_if action=reinterpret pc=0x000001babf144a04 method=java.util.HashMap.hash(Ljava/lang/Object;)I @ 1 c2
Event: 133.944 Thread 0x000001bacb077690 DEOPT PACKING pc=0x000001babf144a04 sp=0x00000077727f9e40
Event: 133.944 Thread 0x000001bacb077690 DEOPT UNPACKING pc=0x000001babebd69a3 sp=0x00000077727f9d80 mode 2
Event: 136.512 Thread 0x000001bacb077690 Uncommon trap: trap_request=0xffffff76 fr.pc=0x000001babf26e320 relative=0x0000000000000180
Event: 136.512 Thread 0x000001bacb077690 Uncommon trap: reason=predicate action=maybe_recompile pc=0x000001babf26e320 method=com.google.common.base.CharMatcher.indexIn(Ljava/lang/CharSequence;I)I @ 19 c2
Event: 136.512 Thread 0x000001bacb077690 DEOPT PACKING pc=0x000001babf26e320 sp=0x00000077727fa5b0
Event: 136.512 Thread 0x000001bacb077690 DEOPT UNPACKING pc=0x000001babebd69a3 sp=0x00000077727fa540 mode 2
Event: 140.698 Thread 0x000001bacb077690 Uncommon trap: trap_request=0xffffff45 fr.pc=0x000001babf161b30 relative=0x00000000000005f0
Event: 140.698 Thread 0x000001bacb077690 Uncommon trap: reason=unstable_if action=reinterpret pc=0x000001babf161b30 method=java.util.HashMap.hash(Ljava/lang/Object;)I @ 1 c2
Event: 140.698 Thread 0x000001bacb077690 DEOPT PACKING pc=0x000001babf161b30 sp=0x00000077727f7ec0
Event: 140.698 Thread 0x000001bacb077690 DEOPT UNPACKING pc=0x000001babebd69a3 sp=0x00000077727f7d68 mode 2
Event: 150.965 Thread 0x000001bacbb9ac70 Uncommon trap: trap_request=0xffffff45 fr.pc=0x000001babf15dfa4 relative=0x0000000000000664
Event: 150.965 Thread 0x000001bacbb9ac70 Uncommon trap: reason=unstable_if action=reinterpret pc=0x000001babf15dfa4 method=java.lang.AbstractStringBuilder.append(Ljava/lang/String;)Ljava/lang/AbstractStringBuilder; @ 1 c2
Event: 150.965 Thread 0x000001bacbb9ac70 DEOPT PACKING pc=0x000001babf15dfa4 sp=0x00000077721fe4c0
Event: 150.965 Thread 0x000001bacbb9ac70 DEOPT UNPACKING pc=0x000001babebd69a3 sp=0x00000077721fe440 mode 2
Event: 150.966 Thread 0x000001bacbb9ac70 Uncommon trap: trap_request=0xffffff45 fr.pc=0x000001babf15ec24 relative=0x0000000000000664
Event: 150.966 Thread 0x000001bacbb9ac70 Uncommon trap: reason=unstable_if action=reinterpret pc=0x000001babf15ec24 method=java.lang.AbstractStringBuilder.append(Ljava/lang/String;)Ljava/lang/AbstractStringBuilder; @ 1 c2
Event: 150.966 Thread 0x000001bacbb9ac70 DEOPT PACKING pc=0x000001babf15ec24 sp=0x00000077721fe460
Event: 150.966 Thread 0x000001bacbb9ac70 DEOPT UNPACKING pc=0x000001babebd69a3 sp=0x00000077721fe448 mode 2

Classes unloaded (0 events):
No events

Classes redefined (0 events):
No events

Internal exceptions (20 events):
Event: 137.029 Thread 0x000001bacb077690 Exception <a 'java/lang/NoSuchMethodError'{0x00000000eefbc6b8}: 'int java.lang.invoke.DirectMethodHandle$Holder.invokeVirtual(java.lang.Object, java.lang.Object)'> (0x00000000eefbc6b8) 
thrown [s\src\hotspot\share\interpreter\linkResolver.cpp, line 759]
Event: 137.032 Thread 0x000001bacb077690 Exception <a 'java/lang/NoSuchMethodError'{0x00000000eefced50}: 'java.lang.Object java.lang.invoke.DirectMethodHandle$Holder.invokeStaticInit(java.lang.Object, java.lang.Object, java.lang.Object)'> (0x00000000eefced50) 
thrown [s\src\hotspot\share\interpreter\linkResolver.cpp, line 759]
Event: 137.038 Thread 0x000001bacb077690 Exception <a 'java/lang/NoSuchMethodError'{0x00000000eefe3e20}: 'int java.lang.invoke.DirectMethodHandle$Holder.invokeVirtual(java.lang.Object, java.lang.Object, java.lang.Object)'> (0x00000000eefe3e20) 
thrown [s\src\hotspot\share\interpreter\linkResolver.cpp, line 759]
Event: 139.714 Thread 0x000001bacb077690 Exception <a 'java/lang/NoSuchMethodError'{0x00000000ef89b1f8}: 'java.lang.Object java.lang.invoke.DirectMethodHandle$Holder.invokeSpecialIFC(java.lang.Object, java.lang.Object, java.lang.Object, java.lang.Object)'> (0x00000000ef89b1f8) 
thrown [s\src\hotspot\share\interpreter\linkResolver.cpp, line 759]
Event: 140.698 Thread 0x000001bacb077690 Implicit null exception at 0x000001babf16158f to 0x000001babf161b10
Event: 141.065 Thread 0x000001bacb077690 Exception <a 'java/lang/NoSuchMethodError'{0x00000000efc346c8}: 'java.lang.Object java.lang.invoke.DirectMethodHandle$Holder.invokeSpecial(java.lang.Object, java.lang.Object, java.lang.Object, java.lang.Object, java.lang.Object, java.lang.Object, java.lang.Object, java.lang.Object, java.lang.Object, java.lang.Object, java.lang.Object, java.lang.Object, java.lang.Object)'> (0x00000000efc346c8) 
thrown [s\src\hotspot\share\interpreter\linkResolver.cpp, line 759]
Event: 141.066 Thread 0x000001bacb077690 Exception <a 'java/lang/NoSuchMethodError'{0x00000000efc45d88}: 'java.lang.Object java.lang.invoke.DirectMethodHandle$Holder.newInvokeSpecial(java.lang.Object, java.lang.Object, java.lang.Object, java.lang.Object, java.lang.Object, java.lang.Object, java.lang.Object, java.lang.Object, java.lang.Object, java.lang.Object, java.lang.Object)'> (0x00000000efc45d88) 
thrown [s\src\hotspot\share\interpreter\linkResolver.cpp, line 759]
Event: 141.067 Thread 0x000001bacb077690 Exception <a 'java/lang/NoSuchMethodError'{0x00000000efc4b8c0}: 'java.lang.Object java.lang.invoke.DirectMethodHandle$Holder.invokeSpecial(java.lang.Object, java.lang.Object, java.lang.Object, java.lang.Object, java.lang.Object, java.lang.Object, java.lang.Object, java.lang.Object, java.lang.Object, java.lang.Object, java.lang.Object, java.lang.Object)'> (0x00000000efc4b8c0) 
thrown [s\src\hotspot\share\interpreter\linkResolver.cpp, line 759]
Event: 141.067 Thread 0x000001bacb077690 Exception <a 'java/lang/NoSuchMethodError'{0x00000000efc50f58}: 'java.lang.Object java.lang.invoke.Invokers$Holder.linkToTargetMethod(java.lang.Object, java.lang.Object, java.lang.Object, java.lang.Object, java.lang.Object, java.lang.Object, java.lang.Object, java.lang.Object, java.lang.Object, java.lang.Object, java.lang.Object)'> (0x00000000efc50f58) 
thrown [s\src\hotspot\share\interpreter\linkResolver.cpp, line 759]
Event: 141.080 Thread 0x000001bacb077690 Exception <a 'java/lang/NoSuchMethodError'{0x00000000efc9c590}: 'java.lang.Object java.lang.invoke.DirectMethodHandle$Holder.invokeSpecial(java.lang.Object, java.lang.Object, java.lang.Object, java.lang.Object, java.lang.Object, java.lang.Object, java.lang.Object, java.lang.Object, java.lang.Object, java.lang.Object, java.lang.Object, java.lang.Object, java.lang.Object, java.lang.Object)'> (0x00000000efc9c590) 
thrown [s\src\hotspot\share\interpreter\linkResolver.cpp, line 759]
Event: 141.082 Thread 0x000001bacb077690 Exception <a 'java/lang/NoSuchMethodError'{0x00000000efcae940}: 'java.lang.Object java.lang.invoke.DirectMethodHandle$Holder.newInvokeSpecial(java.lang.Object, java.lang.Object, java.lang.Object, java.lang.Object, java.lang.Object, java.lang.Object, java.lang.Object, java.lang.Object, java.lang.Object, java.lang.Object, java.lang.Object, java.lang.Object)'> (0x00000000efcae940) 
thrown [s\src\hotspot\share\interpreter\linkResolver.cpp, line 759]
Event: 141.083 Thread 0x000001bacb077690 Exception <a 'java/lang/NoSuchMethodError'{0x00000000efcb42d8}: 'java.lang.Object java.lang.invoke.Invokers$Holder.linkToTargetMethod(java.lang.Object, java.lang.Object, java.lang.Object, java.lang.Object, java.lang.Object, java.lang.Object, java.lang.Object, java.lang.Object, java.lang.Object, java.lang.Object, java.lang.Object, java.lang.Object)'> (0x00000000efcb42d8) 
thrown [s\src\hotspot\share\interpreter\linkResolver.cpp, line 759]
Event: 141.120 Thread 0x000001bacb077690 Exception <a 'java/lang/NoSuchMethodError'{0x00000000efced3c0}: 'java.lang.Object java.lang.invoke.DirectMethodHandle$Holder.newInvokeSpecial(java.lang.Object, java.lang.Object, java.lang.Object, java.lang.Object, java.lang.Object, java.lang.Object, java.lang.Object, java.lang.Object, java.lang.Object, java.lang.Object)'> (0x00000000efced3c0) 
thrown [s\src\hotspot\share\interpreter\linkResolver.cpp, line 759]
Event: 141.125 Thread 0x000001bacb077690 Exception <a 'java/lang/NoSuchMethodError'{0x00000000efcf22a8}: 'java.lang.Object java.lang.invoke.Invokers$Holder.linkToTargetMethod(java.lang.Object, java.lang.Object, java.lang.Object, java.lang.Object, java.lang.Object, java.lang.Object, java.lang.Object, java.lang.Object, java.lang.Object, java.lang.Object)'> (0x00000000efcf22a8) 
thrown [s\src\hotspot\share\interpreter\linkResolver.cpp, line 759]
Event: 141.600 Thread 0x000001bacb077690 Exception <a 'java/lang/NoSuchMethodError'{0x00000000efb48030}: 'java.lang.Object java.lang.invoke.DirectMethodHandle$Holder.invokeStaticInit(java.lang.Object, java.lang.Object, java.lang.Object, java.lang.Object)'> (0x00000000efb48030) 
thrown [s\src\hotspot\share\interpreter\linkResolver.cpp, line 759]
Event: 143.700 Thread 0x000001bacb077690 Exception <a 'java/lang/NoSuchMethodError'{0x00000000eefbfb48}: 'java.lang.Object java.lang.invoke.DirectMethodHandle$Holder.newInvokeSpecial(java.lang.Object, java.lang.Object, java.lang.Object, java.lang.Object, java.lang.Object, java.lang.Object, java.lang.Object, java.lang.Object)'> (0x00000000eefbfb48) 
thrown [s\src\hotspot\share\interpreter\linkResolver.cpp, line 759]
Event: 143.700 Thread 0x000001bacb077690 Exception <a 'java/lang/NoSuchMethodError'{0x00000000eefc55c0}: 'java.lang.Object java.lang.invoke.Invokers$Holder.linkToTargetMethod(java.lang.Object, java.lang.Object, java.lang.Object, java.lang.Object, java.lang.Object, java.lang.Object, java.lang.Object, java.lang.Object)'> (0x00000000eefc55c0) 
thrown [s\src\hotspot\share\interpreter\linkResolver.cpp, line 759]
Event: 143.760 Thread 0x000001bacb077690 Exception <a 'java/lang/IncompatibleClassChangeError'{0x00000000eee31af8}: Found class java.lang.Object, but interface was expected> (0x00000000eee31af8) 
thrown [s\src\hotspot\share\interpreter\linkResolver.cpp, line 826]
Event: 150.965 Thread 0x000001bacbb9ac70 Implicit null exception at 0x000001babf15d972 to 0x000001babf15df8c
Event: 150.966 Thread 0x000001bacbb9ac70 Implicit null exception at 0x000001babf15e5f2 to 0x000001babf15ec0c

VM Operations (20 events):
Event: 139.688 Executing VM operation: Cleanup
Event: 139.704 Executing VM operation: Cleanup done
Event: 140.516 Executing VM operation: CollectForMetadataAllocation
Event: 140.526 Executing VM operation: CollectForMetadataAllocation done
Event: 140.655 Executing VM operation: G1Concurrent
Event: 140.674 Executing VM operation: G1Concurrent done
Event: 140.684 Executing VM operation: G1Concurrent
Event: 140.685 Executing VM operation: G1Concurrent done
Event: 140.706 Executing VM operation: HandshakeAllThreads
Event: 140.706 Executing VM operation: HandshakeAllThreads done
Event: 141.715 Executing VM operation: Cleanup
Event: 141.795 Executing VM operation: Cleanup done
Event: 142.811 Executing VM operation: Cleanup
Event: 142.814 Executing VM operation: Cleanup done
Event: 143.675 Executing VM operation: HandshakeAllThreads
Event: 143.676 Executing VM operation: HandshakeAllThreads done
Event: 144.690 Executing VM operation: Cleanup
Event: 144.690 Executing VM operation: Cleanup done
Event: 150.750 Executing VM operation: Cleanup
Event: 150.751 Executing VM operation: Cleanup done

Events (20 events):
Event: 140.717 loading class sun/reflect/generics/tree/IntSignature done
Event: 140.717 loading class sun/reflect/generics/tree/ArrayTypeSignature
Event: 140.718 loading class sun/reflect/generics/tree/ArrayTypeSignature done
Event: 140.730 loading class java/lang/SafeVarargs
Event: 140.731 loading class java/lang/SafeVarargs done
Event: 141.137 Thread 0x000001bacd249f30 Thread added: 0x000001bacd249f30
Event: 141.804 Thread 0x000001bacd24d8f0 Thread added: 0x000001bacd24d8f0
Event: 142.908 Thread 0x000001bacd24e760 Thread added: 0x000001bacd24e760
Event: 144.237 loading class java/util/regex/Pattern$Pos
Event: 144.237 loading class java/util/regex/Pattern$Pos done
Event: 144.320 loading class java/io/StringReader
Event: 144.321 loading class java/io/StringReader done
Event: 144.343 loading class java/lang/StrictMath
Event: 144.344 loading class java/lang/StrictMath done
Event: 144.344 loading class java/math/MutableBigInteger
Event: 144.347 loading class java/math/MutableBigInteger done
Event: 144.394 loading class java/lang/Process
Event: 144.395 loading class java/lang/Process done
Event: 144.395 loading class java/lang/ProcessBuilder
Event: 144.396 loading class java/lang/ProcessBuilder done


Dynamic libraries:
0x00007ff68e0e0000 - 0x00007ff68e0ed000 	C:\Users\dell\.jdks\corretto-17.0.6\bin\java.exe
0x00007ffa2d930000 - 0x00007ffa2db47000 	C:\WINDOWS\SYSTEM32\ntdll.dll
0x00007ffa2cf10000 - 0x00007ffa2cfd4000 	C:\WINDOWS\System32\KERNEL32.DLL
0x00007ffa2ade0000 - 0x00007ffa2b186000 	C:\WINDOWS\System32\KERNELBASE.dll
0x00007ffa2b440000 - 0x00007ffa2b551000 	C:\WINDOWS\System32\ucrtbase.dll
0x00007ffa19320000 - 0x00007ffa19337000 	C:\Users\dell\.jdks\corretto-17.0.6\bin\jli.dll
0x00007ffa2d520000 - 0x00007ffa2d6ce000 	C:\WINDOWS\System32\USER32.dll
0x00007ffa2b190000 - 0x00007ffa2b1b6000 	C:\WINDOWS\System32\win32u.dll
0x00007ffa2d8b0000 - 0x00007ffa2d8d9000 	C:\WINDOWS\System32\GDI32.dll
0x00007ffa2b2b0000 - 0x00007ffa2b3c8000 	C:\WINDOWS\System32\gdi32full.dll
0x00007ffa2b5e0000 - 0x00007ffa2b67a000 	C:\WINDOWS\System32\msvcp_win.dll
0x00007ffa19340000 - 0x00007ffa19355000 	C:\Users\dell\.jdks\corretto-17.0.6\bin\VCRUNTIME140.dll
0x00007ffa0df70000 - 0x00007ffa0e203000 	C:\WINDOWS\WinSxS\amd64_microsoft.windows.common-controls_6595b64144ccf1df_6.0.22621.2506_none_270c5ae97388e100\COMCTL32.dll
0x00007ffa2cdf0000 - 0x00007ffa2ce97000 	C:\WINDOWS\System32\msvcrt.dll
0x00007ffa2d870000 - 0x00007ffa2d8a1000 	C:\WINDOWS\System32\IMM32.DLL
0x00007ff9ec320000 - 0x00007ff9ec3bb000 	C:\Users\dell\.jdks\corretto-17.0.6\bin\msvcp140.dll
0x00007ff9d6c40000 - 0x00007ff9d7858000 	C:\Users\dell\.jdks\corretto-17.0.6\bin\server\jvm.dll
0x00007ffa2d370000 - 0x00007ffa2d423000 	C:\WINDOWS\System32\ADVAPI32.dll
0x00007ffa2bb00000 - 0x00007ffa2bba8000 	C:\WINDOWS\System32\sechost.dll
0x00007ffa2b280000 - 0x00007ffa2b2a8000 	C:\WINDOWS\System32\bcrypt.dll
0x00007ffa2d060000 - 0x00007ffa2d177000 	C:\WINDOWS\System32\RPCRT4.dll
0x00007ffa0e880000 - 0x00007ffa0e889000 	C:\WINDOWS\SYSTEM32\WSOCK32.dll
0x00007ffa2cfe0000 - 0x00007ffa2d051000 	C:\WINDOWS\System32\WS2_32.dll
0x00007ffa24120000 - 0x00007ffa24154000 	C:\WINDOWS\SYSTEM32\WINMM.dll
0x00007ffa1dc40000 - 0x00007ffa1dc4a000 	C:\WINDOWS\SYSTEM32\VERSION.dll
0x00007ffa29c70000 - 0x00007ffa29c88000 	C:\WINDOWS\SYSTEM32\kernel.appcore.dll
0x00007ffa18160000 - 0x00007ffa1816a000 	C:\Users\dell\.jdks\corretto-17.0.6\bin\jimage.dll
0x00007ffa28350000 - 0x00007ffa28583000 	C:\WINDOWS\SYSTEM32\DBGHELP.DLL
0x00007ffa2b700000 - 0x00007ffa2ba89000 	C:\WINDOWS\System32\combase.dll
0x00007ffa2d430000 - 0x00007ffa2d507000 	C:\WINDOWS\System32\OLEAUT32.dll
0x00007ffa250c0000 - 0x00007ffa250f2000 	C:\WINDOWS\SYSTEM32\dbgcore.DLL
0x00007ffa2b560000 - 0x00007ffa2b5da000 	C:\WINDOWS\System32\bcryptPrimitives.dll
0x00007ffa23ea0000 - 0x00007ffa23eae000 	C:\Users\dell\.jdks\corretto-17.0.6\bin\instrument.dll
0x00007ffa16780000 - 0x00007ffa167a5000 	C:\Users\dell\.jdks\corretto-17.0.6\bin\java.dll
0x00007ff9e6860000 - 0x00007ff9e6936000 	C:\Users\dell\.jdks\corretto-17.0.6\bin\jsvml.dll
0x00007ffa2bc10000 - 0x00007ffa2c46b000 	C:\WINDOWS\System32\SHELL32.dll
0x00007ffa28b80000 - 0x00007ffa29476000 	C:\WINDOWS\SYSTEM32\windows.storage.dll
0x00007ffa28a40000 - 0x00007ffa28b7e000 	C:\WINDOWS\SYSTEM32\wintypes.dll
0x00007ffa2c5f0000 - 0x00007ffa2c6e3000 	C:\WINDOWS\System32\SHCORE.dll
0x00007ffa2c590000 - 0x00007ffa2c5ee000 	C:\WINDOWS\System32\shlwapi.dll
0x00007ffa2aba0000 - 0x00007ffa2abc6000 	C:\WINDOWS\SYSTEM32\profapi.dll
0x00007ffa18130000 - 0x00007ffa18148000 	C:\Users\dell\.jdks\corretto-17.0.6\bin\zip.dll
0x00007ffa16760000 - 0x00007ffa16779000 	C:\Users\dell\.jdks\corretto-17.0.6\bin\net.dll
0x00007ffa1da70000 - 0x00007ffa1dba7000 	C:\WINDOWS\SYSTEM32\WINHTTP.dll
0x00007ffa2a0f0000 - 0x00007ffa2a159000 	C:\WINDOWS\system32\mswsock.dll
0x00007ffa15310000 - 0x00007ffa15325000 	C:\Users\dell\.jdks\corretto-17.0.6\bin\nio.dll
0x00007ffa16850000 - 0x00007ffa16860000 	C:\Users\dell\.jdks\corretto-17.0.6\bin\verify.dll
0x00007ffa1e2c0000 - 0x00007ffa1e2e7000 	C:\Users\dell\.gradle\native\68d5fa5c4cc2d200863cafc0d521ce42e7d3e7ee720ec0a83991735586a16f82\windows-amd64\native-platform.dll
0x00007ff9ec1d0000 - 0x00007ff9ec314000 	C:\Users\dell\.gradle\native\e376f236ea51e6404a007f0833ffe2c6e607c4080706a723a18a27aeea778392\windows-amd64\native-platform-file-events.dll
0x00007ffa23d80000 - 0x00007ffa23d89000 	C:\Users\dell\.jdks\corretto-17.0.6\bin\management.dll
0x00007ffa23d70000 - 0x00007ffa23d7b000 	C:\Users\dell\.jdks\corretto-17.0.6\bin\management_ext.dll
0x00007ffa2c6f0000 - 0x00007ffa2c6f8000 	C:\WINDOWS\System32\PSAPI.DLL
0x00007ffa2a320000 - 0x00007ffa2a33b000 	C:\WINDOWS\SYSTEM32\CRYPTSP.dll
0x00007ffa29bd0000 - 0x00007ffa29c05000 	C:\WINDOWS\system32\rsaenh.dll
0x00007ffa2a1b0000 - 0x00007ffa2a1dc000 	C:\WINDOWS\SYSTEM32\USERENV.dll
0x00007ffa2a310000 - 0x00007ffa2a31c000 	C:\WINDOWS\SYSTEM32\CRYPTBASE.dll
0x00007ffa296e0000 - 0x00007ffa2970d000 	C:\WINDOWS\SYSTEM32\IPHLPAPI.DLL
0x00007ffa2cea0000 - 0x00007ffa2cea9000 	C:\WINDOWS\System32\NSI.dll
0x00007ffa1d6b0000 - 0x00007ffa1d6c9000 	C:\WINDOWS\SYSTEM32\dhcpcsvc6.DLL
0x00007ffa1d690000 - 0x00007ffa1d6af000 	C:\WINDOWS\SYSTEM32\dhcpcsvc.DLL
0x00007ffa29750000 - 0x00007ffa29849000 	C:\WINDOWS\SYSTEM32\DNSAPI.dll
0x00007ffa23b60000 - 0x00007ffa23b6e000 	C:\Users\dell\.jdks\corretto-17.0.6\bin\sunmscapi.dll
0x00007ffa2ac70000 - 0x00007ffa2add6000 	C:\WINDOWS\System32\CRYPT32.dll
0x00007ffa2a540000 - 0x00007ffa2a56e000 	C:\WINDOWS\SYSTEM32\ncrypt.dll
0x00007ffa2a500000 - 0x00007ffa2a537000 	C:\WINDOWS\SYSTEM32\NTASN1.dll
0x00007ff99ea70000 - 0x00007ff99ea78000 	C:\WINDOWS\system32\wshunix.dll

dbghelp: loaded successfully - version: 4.0.5 - missing functions: none
symbol engine: initialized successfully - sym options: 0x614 - pdb path: .;C:\Users\dell\.jdks\corretto-17.0.6\bin;C:\WINDOWS\SYSTEM32;C:\WINDOWS\WinSxS\amd64_microsoft.windows.common-controls_6595b64144ccf1df_6.0.22621.2506_none_270c5ae97388e100;C:\Users\dell\.jdks\corretto-17.0.6\bin\server;C:\Users\dell\.gradle\native\68d5fa5c4cc2d200863cafc0d521ce42e7d3e7ee720ec0a83991735586a16f82\windows-amd64;C:\Users\dell\.gradle\native\e376f236ea51e6404a007f0833ffe2c6e607c4080706a723a18a27aeea778392\windows-amd64

VM Arguments:
jvm_args: --add-opens=java.base/java.util=ALL-UNNAMED --add-opens=java.base/java.lang=ALL-UNNAMED --add-opens=java.base/java.lang.invoke=ALL-UNNAMED --add-opens=java.prefs/java.util.prefs=ALL-UNNAMED --add-opens=java.base/java.nio.charset=ALL-UNNAMED --add-opens=java.base/java.net=ALL-UNNAMED --add-opens=java.base/java.util.concurrent.atomic=ALL-UNNAMED -XX:MaxMetaspaceSize=384m -XX:+HeapDumpOnOutOfMemoryError -Xms256m -Xmx512m -Dfile.encoding=windows-1252 -Duser.country=US -Duser.language=en -Duser.variant -javaagent:C:\Java\gradle-8.2\lib\agents\gradle-instrumentation-agent-8.2.jar 
java_command: org.gradle.launcher.daemon.bootstrap.GradleDaemon 8.2
java_class_path (initial): C:\Java\gradle-8.2\lib\gradle-launcher-8.2.jar
Launcher Type: SUN_STANDARD

[Global flags]
     intx CICompilerCount                          = 4                                         {product} {ergonomic}
   size_t CompressedClassSpaceSize                 = 322961408                                 {product} {ergonomic}
     uint ConcGCThreads                            = 2                                         {product} {ergonomic}
     uint G1ConcRefinementThreads                  = 8                                         {product} {ergonomic}
   size_t G1HeapRegionSize                         = 1048576                                   {product} {ergonomic}
    uintx GCDrainStackTargetSize                   = 64                                        {product} {ergonomic}
     bool HeapDumpOnOutOfMemoryError               = true                                   {manageable} {command line}
   size_t InitialHeapSize                          = 268435456                                 {product} {command line}
   size_t MarkStackSize                            = 4194304                                   {product} {ergonomic}
   size_t MaxHeapSize                              = 536870912                                 {product} {command line}
   size_t MaxMetaspaceSize                         = 402653184                                 {product} {command line}
   size_t MaxNewSize                               = 321912832                                 {product} {ergonomic}
   size_t MinHeapDeltaBytes                        = 1048576                                   {product} {ergonomic}
   size_t MinHeapSize                              = 268435456                                 {product} {command line}
    uintx NonNMethodCodeHeapSize                   = 5839372                                {pd product} {ergonomic}
    uintx NonProfiledCodeHeapSize                  = 122909434                              {pd product} {ergonomic}
    uintx ProfiledCodeHeapSize                     = 122909434                              {pd product} {ergonomic}
    uintx ReservedCodeCacheSize                    = 251658240                              {pd product} {ergonomic}
     bool SegmentedCodeCache                       = true                                      {product} {ergonomic}
   size_t SoftMaxHeapSize                          = 536870912                              {manageable} {ergonomic}
     bool UseCompressedClassPointers               = true                           {product lp64_product} {ergonomic}
     bool UseCompressedOops                        = true                           {product lp64_product} {ergonomic}
     bool UseG1GC                                  = true                                      {product} {ergonomic}
     bool UseLargePagesIndividualAllocation        = false                                  {pd product} {ergonomic}

Logging:
Log output configuration:
 #0: stdout all=warning uptime,level,tags
 #1: stderr all=off uptime,level,tags

Environment Variables:
JAVA_HOME=C:\Java\jdk-17.0.6
PATH=C:\Program Files\Common Files\Oracle\Java\javapath;C:\ProgramData\Oracle\Java\javapath;C:\WINDOWS\system32;C:\WINDOWS;C:\WINDOWS\System32\Wbem;C:\WINDOWS\System32\WindowsPowerShell\v1.0\;C:\WINDOWS\System32\OpenSSH\;C:\Program Files (x86)\Intel\Intel(R) Management Engine Components\DAL;C:\Program Files\Intel\Intel(R) Management Engine Components\DAL;C:\Program Files\Microsoft SQL Server\Client SDK\ODBC\170\Tools\Binn\;C:\Program Files (x86)\Microsoft SQL Server\150\Tools\Binn\;C:\Program Files\Microsoft SQL Server\150\Tools\Binn\;C:\Program Files\Microsoft SQL Server\150\DTS\Binn\;C:\Program Files (x86)\Microsoft SQL Server\150\DTS\Binn\;C:\Program Files\Azure Data Studio\bin;C:\Program Files\dotnet\;C:\Program Files\MongoDB\Server\5.0\bin;C:\Java\jdk-17.0.6\bin;C:\Program Files\Git\cmd;C:\Java\gradle-8.2\bin;C:\Program Files\Docker\Docker\resources\bin;C:\hadoop-3.3.6\hadoop-3.3.6\bin;C:\Program Files\Redis\;C:\Program Files\nodejs\;C:\Users\dell\AppData\Local\Programs\Python\Python39\Scripts\;C:\Users\dell\AppData\Local\Programs\Python\Python39\;C:\Users\dell\AppData\Local\Microsoft\WindowsApps;C:\Program Files\Azure Data Studio\bin;C:\Users\dell\AppData\Local\Programs\Microsoft VS Code\bin;C:\Users\dell\AppData\Local\Programs\mongosh\;C:\Program Files\heroku\bin;C:\Program Files\Java\jdk-17\bin;C:\Program Files\JetBrains\IntelliJ IDEA 2023.2\bin;;C:\Users\dell\.dotnet\tools;C:\Users\dell\AppData\Roaming\npm
USERNAME=dell
OS=Windows_NT
PROCESSOR_IDENTIFIER=Intel64 Family 6 Model 142 Stepping 12, GenuineIntel
TMP=C:\Users\dell\AppData\Local\Temp
TEMP=C:\Users\dell\AppData\Local\Temp



---------------  S Y S T E M  ---------------

OS:
 Windows 11 , 64 bit Build 22621 (10.0.22621.3085)
OS uptime: 1 days 15:30 hours
Hyper-V role detected

CPU: total 8 (initial active 8) (4 cores per cpu, 2 threads per core) family 6 model 142 stepping 12 microcode 0xf8, cx8, cmov, fxsr, ht, mmx, 3dnowpref, sse, sse2, sse3, ssse3, sse4.1, sse4.2, popcnt, lzcnt, tsc, tscinvbit, avx, avx2, aes, erms, clmul, bmi1, bmi2, adx, fma, vzeroupper, clflush, clflushopt, hv

Memory: 4k page, system-wide physical 8039M (138M free)
TotalPageFile size 32615M (AvailPageFile size 54M)
current process WorkingSet (physical memory assigned to process): 21M, peak: 132M
current process commit charge ("private bytes"): 402M, peak: 418M

vm_info: OpenJDK 64-Bit Server VM (17.0.6+10-LTS) for windows-amd64 JRE (17.0.6+10-LTS), built on Jan 13 2023 22:57:04 by "Administrator" with MS VC++ 15.9 (VS2017)

END.
