#
# There is insufficient memory for the Java Runtime Environment to continue.
# Native memory allocation (malloc) failed to allocate 32744 bytes for ChunkPool::allocate
# Possible reasons:
#   The system is out of physical RAM or swap space
#   The process is running with CompressedOops enabled, and the Java Heap may be blocking the growth of the native heap
# Possible solutions:
#   Reduce memory load on the system
#   Increase physical memory or swap space
#   Check if swap backing store is full
#   Decrease Java heap size (-Xmx/-Xms)
#   Decrease number of Java threads
#   Decrease Java thread stack sizes (-Xss)
#   Set larger code cache with -XX:ReservedCodeCacheSize=
#   JVM is running with Unscaled Compressed Oops mode in which the Java heap is
#     placed in the first 4GB address space. The Java Heap base address is the
#     maximum limit for the native heap growth. Please use -XX:HeapBaseMinAddress
#     to set the Java Heap base and to place the Java Heap above 4GB virtual address.
# This output file may be truncated or incomplete.
#
#  Out of Memory Error (arena.cpp:78), pid=24920, tid=28956
#
# JRE version: OpenJDK Runtime Environment Corretto-17.0.6.10.1 (17.0.6+10) (build 17.0.6+10-LTS)
# Java VM: OpenJDK 64-Bit Server VM Corretto-17.0.6.10.1 (17.0.6+10-LTS, mixed mode, sharing, tiered, compressed oops, compressed class ptrs, g1 gc, windows-amd64)
# No core dump will be written. Minidumps are not enabled by default on client versions of Windows
#

---------------  S U M M A R Y ------------

Command Line: --add-opens=java.base/java.util=ALL-UNNAMED --add-opens=java.base/java.lang=ALL-UNNAMED --add-opens=java.base/java.lang.invoke=ALL-UNNAMED --add-opens=java.prefs/java.util.prefs=ALL-UNNAMED --add-opens=java.base/java.nio.charset=ALL-UNNAMED --add-opens=java.base/java.net=ALL-UNNAMED --add-opens=java.base/java.util.concurrent.atomic=ALL-UNNAMED -XX:MaxMetaspaceSize=384m -XX:+HeapDumpOnOutOfMemoryError -Xms256m -Xmx512m -Dfile.encoding=windows-1252 -Duser.country=US -Duser.language=en -Duser.variant -javaagent:C:\Java\gradle-8.2\lib\agents\gradle-instrumentation-agent-8.2.jar org.gradle.launcher.daemon.bootstrap.GradleDaemon 8.2

Host: Intel(R) Core(TM) i5-10210U CPU @ 1.60GHz, 8 cores, 7G,  Windows 11 , 64 bit Build 22621 (10.0.22621.3085)
Time: Sun Mar 24 14:50:38 2024 SE Asia Standard Time elapsed time: 22.149797 seconds (0d 0h 0m 22s)

---------------  T H R E A D  ---------------

Current thread (0x000001a7c97e8350):  JavaThread "C2 CompilerThread0" daemon [_thread_in_native, id=28956, stack(0x0000004116200000,0x0000004116300000)]


Current CompileTask:
C2:  22164 2106       4       jdk.internal.org.objectweb.asm.Frame::execute (2305 bytes)

Stack: [0x0000004116200000,0x0000004116300000]
Native frames: (J=compiled Java code, j=interpreted, Vv=VM code, C=native code)
V  [jvm.dll+0x64b39a]
V  [jvm.dll+0x7ff044]
V  [jvm.dll+0x8007fe]
V  [jvm.dll+0x800e53]
V  [jvm.dll+0x235848]
V  [jvm.dll+0xbd088]
V  [jvm.dll+0xbd44c]
V  [jvm.dll+0x3546f8]
V  [jvm.dll+0x353ed1]
V  [jvm.dll+0x353f14]
V  [jvm.dll+0x539e46]
V  [jvm.dll+0x53a5c5]
V  [jvm.dll+0x319cfe]
V  [jvm.dll+0x31910a]
V  [jvm.dll+0x209ca5]
V  [jvm.dll+0x209237]
V  [jvm.dll+0x19926d]
V  [jvm.dll+0x2185dd]
V  [jvm.dll+0x216824]
V  [jvm.dll+0x7b77bb]
V  [jvm.dll+0x7b1d6a]
V  [jvm.dll+0x64a265]
C  [ucrtbase.dll+0x29363]
C  [KERNEL32.DLL+0x1257d]
C  [ntdll.dll+0x5aa58]


---------------  P R O C E S S  ---------------

Threads class SMR info:
_java_thread_list=0x000001a7ca5ca100, length=22, elements={
0x000001a7aec9ae90, 0x000001a7c97ce360, 0x000001a7c97cefd0, 0x000001a7c97e3980,
0x000001a7c97e5250, 0x000001a7c97e6c10, 0x000001a7c97e75c0, 0x000001a7c97e8350,
0x000001a7c97e8df0, 0x000001a7ca408070, 0x000001a7ca4b4b30, 0x000001a7ca5bc810,
0x000001a7ccd37d90, 0x000001a7cbd56d30, 0x000001a7cc461890, 0x000001a7ca77ae30,
0x000001a7ca56b900, 0x000001a7ca56da30, 0x000001a7cb868a70, 0x000001a7ca797760,
0x000001a7ca796dc0, 0x000001a7ca799440
}

Java Threads: ( => current thread )
  0x000001a7aec9ae90 JavaThread "main" [_thread_blocked, id=28880, stack(0x0000004115500000,0x0000004115600000)]
  0x000001a7c97ce360 JavaThread "Reference Handler" daemon [_thread_blocked, id=28932, stack(0x0000004115c00000,0x0000004115d00000)]
  0x000001a7c97cefd0 JavaThread "Finalizer" daemon [_thread_blocked, id=28936, stack(0x0000004115d00000,0x0000004115e00000)]
  0x000001a7c97e3980 JavaThread "Signal Dispatcher" daemon [_thread_blocked, id=28940, stack(0x0000004115e00000,0x0000004115f00000)]
  0x000001a7c97e5250 JavaThread "Attach Listener" daemon [_thread_blocked, id=28944, stack(0x0000004115f00000,0x0000004116000000)]
  0x000001a7c97e6c10 JavaThread "Service Thread" daemon [_thread_blocked, id=28948, stack(0x0000004116000000,0x0000004116100000)]
  0x000001a7c97e75c0 JavaThread "Monitor Deflation Thread" daemon [_thread_blocked, id=28952, stack(0x0000004116100000,0x0000004116200000)]
=>0x000001a7c97e8350 JavaThread "C2 CompilerThread0" daemon [_thread_in_native, id=28956, stack(0x0000004116200000,0x0000004116300000)]
  0x000001a7c97e8df0 JavaThread "C1 CompilerThread0" daemon [_thread_in_native, id=28960, stack(0x0000004116300000,0x0000004116400000)]
  0x000001a7ca408070 JavaThread "Sweeper thread" daemon [_thread_blocked, id=28964, stack(0x0000004116400000,0x0000004116500000)]
  0x000001a7ca4b4b30 JavaThread "Common-Cleaner" daemon [_thread_blocked, id=28972, stack(0x0000004116500000,0x0000004116600000)]
  0x000001a7ca5bc810 JavaThread "Notification Thread" daemon [_thread_blocked, id=28980, stack(0x0000004116600000,0x0000004116700000)]
  0x000001a7ccd37d90 JavaThread "Daemon health stats" [_thread_blocked, id=1972, stack(0x0000004116d00000,0x0000004116e00000)]
  0x000001a7cbd56d30 JavaThread "Incoming local TCP Connector on port 62439" [_thread_in_native, id=29236, stack(0x0000004116e00000,0x0000004116f00000)]
  0x000001a7cc461890 JavaThread "Daemon periodic checks" [_thread_blocked, id=29192, stack(0x0000004116f00000,0x0000004117000000)]
  0x000001a7ca77ae30 JavaThread "Daemon" [_thread_blocked, id=29252, stack(0x0000004117000000,0x0000004117100000)]
  0x000001a7ca56b900 JavaThread "Handler for socket connection from /127.0.0.1:62439 to /127.0.0.1:62441" [_thread_in_native, id=29232, stack(0x0000004117100000,0x0000004117200000)]
  0x000001a7ca56da30 JavaThread "Cancel handler" [_thread_blocked, id=9672, stack(0x0000004117200000,0x0000004117300000)]
  0x000001a7cb868a70 JavaThread "Daemon worker" [_thread_in_vm, id=13732, stack(0x0000004117300000,0x0000004117400000)]
  0x000001a7ca797760 JavaThread "Asynchronous log dispatcher for DefaultDaemonConnection: socket connection from /127.0.0.1:62439 to /127.0.0.1:62441" [_thread_blocked, id=29344, stack(0x0000004117400000,0x0000004117500000)]
  0x000001a7ca796dc0 JavaThread "Stdin handler" [_thread_blocked, id=29240, stack(0x0000004117500000,0x0000004117600000)]
  0x000001a7ca799440 JavaThread "Daemon client event forwarder" [_thread_blocked, id=25128, stack(0x0000004117600000,0x0000004117700000)]

Other Threads:
  0x000001a7c97c9470 VMThread "VM Thread" [stack: 0x0000004115b00000,0x0000004115c00000] [id=28928]
  0x000001a7ca5bcce0 WatcherThread [stack: 0x0000004116700000,0x0000004116800000] [id=28984]
  0x000001a7aecca4e0 GCTaskThread "GC Thread#0" [stack: 0x0000004115600000,0x0000004115700000] [id=28888]
  0x000001a7caea1790 GCTaskThread "GC Thread#1" [stack: 0x0000004116800000,0x0000004116900000] [id=29500]
  0x000001a7caea1a40 GCTaskThread "GC Thread#2" [stack: 0x0000004116900000,0x0000004116a00000] [id=29504]
  0x000001a7caea1cf0 GCTaskThread "GC Thread#3" [stack: 0x0000004116a00000,0x0000004116b00000] [id=29508]
  0x000001a7cb045110 GCTaskThread "GC Thread#4" [stack: 0x0000004116b00000,0x0000004116c00000] [id=29512]
  0x000001a7cb0453c0 GCTaskThread "GC Thread#5" [stack: 0x0000004116c00000,0x0000004116d00000] [id=29516]
  0x000001a7aeccf320 ConcurrentGCThread "G1 Main Marker" [stack: 0x0000004115700000,0x0000004115800000] [id=28892]
  0x000001a7aeccfc30 ConcurrentGCThread "G1 Conc#0" [stack: 0x0000004115800000,0x0000004115900000] [id=28896]
  0x000001a7aed5e960 ConcurrentGCThread "G1 Refine#0" [stack: 0x0000004115900000,0x0000004115a00000] [id=28908]
  0x000001a7c968e510 ConcurrentGCThread "G1 Service" [stack: 0x0000004115a00000,0x0000004115b00000] [id=28912]

Threads with active compile tasks:
C2 CompilerThread0    22906 2106       4       jdk.internal.org.objectweb.asm.Frame::execute (2305 bytes)
C1 CompilerThread0    22907 2137       3       javax.management.ObjectName::construct (1135 bytes)

VM state: not at safepoint (normal execution)

VM Mutex/Monitor currently owned by a thread: None

Heap address: 0x00000000e0000000, size: 512 MB, Compressed Oops mode: 32-bit

CDS archive(s) mapped at: [0x0000000800000000-0x0000000800bc0000-0x0000000800bc0000), size 12320768, SharedBaseAddress: 0x0000000800000000, ArchiveRelocationMode: 0.
Compressed class space mapped at: 0x0000000800c00000-0x0000000814000000, reserved size: 322961408
Narrow klass base: 0x0000000800000000, Narrow klass shift: 0, Narrow klass range: 0x100000000

GC Precious Log:
 CPUs: 8 total, 8 available
 Memory: 8039M
 Large Page Support: Disabled
 NUMA Support: Disabled
 Compressed Oops: Enabled (32-bit)
 Heap Region Size: 1M
 Heap Min Capacity: 256M
 Heap Initial Capacity: 256M
 Heap Max Capacity: 512M
 Pre-touch: Disabled
 Parallel Workers: 8
 Concurrent Workers: 2
 Concurrent Refinement Workers: 8
 Periodic GC: Disabled

Heap:
 garbage-first heap   total 262144K, used 58252K [0x00000000e0000000, 0x0000000100000000)
  region size 1024K, 47 young (48128K), 4 survivors (4096K)
 Metaspace       used 12747K, committed 12992K, reserved 331776K
  class space    used 1780K, committed 1920K, reserved 315392K

Heap Regions: E=young(eden), S=young(survivor), O=old, HS=humongous(starts), HC=humongous(continues), CS=collection set, F=free, OA=open archive, CA=closed archive, TAMS=top-at-mark-start (previous, next)
|   0|0x00000000e0000000, 0x00000000e0100000, 0x00000000e0100000|100%|HS|  |TAMS 0x00000000e0000000, 0x00000000e0000000| Complete 
|   1|0x00000000e0100000, 0x00000000e0200000, 0x00000000e0200000|100%|HC|  |TAMS 0x00000000e0100000, 0x00000000e0100000| Complete 
|   2|0x00000000e0200000, 0x00000000e0300000, 0x00000000e0300000|100%|HC|  |TAMS 0x00000000e0200000, 0x00000000e0200000| Complete 
|   3|0x00000000e0300000, 0x00000000e0400000, 0x00000000e0400000|100%|HC|  |TAMS 0x00000000e0300000, 0x00000000e0300000| Complete 
|   4|0x00000000e0400000, 0x00000000e0500000, 0x00000000e0500000|100%| O|  |TAMS 0x00000000e0400000, 0x00000000e0400000| Untracked 
|   5|0x00000000e0500000, 0x00000000e0600000, 0x00000000e0600000|100%| O|  |TAMS 0x00000000e0500000, 0x00000000e0500000| Untracked 
|   6|0x00000000e0600000, 0x00000000e0700000, 0x00000000e0700000|100%| O|  |TAMS 0x00000000e0600000, 0x00000000e0600000| Untracked 
|   7|0x00000000e0700000, 0x00000000e0800000, 0x00000000e0800000|100%| O|  |TAMS 0x00000000e0700000, 0x00000000e0700000| Untracked 
|   8|0x00000000e0800000, 0x00000000e0800000, 0x00000000e0900000|  0%| F|  |TAMS 0x00000000e0800000, 0x00000000e0800000| Untracked 
|   9|0x00000000e0900000, 0x00000000e0a00000, 0x00000000e0a00000|100%| O|  |TAMS 0x00000000e0900000, 0x00000000e0900000| Untracked 
|  10|0x00000000e0a00000, 0x00000000e0b00000, 0x00000000e0b00000|100%| O|  |TAMS 0x00000000e0a00000, 0x00000000e0a00000| Untracked 
|  11|0x00000000e0b00000, 0x00000000e0be3200, 0x00000000e0c00000| 88%| O|  |TAMS 0x00000000e0b00000, 0x00000000e0b00000| Untracked 
|  12|0x00000000e0c00000, 0x00000000e0c00000, 0x00000000e0d00000|  0%| F|  |TAMS 0x00000000e0c00000, 0x00000000e0c00000| Untracked 
|  13|0x00000000e0d00000, 0x00000000e0d00000, 0x00000000e0e00000|  0%| F|  |TAMS 0x00000000e0d00000, 0x00000000e0d00000| Untracked 
|  14|0x00000000e0e00000, 0x00000000e0e00000, 0x00000000e0f00000|  0%| F|  |TAMS 0x00000000e0e00000, 0x00000000e0e00000| Untracked 
|  15|0x00000000e0f00000, 0x00000000e0f00000, 0x00000000e1000000|  0%| F|  |TAMS 0x00000000e0f00000, 0x00000000e0f00000| Untracked 
|  16|0x00000000e1000000, 0x00000000e1000000, 0x00000000e1100000|  0%| F|  |TAMS 0x00000000e1000000, 0x00000000e1000000| Untracked 
|  17|0x00000000e1100000, 0x00000000e1100000, 0x00000000e1200000|  0%| F|  |TAMS 0x00000000e1100000, 0x00000000e1100000| Untracked 
|  18|0x00000000e1200000, 0x00000000e1200000, 0x00000000e1300000|  0%| F|  |TAMS 0x00000000e1200000, 0x00000000e1200000| Untracked 
|  19|0x00000000e1300000, 0x00000000e1300000, 0x00000000e1400000|  0%| F|  |TAMS 0x00000000e1300000, 0x00000000e1300000| Untracked 
|  20|0x00000000e1400000, 0x00000000e1400000, 0x00000000e1500000|  0%| F|  |TAMS 0x00000000e1400000, 0x00000000e1400000| Untracked 
|  21|0x00000000e1500000, 0x00000000e1500000, 0x00000000e1600000|  0%| F|  |TAMS 0x00000000e1500000, 0x00000000e1500000| Untracked 
|  22|0x00000000e1600000, 0x00000000e1600000, 0x00000000e1700000|  0%| F|  |TAMS 0x00000000e1600000, 0x00000000e1600000| Untracked 
|  23|0x00000000e1700000, 0x00000000e1700000, 0x00000000e1800000|  0%| F|  |TAMS 0x00000000e1700000, 0x00000000e1700000| Untracked 
|  24|0x00000000e1800000, 0x00000000e1800000, 0x00000000e1900000|  0%| F|  |TAMS 0x00000000e1800000, 0x00000000e1800000| Untracked 
|  25|0x00000000e1900000, 0x00000000e1900000, 0x00000000e1a00000|  0%| F|  |TAMS 0x00000000e1900000, 0x00000000e1900000| Untracked 
|  26|0x00000000e1a00000, 0x00000000e1a00000, 0x00000000e1b00000|  0%| F|  |TAMS 0x00000000e1a00000, 0x00000000e1a00000| Untracked 
|  27|0x00000000e1b00000, 0x00000000e1b00000, 0x00000000e1c00000|  0%| F|  |TAMS 0x00000000e1b00000, 0x00000000e1b00000| Untracked 
|  28|0x00000000e1c00000, 0x00000000e1c00000, 0x00000000e1d00000|  0%| F|  |TAMS 0x00000000e1c00000, 0x00000000e1c00000| Untracked 
|  29|0x00000000e1d00000, 0x00000000e1d00000, 0x00000000e1e00000|  0%| F|  |TAMS 0x00000000e1d00000, 0x00000000e1d00000| Untracked 
|  30|0x00000000e1e00000, 0x00000000e1e00000, 0x00000000e1f00000|  0%| F|  |TAMS 0x00000000e1e00000, 0x00000000e1e00000| Untracked 
|  31|0x00000000e1f00000, 0x00000000e1f00000, 0x00000000e2000000|  0%| F|  |TAMS 0x00000000e1f00000, 0x00000000e1f00000| Untracked 
|  32|0x00000000e2000000, 0x00000000e2000000, 0x00000000e2100000|  0%| F|  |TAMS 0x00000000e2000000, 0x00000000e2000000| Untracked 
|  33|0x00000000e2100000, 0x00000000e2100000, 0x00000000e2200000|  0%| F|  |TAMS 0x00000000e2100000, 0x00000000e2100000| Untracked 
|  34|0x00000000e2200000, 0x00000000e2200000, 0x00000000e2300000|  0%| F|  |TAMS 0x00000000e2200000, 0x00000000e2200000| Untracked 
|  35|0x00000000e2300000, 0x00000000e2300000, 0x00000000e2400000|  0%| F|  |TAMS 0x00000000e2300000, 0x00000000e2300000| Untracked 
|  36|0x00000000e2400000, 0x00000000e2400000, 0x00000000e2500000|  0%| F|  |TAMS 0x00000000e2400000, 0x00000000e2400000| Untracked 
|  37|0x00000000e2500000, 0x00000000e2500000, 0x00000000e2600000|  0%| F|  |TAMS 0x00000000e2500000, 0x00000000e2500000| Untracked 
|  38|0x00000000e2600000, 0x00000000e2600000, 0x00000000e2700000|  0%| F|  |TAMS 0x00000000e2600000, 0x00000000e2600000| Untracked 
|  39|0x00000000e2700000, 0x00000000e2700000, 0x00000000e2800000|  0%| F|  |TAMS 0x00000000e2700000, 0x00000000e2700000| Untracked 
|  40|0x00000000e2800000, 0x00000000e2800000, 0x00000000e2900000|  0%| F|  |TAMS 0x00000000e2800000, 0x00000000e2800000| Untracked 
|  41|0x00000000e2900000, 0x00000000e2900000, 0x00000000e2a00000|  0%| F|  |TAMS 0x00000000e2900000, 0x00000000e2900000| Untracked 
|  42|0x00000000e2a00000, 0x00000000e2a00000, 0x00000000e2b00000|  0%| F|  |TAMS 0x00000000e2a00000, 0x00000000e2a00000| Untracked 
|  43|0x00000000e2b00000, 0x00000000e2b00000, 0x00000000e2c00000|  0%| F|  |TAMS 0x00000000e2b00000, 0x00000000e2b00000| Untracked 
|  44|0x00000000e2c00000, 0x00000000e2c00000, 0x00000000e2d00000|  0%| F|  |TAMS 0x00000000e2c00000, 0x00000000e2c00000| Untracked 
|  45|0x00000000e2d00000, 0x00000000e2d00000, 0x00000000e2e00000|  0%| F|  |TAMS 0x00000000e2d00000, 0x00000000e2d00000| Untracked 
|  46|0x00000000e2e00000, 0x00000000e2e00000, 0x00000000e2f00000|  0%| F|  |TAMS 0x00000000e2e00000, 0x00000000e2e00000| Untracked 
|  47|0x00000000e2f00000, 0x00000000e2f00000, 0x00000000e3000000|  0%| F|  |TAMS 0x00000000e2f00000, 0x00000000e2f00000| Untracked 
|  48|0x00000000e3000000, 0x00000000e3000000, 0x00000000e3100000|  0%| F|  |TAMS 0x00000000e3000000, 0x00000000e3000000| Untracked 
|  49|0x00000000e3100000, 0x00000000e3100000, 0x00000000e3200000|  0%| F|  |TAMS 0x00000000e3100000, 0x00000000e3100000| Untracked 
|  50|0x00000000e3200000, 0x00000000e3200000, 0x00000000e3300000|  0%| F|  |TAMS 0x00000000e3200000, 0x00000000e3200000| Untracked 
|  51|0x00000000e3300000, 0x00000000e3300000, 0x00000000e3400000|  0%| F|  |TAMS 0x00000000e3300000, 0x00000000e3300000| Untracked 
|  52|0x00000000e3400000, 0x00000000e3400000, 0x00000000e3500000|  0%| F|  |TAMS 0x00000000e3400000, 0x00000000e3400000| Untracked 
|  53|0x00000000e3500000, 0x00000000e3500000, 0x00000000e3600000|  0%| F|  |TAMS 0x00000000e3500000, 0x00000000e3500000| Untracked 
|  54|0x00000000e3600000, 0x00000000e3600000, 0x00000000e3700000|  0%| F|  |TAMS 0x00000000e3600000, 0x00000000e3600000| Untracked 
|  55|0x00000000e3700000, 0x00000000e3700000, 0x00000000e3800000|  0%| F|  |TAMS 0x00000000e3700000, 0x00000000e3700000| Untracked 
|  56|0x00000000e3800000, 0x00000000e3800000, 0x00000000e3900000|  0%| F|  |TAMS 0x00000000e3800000, 0x00000000e3800000| Untracked 
|  57|0x00000000e3900000, 0x00000000e3900000, 0x00000000e3a00000|  0%| F|  |TAMS 0x00000000e3900000, 0x00000000e3900000| Untracked 
|  58|0x00000000e3a00000, 0x00000000e3a00000, 0x00000000e3b00000|  0%| F|  |TAMS 0x00000000e3a00000, 0x00000000e3a00000| Untracked 
|  59|0x00000000e3b00000, 0x00000000e3b00000, 0x00000000e3c00000|  0%| F|  |TAMS 0x00000000e3b00000, 0x00000000e3b00000| Untracked 
|  60|0x00000000e3c00000, 0x00000000e3c00000, 0x00000000e3d00000|  0%| F|  |TAMS 0x00000000e3c00000, 0x00000000e3c00000| Untracked 
|  61|0x00000000e3d00000, 0x00000000e3d00000, 0x00000000e3e00000|  0%| F|  |TAMS 0x00000000e3d00000, 0x00000000e3d00000| Untracked 
|  62|0x00000000e3e00000, 0x00000000e3e00000, 0x00000000e3f00000|  0%| F|  |TAMS 0x00000000e3e00000, 0x00000000e3e00000| Untracked 
|  63|0x00000000e3f00000, 0x00000000e3f00000, 0x00000000e4000000|  0%| F|  |TAMS 0x00000000e3f00000, 0x00000000e3f00000| Untracked 
|  64|0x00000000e4000000, 0x00000000e4000000, 0x00000000e4100000|  0%| F|  |TAMS 0x00000000e4000000, 0x00000000e4000000| Untracked 
|  65|0x00000000e4100000, 0x00000000e4100000, 0x00000000e4200000|  0%| F|  |TAMS 0x00000000e4100000, 0x00000000e4100000| Untracked 
|  66|0x00000000e4200000, 0x00000000e4200000, 0x00000000e4300000|  0%| F|  |TAMS 0x00000000e4200000, 0x00000000e4200000| Untracked 
|  67|0x00000000e4300000, 0x00000000e4300000, 0x00000000e4400000|  0%| F|  |TAMS 0x00000000e4300000, 0x00000000e4300000| Untracked 
|  68|0x00000000e4400000, 0x00000000e4400000, 0x00000000e4500000|  0%| F|  |TAMS 0x00000000e4400000, 0x00000000e4400000| Untracked 
|  69|0x00000000e4500000, 0x00000000e4500000, 0x00000000e4600000|  0%| F|  |TAMS 0x00000000e4500000, 0x00000000e4500000| Untracked 
|  70|0x00000000e4600000, 0x00000000e4600000, 0x00000000e4700000|  0%| F|  |TAMS 0x00000000e4600000, 0x00000000e4600000| Untracked 
|  71|0x00000000e4700000, 0x00000000e4700000, 0x00000000e4800000|  0%| F|  |TAMS 0x00000000e4700000, 0x00000000e4700000| Untracked 
|  72|0x00000000e4800000, 0x00000000e4800000, 0x00000000e4900000|  0%| F|  |TAMS 0x00000000e4800000, 0x00000000e4800000| Untracked 
|  73|0x00000000e4900000, 0x00000000e4900000, 0x00000000e4a00000|  0%| F|  |TAMS 0x00000000e4900000, 0x00000000e4900000| Untracked 
|  74|0x00000000e4a00000, 0x00000000e4a00000, 0x00000000e4b00000|  0%| F|  |TAMS 0x00000000e4a00000, 0x00000000e4a00000| Untracked 
|  75|0x00000000e4b00000, 0x00000000e4b00000, 0x00000000e4c00000|  0%| F|  |TAMS 0x00000000e4b00000, 0x00000000e4b00000| Untracked 
|  76|0x00000000e4c00000, 0x00000000e4c00000, 0x00000000e4d00000|  0%| F|  |TAMS 0x00000000e4c00000, 0x00000000e4c00000| Untracked 
|  77|0x00000000e4d00000, 0x00000000e4d00000, 0x00000000e4e00000|  0%| F|  |TAMS 0x00000000e4d00000, 0x00000000e4d00000| Untracked 
|  78|0x00000000e4e00000, 0x00000000e4e00000, 0x00000000e4f00000|  0%| F|  |TAMS 0x00000000e4e00000, 0x00000000e4e00000| Untracked 
|  79|0x00000000e4f00000, 0x00000000e4f00000, 0x00000000e5000000|  0%| F|  |TAMS 0x00000000e4f00000, 0x00000000e4f00000| Untracked 
|  80|0x00000000e5000000, 0x00000000e5000000, 0x00000000e5100000|  0%| F|  |TAMS 0x00000000e5000000, 0x00000000e5000000| Untracked 
|  81|0x00000000e5100000, 0x00000000e5100000, 0x00000000e5200000|  0%| F|  |TAMS 0x00000000e5100000, 0x00000000e5100000| Untracked 
|  82|0x00000000e5200000, 0x00000000e5200000, 0x00000000e5300000|  0%| F|  |TAMS 0x00000000e5200000, 0x00000000e5200000| Untracked 
|  83|0x00000000e5300000, 0x00000000e5300000, 0x00000000e5400000|  0%| F|  |TAMS 0x00000000e5300000, 0x00000000e5300000| Untracked 
|  84|0x00000000e5400000, 0x00000000e5400000, 0x00000000e5500000|  0%| F|  |TAMS 0x00000000e5400000, 0x00000000e5400000| Untracked 
|  85|0x00000000e5500000, 0x00000000e5500000, 0x00000000e5600000|  0%| F|  |TAMS 0x00000000e5500000, 0x00000000e5500000| Untracked 
|  86|0x00000000e5600000, 0x00000000e5600000, 0x00000000e5700000|  0%| F|  |TAMS 0x00000000e5600000, 0x00000000e5600000| Untracked 
|  87|0x00000000e5700000, 0x00000000e5700000, 0x00000000e5800000|  0%| F|  |TAMS 0x00000000e5700000, 0x00000000e5700000| Untracked 
|  88|0x00000000e5800000, 0x00000000e5800000, 0x00000000e5900000|  0%| F|  |TAMS 0x00000000e5800000, 0x00000000e5800000| Untracked 
|  89|0x00000000e5900000, 0x00000000e5900000, 0x00000000e5a00000|  0%| F|  |TAMS 0x00000000e5900000, 0x00000000e5900000| Untracked 
|  90|0x00000000e5a00000, 0x00000000e5a00000, 0x00000000e5b00000|  0%| F|  |TAMS 0x00000000e5a00000, 0x00000000e5a00000| Untracked 
|  91|0x00000000e5b00000, 0x00000000e5b00000, 0x00000000e5c00000|  0%| F|  |TAMS 0x00000000e5b00000, 0x00000000e5b00000| Untracked 
|  92|0x00000000e5c00000, 0x00000000e5c00000, 0x00000000e5d00000|  0%| F|  |TAMS 0x00000000e5c00000, 0x00000000e5c00000| Untracked 
|  93|0x00000000e5d00000, 0x00000000e5d00000, 0x00000000e5e00000|  0%| F|  |TAMS 0x00000000e5d00000, 0x00000000e5d00000| Untracked 
|  94|0x00000000e5e00000, 0x00000000e5e00000, 0x00000000e5f00000|  0%| F|  |TAMS 0x00000000e5e00000, 0x00000000e5e00000| Untracked 
|  95|0x00000000e5f00000, 0x00000000e5f00000, 0x00000000e6000000|  0%| F|  |TAMS 0x00000000e5f00000, 0x00000000e5f00000| Untracked 
|  96|0x00000000e6000000, 0x00000000e6000000, 0x00000000e6100000|  0%| F|  |TAMS 0x00000000e6000000, 0x00000000e6000000| Untracked 
|  97|0x00000000e6100000, 0x00000000e6100000, 0x00000000e6200000|  0%| F|  |TAMS 0x00000000e6100000, 0x00000000e6100000| Untracked 
|  98|0x00000000e6200000, 0x00000000e6200000, 0x00000000e6300000|  0%| F|  |TAMS 0x00000000e6200000, 0x00000000e6200000| Untracked 
|  99|0x00000000e6300000, 0x00000000e6300000, 0x00000000e6400000|  0%| F|  |TAMS 0x00000000e6300000, 0x00000000e6300000| Untracked 
| 100|0x00000000e6400000, 0x00000000e6400000, 0x00000000e6500000|  0%| F|  |TAMS 0x00000000e6400000, 0x00000000e6400000| Untracked 
| 101|0x00000000e6500000, 0x00000000e6500000, 0x00000000e6600000|  0%| F|  |TAMS 0x00000000e6500000, 0x00000000e6500000| Untracked 
| 102|0x00000000e6600000, 0x00000000e6600000, 0x00000000e6700000|  0%| F|  |TAMS 0x00000000e6600000, 0x00000000e6600000| Untracked 
| 103|0x00000000e6700000, 0x00000000e6700000, 0x00000000e6800000|  0%| F|  |TAMS 0x00000000e6700000, 0x00000000e6700000| Untracked 
| 104|0x00000000e6800000, 0x00000000e6800000, 0x00000000e6900000|  0%| F|  |TAMS 0x00000000e6800000, 0x00000000e6800000| Untracked 
| 105|0x00000000e6900000, 0x00000000e6900000, 0x00000000e6a00000|  0%| F|  |TAMS 0x00000000e6900000, 0x00000000e6900000| Untracked 
| 106|0x00000000e6a00000, 0x00000000e6a00000, 0x00000000e6b00000|  0%| F|  |TAMS 0x00000000e6a00000, 0x00000000e6a00000| Untracked 
| 107|0x00000000e6b00000, 0x00000000e6b00000, 0x00000000e6c00000|  0%| F|  |TAMS 0x00000000e6b00000, 0x00000000e6b00000| Untracked 
| 108|0x00000000e6c00000, 0x00000000e6c00000, 0x00000000e6d00000|  0%| F|  |TAMS 0x00000000e6c00000, 0x00000000e6c00000| Untracked 
| 109|0x00000000e6d00000, 0x00000000e6d00000, 0x00000000e6e00000|  0%| F|  |TAMS 0x00000000e6d00000, 0x00000000e6d00000| Untracked 
| 110|0x00000000e6e00000, 0x00000000e6e00000, 0x00000000e6f00000|  0%| F|  |TAMS 0x00000000e6e00000, 0x00000000e6e00000| Untracked 
| 111|0x00000000e6f00000, 0x00000000e6f00000, 0x00000000e7000000|  0%| F|  |TAMS 0x00000000e6f00000, 0x00000000e6f00000| Untracked 
| 112|0x00000000e7000000, 0x00000000e7000000, 0x00000000e7100000|  0%| F|  |TAMS 0x00000000e7000000, 0x00000000e7000000| Untracked 
| 113|0x00000000e7100000, 0x00000000e7100000, 0x00000000e7200000|  0%| F|  |TAMS 0x00000000e7100000, 0x00000000e7100000| Untracked 
| 114|0x00000000e7200000, 0x00000000e7200000, 0x00000000e7300000|  0%| F|  |TAMS 0x00000000e7200000, 0x00000000e7200000| Untracked 
| 115|0x00000000e7300000, 0x00000000e7300000, 0x00000000e7400000|  0%| F|  |TAMS 0x00000000e7300000, 0x00000000e7300000| Untracked 
| 116|0x00000000e7400000, 0x00000000e7400000, 0x00000000e7500000|  0%| F|  |TAMS 0x00000000e7400000, 0x00000000e7400000| Untracked 
| 117|0x00000000e7500000, 0x00000000e7500000, 0x00000000e7600000|  0%| F|  |TAMS 0x00000000e7500000, 0x00000000e7500000| Untracked 
| 118|0x00000000e7600000, 0x00000000e7600000, 0x00000000e7700000|  0%| F|  |TAMS 0x00000000e7600000, 0x00000000e7600000| Untracked 
| 119|0x00000000e7700000, 0x00000000e7700000, 0x00000000e7800000|  0%| F|  |TAMS 0x00000000e7700000, 0x00000000e7700000| Untracked 
| 120|0x00000000e7800000, 0x00000000e7800000, 0x00000000e7900000|  0%| F|  |TAMS 0x00000000e7800000, 0x00000000e7800000| Untracked 
| 121|0x00000000e7900000, 0x00000000e7900000, 0x00000000e7a00000|  0%| F|  |TAMS 0x00000000e7900000, 0x00000000e7900000| Untracked 
| 122|0x00000000e7a00000, 0x00000000e7a00000, 0x00000000e7b00000|  0%| F|  |TAMS 0x00000000e7a00000, 0x00000000e7a00000| Untracked 
| 123|0x00000000e7b00000, 0x00000000e7b00000, 0x00000000e7c00000|  0%| F|  |TAMS 0x00000000e7b00000, 0x00000000e7b00000| Untracked 
| 124|0x00000000e7c00000, 0x00000000e7c00000, 0x00000000e7d00000|  0%| F|  |TAMS 0x00000000e7c00000, 0x00000000e7c00000| Untracked 
| 125|0x00000000e7d00000, 0x00000000e7d00000, 0x00000000e7e00000|  0%| F|  |TAMS 0x00000000e7d00000, 0x00000000e7d00000| Untracked 
| 126|0x00000000e7e00000, 0x00000000e7e00000, 0x00000000e7f00000|  0%| F|  |TAMS 0x00000000e7e00000, 0x00000000e7e00000| Untracked 
| 127|0x00000000e7f00000, 0x00000000e7f00000, 0x00000000e8000000|  0%| F|  |TAMS 0x00000000e7f00000, 0x00000000e7f00000| Untracked 
| 128|0x00000000e8000000, 0x00000000e8000000, 0x00000000e8100000|  0%| F|  |TAMS 0x00000000e8000000, 0x00000000e8000000| Untracked 
| 129|0x00000000e8100000, 0x00000000e8100000, 0x00000000e8200000|  0%| F|  |TAMS 0x00000000e8100000, 0x00000000e8100000| Untracked 
| 130|0x00000000e8200000, 0x00000000e8200000, 0x00000000e8300000|  0%| F|  |TAMS 0x00000000e8200000, 0x00000000e8200000| Untracked 
| 131|0x00000000e8300000, 0x00000000e8300000, 0x00000000e8400000|  0%| F|  |TAMS 0x00000000e8300000, 0x00000000e8300000| Untracked 
| 132|0x00000000e8400000, 0x00000000e8400000, 0x00000000e8500000|  0%| F|  |TAMS 0x00000000e8400000, 0x00000000e8400000| Untracked 
| 133|0x00000000e8500000, 0x00000000e8500000, 0x00000000e8600000|  0%| F|  |TAMS 0x00000000e8500000, 0x00000000e8500000| Untracked 
| 134|0x00000000e8600000, 0x00000000e8600000, 0x00000000e8700000|  0%| F|  |TAMS 0x00000000e8600000, 0x00000000e8600000| Untracked 
| 135|0x00000000e8700000, 0x00000000e8700000, 0x00000000e8800000|  0%| F|  |TAMS 0x00000000e8700000, 0x00000000e8700000| Untracked 
| 136|0x00000000e8800000, 0x00000000e8800000, 0x00000000e8900000|  0%| F|  |TAMS 0x00000000e8800000, 0x00000000e8800000| Untracked 
| 137|0x00000000e8900000, 0x00000000e8900000, 0x00000000e8a00000|  0%| F|  |TAMS 0x00000000e8900000, 0x00000000e8900000| Untracked 
| 138|0x00000000e8a00000, 0x00000000e8a00000, 0x00000000e8b00000|  0%| F|  |TAMS 0x00000000e8a00000, 0x00000000e8a00000| Untracked 
| 139|0x00000000e8b00000, 0x00000000e8b00000, 0x00000000e8c00000|  0%| F|  |TAMS 0x00000000e8b00000, 0x00000000e8b00000| Untracked 
| 140|0x00000000e8c00000, 0x00000000e8c00000, 0x00000000e8d00000|  0%| F|  |TAMS 0x00000000e8c00000, 0x00000000e8c00000| Untracked 
| 141|0x00000000e8d00000, 0x00000000e8d00000, 0x00000000e8e00000|  0%| F|  |TAMS 0x00000000e8d00000, 0x00000000e8d00000| Untracked 
| 142|0x00000000e8e00000, 0x00000000e8e00000, 0x00000000e8f00000|  0%| F|  |TAMS 0x00000000e8e00000, 0x00000000e8e00000| Untracked 
| 143|0x00000000e8f00000, 0x00000000e8f00000, 0x00000000e9000000|  0%| F|  |TAMS 0x00000000e8f00000, 0x00000000e8f00000| Untracked 
| 144|0x00000000e9000000, 0x00000000e9000000, 0x00000000e9100000|  0%| F|  |TAMS 0x00000000e9000000, 0x00000000e9000000| Untracked 
| 145|0x00000000e9100000, 0x00000000e9100000, 0x00000000e9200000|  0%| F|  |TAMS 0x00000000e9100000, 0x00000000e9100000| Untracked 
| 146|0x00000000e9200000, 0x00000000e9200000, 0x00000000e9300000|  0%| F|  |TAMS 0x00000000e9200000, 0x00000000e9200000| Untracked 
| 147|0x00000000e9300000, 0x00000000e9300000, 0x00000000e9400000|  0%| F|  |TAMS 0x00000000e9300000, 0x00000000e9300000| Untracked 
| 148|0x00000000e9400000, 0x00000000e9400000, 0x00000000e9500000|  0%| F|  |TAMS 0x00000000e9400000, 0x00000000e9400000| Untracked 
| 149|0x00000000e9500000, 0x00000000e9500000, 0x00000000e9600000|  0%| F|  |TAMS 0x00000000e9500000, 0x00000000e9500000| Untracked 
| 150|0x00000000e9600000, 0x00000000e9600000, 0x00000000e9700000|  0%| F|  |TAMS 0x00000000e9600000, 0x00000000e9600000| Untracked 
| 151|0x00000000e9700000, 0x00000000e9700000, 0x00000000e9800000|  0%| F|  |TAMS 0x00000000e9700000, 0x00000000e9700000| Untracked 
| 152|0x00000000e9800000, 0x00000000e9800000, 0x00000000e9900000|  0%| F|  |TAMS 0x00000000e9800000, 0x00000000e9800000| Untracked 
| 153|0x00000000e9900000, 0x00000000e9900000, 0x00000000e9a00000|  0%| F|  |TAMS 0x00000000e9900000, 0x00000000e9900000| Untracked 
| 154|0x00000000e9a00000, 0x00000000e9a00000, 0x00000000e9b00000|  0%| F|  |TAMS 0x00000000e9a00000, 0x00000000e9a00000| Untracked 
| 155|0x00000000e9b00000, 0x00000000e9b00000, 0x00000000e9c00000|  0%| F|  |TAMS 0x00000000e9b00000, 0x00000000e9b00000| Untracked 
| 156|0x00000000e9c00000, 0x00000000e9c00000, 0x00000000e9d00000|  0%| F|  |TAMS 0x00000000e9c00000, 0x00000000e9c00000| Untracked 
| 157|0x00000000e9d00000, 0x00000000e9d00000, 0x00000000e9e00000|  0%| F|  |TAMS 0x00000000e9d00000, 0x00000000e9d00000| Untracked 
| 158|0x00000000e9e00000, 0x00000000e9e00000, 0x00000000e9f00000|  0%| F|  |TAMS 0x00000000e9e00000, 0x00000000e9e00000| Untracked 
| 159|0x00000000e9f00000, 0x00000000e9f00000, 0x00000000ea000000|  0%| F|  |TAMS 0x00000000e9f00000, 0x00000000e9f00000| Untracked 
| 160|0x00000000ea000000, 0x00000000ea000000, 0x00000000ea100000|  0%| F|  |TAMS 0x00000000ea000000, 0x00000000ea000000| Untracked 
| 161|0x00000000ea100000, 0x00000000ea100000, 0x00000000ea200000|  0%| F|  |TAMS 0x00000000ea100000, 0x00000000ea100000| Untracked 
| 162|0x00000000ea200000, 0x00000000ea200000, 0x00000000ea300000|  0%| F|  |TAMS 0x00000000ea200000, 0x00000000ea200000| Untracked 
| 163|0x00000000ea300000, 0x00000000ea300000, 0x00000000ea400000|  0%| F|  |TAMS 0x00000000ea300000, 0x00000000ea300000| Untracked 
| 164|0x00000000ea400000, 0x00000000ea400000, 0x00000000ea500000|  0%| F|  |TAMS 0x00000000ea400000, 0x00000000ea400000| Untracked 
| 165|0x00000000ea500000, 0x00000000ea500000, 0x00000000ea600000|  0%| F|  |TAMS 0x00000000ea500000, 0x00000000ea500000| Untracked 
| 166|0x00000000ea600000, 0x00000000ea600000, 0x00000000ea700000|  0%| F|  |TAMS 0x00000000ea600000, 0x00000000ea600000| Untracked 
| 167|0x00000000ea700000, 0x00000000ea700000, 0x00000000ea800000|  0%| F|  |TAMS 0x00000000ea700000, 0x00000000ea700000| Untracked 
| 168|0x00000000ea800000, 0x00000000ea800000, 0x00000000ea900000|  0%| F|  |TAMS 0x00000000ea800000, 0x00000000ea800000| Untracked 
| 169|0x00000000ea900000, 0x00000000ea900000, 0x00000000eaa00000|  0%| F|  |TAMS 0x00000000ea900000, 0x00000000ea900000| Untracked 
| 170|0x00000000eaa00000, 0x00000000eaa00000, 0x00000000eab00000|  0%| F|  |TAMS 0x00000000eaa00000, 0x00000000eaa00000| Untracked 
| 171|0x00000000eab00000, 0x00000000eab00000, 0x00000000eac00000|  0%| F|  |TAMS 0x00000000eab00000, 0x00000000eab00000| Untracked 
| 172|0x00000000eac00000, 0x00000000eac00000, 0x00000000ead00000|  0%| F|  |TAMS 0x00000000eac00000, 0x00000000eac00000| Untracked 
| 173|0x00000000ead00000, 0x00000000ead00000, 0x00000000eae00000|  0%| F|  |TAMS 0x00000000ead00000, 0x00000000ead00000| Untracked 
| 174|0x00000000eae00000, 0x00000000eae00000, 0x00000000eaf00000|  0%| F|  |TAMS 0x00000000eae00000, 0x00000000eae00000| Untracked 
| 175|0x00000000eaf00000, 0x00000000eaf00000, 0x00000000eb000000|  0%| F|  |TAMS 0x00000000eaf00000, 0x00000000eaf00000| Untracked 
| 176|0x00000000eb000000, 0x00000000eb000000, 0x00000000eb100000|  0%| F|  |TAMS 0x00000000eb000000, 0x00000000eb000000| Untracked 
| 177|0x00000000eb100000, 0x00000000eb100000, 0x00000000eb200000|  0%| F|  |TAMS 0x00000000eb100000, 0x00000000eb100000| Untracked 
| 178|0x00000000eb200000, 0x00000000eb200000, 0x00000000eb300000|  0%| F|  |TAMS 0x00000000eb200000, 0x00000000eb200000| Untracked 
| 179|0x00000000eb300000, 0x00000000eb300000, 0x00000000eb400000|  0%| F|  |TAMS 0x00000000eb300000, 0x00000000eb300000| Untracked 
| 180|0x00000000eb400000, 0x00000000eb400000, 0x00000000eb500000|  0%| F|  |TAMS 0x00000000eb400000, 0x00000000eb400000| Untracked 
| 181|0x00000000eb500000, 0x00000000eb500000, 0x00000000eb600000|  0%| F|  |TAMS 0x00000000eb500000, 0x00000000eb500000| Untracked 
| 182|0x00000000eb600000, 0x00000000eb600000, 0x00000000eb700000|  0%| F|  |TAMS 0x00000000eb600000, 0x00000000eb600000| Untracked 
| 183|0x00000000eb700000, 0x00000000eb700000, 0x00000000eb800000|  0%| F|  |TAMS 0x00000000eb700000, 0x00000000eb700000| Untracked 
| 184|0x00000000eb800000, 0x00000000eb800000, 0x00000000eb900000|  0%| F|  |TAMS 0x00000000eb800000, 0x00000000eb800000| Untracked 
| 185|0x00000000eb900000, 0x00000000eb900000, 0x00000000eba00000|  0%| F|  |TAMS 0x00000000eb900000, 0x00000000eb900000| Untracked 
| 186|0x00000000eba00000, 0x00000000eba00000, 0x00000000ebb00000|  0%| F|  |TAMS 0x00000000eba00000, 0x00000000eba00000| Untracked 
| 187|0x00000000ebb00000, 0x00000000ebb00000, 0x00000000ebc00000|  0%| F|  |TAMS 0x00000000ebb00000, 0x00000000ebb00000| Untracked 
| 188|0x00000000ebc00000, 0x00000000ebc00000, 0x00000000ebd00000|  0%| F|  |TAMS 0x00000000ebc00000, 0x00000000ebc00000| Untracked 
| 189|0x00000000ebd00000, 0x00000000ebd00000, 0x00000000ebe00000|  0%| F|  |TAMS 0x00000000ebd00000, 0x00000000ebd00000| Untracked 
| 190|0x00000000ebe00000, 0x00000000ebe00000, 0x00000000ebf00000|  0%| F|  |TAMS 0x00000000ebe00000, 0x00000000ebe00000| Untracked 
| 191|0x00000000ebf00000, 0x00000000ebf00000, 0x00000000ec000000|  0%| F|  |TAMS 0x00000000ebf00000, 0x00000000ebf00000| Untracked 
| 192|0x00000000ec000000, 0x00000000ec000000, 0x00000000ec100000|  0%| F|  |TAMS 0x00000000ec000000, 0x00000000ec000000| Untracked 
| 193|0x00000000ec100000, 0x00000000ec100000, 0x00000000ec200000|  0%| F|  |TAMS 0x00000000ec100000, 0x00000000ec100000| Untracked 
| 194|0x00000000ec200000, 0x00000000ec200000, 0x00000000ec300000|  0%| F|  |TAMS 0x00000000ec200000, 0x00000000ec200000| Untracked 
| 195|0x00000000ec300000, 0x00000000ec300000, 0x00000000ec400000|  0%| F|  |TAMS 0x00000000ec300000, 0x00000000ec300000| Untracked 
| 196|0x00000000ec400000, 0x00000000ec400000, 0x00000000ec500000|  0%| F|  |TAMS 0x00000000ec400000, 0x00000000ec400000| Untracked 
| 197|0x00000000ec500000, 0x00000000ec500000, 0x00000000ec600000|  0%| F|  |TAMS 0x00000000ec500000, 0x00000000ec500000| Untracked 
| 198|0x00000000ec600000, 0x00000000ec600000, 0x00000000ec700000|  0%| F|  |TAMS 0x00000000ec600000, 0x00000000ec600000| Untracked 
| 199|0x00000000ec700000, 0x00000000ec700000, 0x00000000ec800000|  0%| F|  |TAMS 0x00000000ec700000, 0x00000000ec700000| Untracked 
| 200|0x00000000ec800000, 0x00000000ec800000, 0x00000000ec900000|  0%| F|  |TAMS 0x00000000ec800000, 0x00000000ec800000| Untracked 
| 201|0x00000000ec900000, 0x00000000ec900000, 0x00000000eca00000|  0%| F|  |TAMS 0x00000000ec900000, 0x00000000ec900000| Untracked 
| 202|0x00000000eca00000, 0x00000000eca00000, 0x00000000ecb00000|  0%| F|  |TAMS 0x00000000eca00000, 0x00000000eca00000| Untracked 
| 203|0x00000000ecb00000, 0x00000000ecb00000, 0x00000000ecc00000|  0%| F|  |TAMS 0x00000000ecb00000, 0x00000000ecb00000| Untracked 
| 204|0x00000000ecc00000, 0x00000000ecc00000, 0x00000000ecd00000|  0%| F|  |TAMS 0x00000000ecc00000, 0x00000000ecc00000| Untracked 
| 205|0x00000000ecd00000, 0x00000000ecd00000, 0x00000000ece00000|  0%| F|  |TAMS 0x00000000ecd00000, 0x00000000ecd00000| Untracked 
| 206|0x00000000ece00000, 0x00000000ece00000, 0x00000000ecf00000|  0%| F|  |TAMS 0x00000000ece00000, 0x00000000ece00000| Untracked 
| 207|0x00000000ecf00000, 0x00000000ecf00000, 0x00000000ed000000|  0%| F|  |TAMS 0x00000000ecf00000, 0x00000000ecf00000| Untracked 
| 208|0x00000000ed000000, 0x00000000ed080800, 0x00000000ed100000| 50%| E|  |TAMS 0x00000000ed000000, 0x00000000ed000000| Complete 
| 209|0x00000000ed100000, 0x00000000ed200000, 0x00000000ed200000|100%| E|CS|TAMS 0x00000000ed100000, 0x00000000ed100000| Complete 
| 210|0x00000000ed200000, 0x00000000ed300000, 0x00000000ed300000|100%| E|CS|TAMS 0x00000000ed200000, 0x00000000ed200000| Complete 
| 211|0x00000000ed300000, 0x00000000ed400000, 0x00000000ed400000|100%| E|CS|TAMS 0x00000000ed300000, 0x00000000ed300000| Complete 
| 212|0x00000000ed400000, 0x00000000ed500000, 0x00000000ed500000|100%| E|CS|TAMS 0x00000000ed400000, 0x00000000ed400000| Complete 
| 213|0x00000000ed500000, 0x00000000ed600000, 0x00000000ed600000|100%| E|CS|TAMS 0x00000000ed500000, 0x00000000ed500000| Complete 
| 214|0x00000000ed600000, 0x00000000ed700000, 0x00000000ed700000|100%| E|CS|TAMS 0x00000000ed600000, 0x00000000ed600000| Complete 
| 215|0x00000000ed700000, 0x00000000ed800000, 0x00000000ed800000|100%| E|CS|TAMS 0x00000000ed700000, 0x00000000ed700000| Complete 
| 216|0x00000000ed800000, 0x00000000ed900000, 0x00000000ed900000|100%| E|CS|TAMS 0x00000000ed800000, 0x00000000ed800000| Complete 
| 217|0x00000000ed900000, 0x00000000eda00000, 0x00000000eda00000|100%| E|CS|TAMS 0x00000000ed900000, 0x00000000ed900000| Complete 
| 218|0x00000000eda00000, 0x00000000edb00000, 0x00000000edb00000|100%| E|CS|TAMS 0x00000000eda00000, 0x00000000eda00000| Complete 
| 219|0x00000000edb00000, 0x00000000edc00000, 0x00000000edc00000|100%| E|CS|TAMS 0x00000000edb00000, 0x00000000edb00000| Complete 
| 220|0x00000000edc00000, 0x00000000edd00000, 0x00000000edd00000|100%| E|CS|TAMS 0x00000000edc00000, 0x00000000edc00000| Complete 
| 221|0x00000000edd00000, 0x00000000ede00000, 0x00000000ede00000|100%| E|CS|TAMS 0x00000000edd00000, 0x00000000edd00000| Complete 
| 222|0x00000000ede00000, 0x00000000edf00000, 0x00000000edf00000|100%| E|CS|TAMS 0x00000000ede00000, 0x00000000ede00000| Complete 
| 223|0x00000000edf00000, 0x00000000ee000000, 0x00000000ee000000|100%| S|CS|TAMS 0x00000000edf00000, 0x00000000edf00000| Complete 
| 224|0x00000000ee000000, 0x00000000ee100000, 0x00000000ee100000|100%| S|CS|TAMS 0x00000000ee000000, 0x00000000ee000000| Complete 
| 225|0x00000000ee100000, 0x00000000ee200000, 0x00000000ee200000|100%| S|CS|TAMS 0x00000000ee100000, 0x00000000ee100000| Complete 
| 226|0x00000000ee200000, 0x00000000ee300000, 0x00000000ee300000|100%| S|CS|TAMS 0x00000000ee200000, 0x00000000ee200000| Complete 
| 227|0x00000000ee300000, 0x00000000ee400000, 0x00000000ee400000|100%| E|CS|TAMS 0x00000000ee300000, 0x00000000ee300000| Complete 
| 228|0x00000000ee400000, 0x00000000ee500000, 0x00000000ee500000|100%| E|CS|TAMS 0x00000000ee400000, 0x00000000ee400000| Complete 
| 229|0x00000000ee500000, 0x00000000ee600000, 0x00000000ee600000|100%| E|CS|TAMS 0x00000000ee500000, 0x00000000ee500000| Complete 
| 230|0x00000000ee600000, 0x00000000ee700000, 0x00000000ee700000|100%| E|CS|TAMS 0x00000000ee600000, 0x00000000ee600000| Complete 
| 231|0x00000000ee700000, 0x00000000ee800000, 0x00000000ee800000|100%| E|CS|TAMS 0x00000000ee700000, 0x00000000ee700000| Complete 
| 232|0x00000000ee800000, 0x00000000ee900000, 0x00000000ee900000|100%| E|CS|TAMS 0x00000000ee800000, 0x00000000ee800000| Complete 
| 233|0x00000000ee900000, 0x00000000eea00000, 0x00000000eea00000|100%| E|CS|TAMS 0x00000000ee900000, 0x00000000ee900000| Complete 
| 234|0x00000000eea00000, 0x00000000eeb00000, 0x00000000eeb00000|100%| E|CS|TAMS 0x00000000eea00000, 0x00000000eea00000| Complete 
| 235|0x00000000eeb00000, 0x00000000eec00000, 0x00000000eec00000|100%| E|CS|TAMS 0x00000000eeb00000, 0x00000000eeb00000| Complete 
| 236|0x00000000eec00000, 0x00000000eed00000, 0x00000000eed00000|100%| E|CS|TAMS 0x00000000eec00000, 0x00000000eec00000| Complete 
| 237|0x00000000eed00000, 0x00000000eee00000, 0x00000000eee00000|100%| E|CS|TAMS 0x00000000eed00000, 0x00000000eed00000| Complete 
| 238|0x00000000eee00000, 0x00000000eef00000, 0x00000000eef00000|100%| E|CS|TAMS 0x00000000eee00000, 0x00000000eee00000| Complete 
| 239|0x00000000eef00000, 0x00000000ef000000, 0x00000000ef000000|100%| E|CS|TAMS 0x00000000eef00000, 0x00000000eef00000| Complete 
| 240|0x00000000ef000000, 0x00000000ef100000, 0x00000000ef100000|100%| E|CS|TAMS 0x00000000ef000000, 0x00000000ef000000| Complete 
| 241|0x00000000ef100000, 0x00000000ef200000, 0x00000000ef200000|100%| E|CS|TAMS 0x00000000ef100000, 0x00000000ef100000| Complete 
| 242|0x00000000ef200000, 0x00000000ef300000, 0x00000000ef300000|100%| E|CS|TAMS 0x00000000ef200000, 0x00000000ef200000| Complete 
| 243|0x00000000ef300000, 0x00000000ef400000, 0x00000000ef400000|100%| E|CS|TAMS 0x00000000ef300000, 0x00000000ef300000| Complete 
| 244|0x00000000ef400000, 0x00000000ef500000, 0x00000000ef500000|100%| E|CS|TAMS 0x00000000ef400000, 0x00000000ef400000| Complete 
| 245|0x00000000ef500000, 0x00000000ef600000, 0x00000000ef600000|100%| E|CS|TAMS 0x00000000ef500000, 0x00000000ef500000| Complete 
| 246|0x00000000ef600000, 0x00000000ef700000, 0x00000000ef700000|100%| E|CS|TAMS 0x00000000ef600000, 0x00000000ef600000| Complete 
| 247|0x00000000ef700000, 0x00000000ef800000, 0x00000000ef800000|100%| E|CS|TAMS 0x00000000ef700000, 0x00000000ef700000| Complete 
| 248|0x00000000ef800000, 0x00000000ef900000, 0x00000000ef900000|100%| E|CS|TAMS 0x00000000ef800000, 0x00000000ef800000| Complete 
| 249|0x00000000ef900000, 0x00000000efa00000, 0x00000000efa00000|100%| E|CS|TAMS 0x00000000ef900000, 0x00000000ef900000| Complete 
| 250|0x00000000efa00000, 0x00000000efb00000, 0x00000000efb00000|100%| E|CS|TAMS 0x00000000efa00000, 0x00000000efa00000| Complete 
| 251|0x00000000efb00000, 0x00000000efc00000, 0x00000000efc00000|100%| E|CS|TAMS 0x00000000efb00000, 0x00000000efb00000| Complete 
| 252|0x00000000efc00000, 0x00000000efd00000, 0x00000000efd00000|100%| E|CS|TAMS 0x00000000efc00000, 0x00000000efc00000| Complete 
| 253|0x00000000efd00000, 0x00000000efe00000, 0x00000000efe00000|100%| E|CS|TAMS 0x00000000efd00000, 0x00000000efd00000| Complete 
| 254|0x00000000efe00000, 0x00000000eff00000, 0x00000000eff00000|100%| E|CS|TAMS 0x00000000efe00000, 0x00000000efe00000| Complete 
| 255|0x00000000eff00000, 0x00000000f0000000, 0x00000000f0000000|100%| E|CS|TAMS 0x00000000eff00000, 0x00000000eff00000| Complete 

Card table byte_map: [0x000001a7c5bc0000,0x000001a7c5cc0000] _byte_map_base: 0x000001a7c54c0000

Marking Bits (Prev, Next): (CMBitMap*) 0x000001a7aecca9f0, (CMBitMap*) 0x000001a7aeccaa30
 Prev Bits: [0x000001a7c5dc0000, 0x000001a7c65c0000)
 Next Bits: [0x000001a7c65c0000, 0x000001a7c6dc0000)

Polling page: 0x000001a7acbd0000

Metaspace:

Usage:
  Non-class:     10.72 MB used.
      Class:      1.74 MB used.
       Both:     12.46 MB used.

Virtual space:
  Non-class space:       16.00 MB reserved,      10.88 MB ( 68%) committed,  2 nodes.
      Class space:      308.00 MB reserved,       1.88 MB ( <1%) committed,  1 nodes.
             Both:      324.00 MB reserved,      12.75 MB (  4%) committed. 

Chunk freelists:
   Non-Class:  1.17 MB
       Class:  2.09 MB
        Both:  3.27 MB

MaxMetaspaceSize: 384.00 MB
CompressedClassSpaceSize: 308.00 MB
Initial GC threshold: 21.00 MB
Current GC threshold: 21.00 MB
CDS: on
MetaspaceReclaimPolicy: balanced
 - commit_granule_bytes: 65536.
 - commit_granule_words: 8192.
 - virtual_space_node_default_size: 1048576.
 - enlarge_chunks_in_place: 1.
 - new_chunks_are_fully_committed: 0.
 - uncommit_free_chunks: 1.
 - use_allocation_guard: 0.
 - handle_deallocations: 1.


Internal statistics:

num_allocs_failed_limit: 0.
num_arena_births: 182.
num_arena_deaths: 0.
num_vsnodes_births: 3.
num_vsnodes_deaths: 0.
num_space_committed: 204.
num_space_uncommitted: 0.
num_chunks_returned_to_freelist: 0.
num_chunks_taken_from_freelist: 565.
num_chunk_merges: 0.
num_chunk_splits: 372.
num_chunks_enlarged: 289.
num_purges: 0.
num_inconsistent_stats: 0.

CodeHeap 'non-profiled nmethods': size=120000Kb used=1000Kb max_used=1000Kb free=118999Kb
 bounds [0x000001a7be260000, 0x000001a7be4d0000, 0x000001a7c5790000]
CodeHeap 'profiled nmethods': size=120000Kb used=4308Kb max_used=4308Kb free=115691Kb
 bounds [0x000001a7b6790000, 0x000001a7b6bd0000, 0x000001a7bdcc0000]
CodeHeap 'non-nmethods': size=5760Kb used=1209Kb max_used=1221Kb free=4550Kb
 bounds [0x000001a7bdcc0000, 0x000001a7bdf30000, 0x000001a7be260000]
 total_blobs=2651 nmethods=2134 adapters=429
 compilation: enabled
              stopped_count=0, restarted_count=0
 full_count=0

Compilation events (20 events):
Event: 21.787 Thread 0x000001a7c97e8df0 2125       3       org.gradle.internal.service.DefaultServiceRegistry$ClassInspector$ClassDetails::locateAnnotation (44 bytes)
Event: 21.787 Thread 0x000001a7c97e8df0 nmethod 2125 0x000001a7b6bbf310 code [0x000001a7b6bbf540, 0x000001a7b6bbfe98]
Event: 21.787 Thread 0x000001a7c97e8df0 2126       3       java.lang.reflect.Constructor::newInstanceWithCaller (75 bytes)
Event: 21.788 Thread 0x000001a7c97e8df0 nmethod 2126 0x000001a7b6bc0190 code [0x000001a7b6bc0380, 0x000001a7b6bc0798]
Event: 21.809 Thread 0x000001a7c97e8df0 2128       3       jdk.internal.reflect.DelegatingConstructorAccessorImpl::newInstance (9 bytes)
Event: 21.810 Thread 0x000001a7c97e8df0 nmethod 2128 0x000001a7b6bc0910 code [0x000001a7b6bc0ac0, 0x000001a7b6bc0c88]
Event: 21.816 Thread 0x000001a7c97e8df0 2129       3       java.nio.HeapByteBuffer::get (14 bytes)
Event: 21.816 Thread 0x000001a7c97e8df0 nmethod 2129 0x000001a7b6bc0d90 code [0x000001a7b6bc0f60, 0x000001a7b6bc1248]
Event: 21.816 Thread 0x000001a7c97e8df0 2130       3       java.lang.reflect.Constructor::newInstance (34 bytes)
Event: 21.817 Thread 0x000001a7c97e8df0 nmethod 2130 0x000001a7b6bc1410 code [0x000001a7b6bc15c0, 0x000001a7b6bc17f8]
Event: 21.819 Thread 0x000001a7c97e8df0 2131       3       jdk.internal.reflect.ConstantPool::getUTF8At (10 bytes)
Event: 21.819 Thread 0x000001a7c97e8df0 nmethod 2131 0x000001a7b6bc1910 code [0x000001a7b6bc1aa0, 0x000001a7b6bc1be8]
Event: 21.863 Thread 0x000001a7c97e8df0 2133       3       org.gradle.internal.service.DefaultServiceRegistry$FactoryService::<init> (7 bytes)
Event: 21.864 Thread 0x000001a7c97e8df0 nmethod 2133 0x000001a7b6bc1c90 code [0x000001a7b6bc1ea0, 0x000001a7b6bc2708]
Event: 21.879 Thread 0x000001a7c97e8df0 2134       3       java.lang.reflect.Method::getGenericReturnType (20 bytes)
Event: 21.881 Thread 0x000001a7c97e8df0 nmethod 2134 0x000001a7b6bc2990 code [0x000001a7b6bc2c40, 0x000001a7b6bc3d78]
Event: 21.885 Thread 0x000001a7c97e8df0 2135       3       java.util.LinkedList::checkPositionIndex (22 bytes)
Event: 21.886 Thread 0x000001a7c97e8df0 nmethod 2135 0x000001a7b6bc4290 code [0x000001a7b6bc44e0, 0x000001a7b6bc4c48]
Event: 21.886 Thread 0x000001a7c97e8df0 2136       3       java.util.LinkedList::isPositionIndex (18 bytes)
Event: 21.886 Thread 0x000001a7c97e8df0 nmethod 2136 0x000001a7b6bc4f90 code [0x000001a7b6bc5120, 0x000001a7b6bc52b8]

GC Heap History (4 events):
Event: 5.350 GC heap before
{Heap before GC invocations=0 (full 0):
 garbage-first heap   total 262144K, used 26624K [0x00000000e0000000, 0x0000000100000000)
  region size 1024K, 23 young (23552K), 0 survivors (0K)
 Metaspace       used 3110K, committed 3200K, reserved 323584K
  class space    used 393K, committed 448K, reserved 315392K
}
Event: 5.574 GC heap after
{Heap after GC invocations=1 (full 0):
 garbage-first heap   total 262144K, used 10529K [0x00000000e0000000, 0x0000000100000000)
  region size 1024K, 3 young (3072K), 3 survivors (3072K)
 Metaspace       used 3110K, committed 3200K, reserved 323584K
  class space    used 393K, committed 448K, reserved 315392K
}
Event: 8.869 GC heap before
{Heap before GC invocations=1 (full 0):
 garbage-first heap   total 262144K, used 37153K [0x00000000e0000000, 0x0000000100000000)
  region size 1024K, 29 young (29696K), 3 survivors (3072K)
 Metaspace       used 4051K, committed 4224K, reserved 323584K
  class space    used 491K, committed 576K, reserved 315392K
}
Event: 8.874 GC heap after
{Heap after GC invocations=2 (full 0):
 garbage-first heap   total 262144K, used 15244K [0x00000000e0000000, 0x0000000100000000)
  region size 1024K, 4 young (4096K), 4 survivors (4096K)
 Metaspace       used 4051K, committed 4224K, reserved 323584K
  class space    used 491K, committed 576K, reserved 315392K
}

Dll operation events (14 events):
Event: 0.149 Loaded shared library C:\Users\dell\.jdks\corretto-17.0.6\bin\java.dll
Event: 0.345 Loaded shared library C:\Users\dell\.jdks\corretto-17.0.6\bin\jsvml.dll
Event: 0.586 Loaded shared library C:\Users\dell\.jdks\corretto-17.0.6\bin\zip.dll
Event: 0.596 Loaded shared library C:\Users\dell\.jdks\corretto-17.0.6\bin\instrument.dll
Event: 0.605 Loaded shared library C:\Users\dell\.jdks\corretto-17.0.6\bin\net.dll
Event: 0.608 Loaded shared library C:\Users\dell\.jdks\corretto-17.0.6\bin\nio.dll
Event: 0.619 Loaded shared library C:\Users\dell\.jdks\corretto-17.0.6\bin\zip.dll
Event: 1.846 Loaded shared library C:\Users\dell\.jdks\corretto-17.0.6\bin\jimage.dll
Event: 2.095 Loaded shared library C:\Users\dell\.jdks\corretto-17.0.6\bin\verify.dll
Event: 3.926 Loaded shared library C:\Users\dell\.gradle\native\68d5fa5c4cc2d200863cafc0d521ce42e7d3e7ee720ec0a83991735586a16f82\windows-amd64\native-platform.dll
Event: 3.957 Loaded shared library C:\Users\dell\.gradle\native\e376f236ea51e6404a007f0833ffe2c6e607c4080706a723a18a27aeea778392\windows-amd64\native-platform-file-events.dll
Event: 9.811 Loaded shared library C:\Users\dell\.jdks\corretto-17.0.6\bin\management.dll
Event: 9.820 Loaded shared library C:\Users\dell\.jdks\corretto-17.0.6\bin\management_ext.dll
Event: 16.154 Loaded shared library C:\Users\dell\.jdks\corretto-17.0.6\bin\sunmscapi.dll

Deoptimization events (20 events):
Event: 19.318 Thread 0x000001a7ca77ae30 DEOPT PACKING pc=0x000001a7b6b16f6e sp=0x00000041170fe180
Event: 19.318 Thread 0x000001a7ca77ae30 DEOPT UNPACKING pc=0x000001a7bdd17143 sp=0x00000041170fd6c8 mode 0
Event: 19.319 Thread 0x000001a7ca77ae30 DEOPT PACKING pc=0x000001a7b6b16f6e sp=0x00000041170fe180
Event: 19.319 Thread 0x000001a7ca77ae30 DEOPT UNPACKING pc=0x000001a7bdd17143 sp=0x00000041170fd6c8 mode 0
Event: 19.320 Thread 0x000001a7ca77ae30 DEOPT PACKING pc=0x000001a7b6b16f6e sp=0x00000041170fe180
Event: 19.320 Thread 0x000001a7ca77ae30 DEOPT UNPACKING pc=0x000001a7bdd17143 sp=0x00000041170fd6c8 mode 0
Event: 19.321 Thread 0x000001a7ca77ae30 DEOPT PACKING pc=0x000001a7b6b16f6e sp=0x00000041170fe1a0
Event: 19.321 Thread 0x000001a7ca77ae30 DEOPT UNPACKING pc=0x000001a7bdd17143 sp=0x00000041170fd6e8 mode 0
Event: 19.544 Thread 0x000001a7cb868a70 Uncommon trap: trap_request=0xffffff45 fr.pc=0x000001a7be31c710 relative=0x00000000000012f0
Event: 19.544 Thread 0x000001a7cb868a70 Uncommon trap: reason=unstable_if action=reinterpret pc=0x000001a7be31c710 method=java.util.concurrent.ConcurrentHashMap.putVal(Ljava/lang/Object;Ljava/lang/Object;Z)Ljava/lang/Object; @ 256 c2
Event: 19.544 Thread 0x000001a7cb868a70 DEOPT PACKING pc=0x000001a7be31c710 sp=0x00000041173febb0
Event: 19.544 Thread 0x000001a7cb868a70 DEOPT UNPACKING pc=0x000001a7bdd169a3 sp=0x00000041173feb28 mode 2
Event: 20.551 Thread 0x000001a7cb868a70 Uncommon trap: trap_request=0xffffff45 fr.pc=0x000001a7be29a5a4 relative=0x0000000000000264
Event: 20.551 Thread 0x000001a7cb868a70 Uncommon trap: reason=unstable_if action=reinterpret pc=0x000001a7be29a5a4 method=java.util.HashMap.getNode(Ljava/lang/Object;)Ljava/util/HashMap$Node; @ 66 c2
Event: 20.551 Thread 0x000001a7cb868a70 DEOPT PACKING pc=0x000001a7be29a5a4 sp=0x00000041173fc0b0
Event: 20.551 Thread 0x000001a7cb868a70 DEOPT UNPACKING pc=0x000001a7bdd169a3 sp=0x00000041173fc030 mode 2
Event: 20.655 Thread 0x000001a7cb868a70 Uncommon trap: trap_request=0xffffff45 fr.pc=0x000001a7be312274 relative=0x0000000000000254
Event: 20.655 Thread 0x000001a7cb868a70 Uncommon trap: reason=unstable_if action=reinterpret pc=0x000001a7be312274 method=java.util.concurrent.ConcurrentHashMap.get(Ljava/lang/Object;)Ljava/lang/Object; @ 76 c2
Event: 20.655 Thread 0x000001a7cb868a70 DEOPT PACKING pc=0x000001a7be312274 sp=0x00000041173fb590
Event: 20.655 Thread 0x000001a7cb868a70 DEOPT UNPACKING pc=0x000001a7bdd169a3 sp=0x00000041173fb4f8 mode 2

Classes unloaded (0 events):
No events

Classes redefined (0 events):
No events

Internal exceptions (20 events):
Event: 3.787 Thread 0x000001a7aec9ae90 Exception <a 'java/lang/NoSuchMethodError'{0x00000000eefc9c00}: 'java.lang.Object java.lang.invoke.Invokers$Holder.invokeExact_MT(java.lang.Object, java.lang.Object, java.lang.Object, java.lang.Object)'> (0x00000000eefc9c00) 
thrown [s\src\hotspot\share\interpreter\linkResolver.cpp, line 759]
Event: 5.864 Thread 0x000001a7aec9ae90 Exception <a 'java/lang/NoSuchMethodError'{0x00000000efd0cb88}: 'void java.lang.invoke.DirectMethodHandle$Holder.invokeInterface(java.lang.Object, java.lang.Object, java.lang.Object)'> (0x00000000efd0cb88) 
thrown [s\src\hotspot\share\interpreter\linkResolver.cpp, line 759]
Event: 9.805 Thread 0x000001a7aec9ae90 Exception <a 'java/lang/NoSuchMethodError'{0x00000000ef71aae0}: 'java.lang.Object java.lang.invoke.DirectMethodHandle$Holder.invokeStaticInit(java.lang.Object)'> (0x00000000ef71aae0) 
thrown [s\src\hotspot\share\interpreter\linkResolver.cpp, line 759]
Event: 9.899 Thread 0x000001a7aec9ae90 Exception <a 'java/lang/NoSuchMethodError'{0x00000000ef7a34c0}: 'java.lang.Object java.lang.invoke.DirectMethodHandle$Holder.invokeInterface(java.lang.Object, java.lang.Object)'> (0x00000000ef7a34c0) 
thrown [s\src\hotspot\share\interpreter\linkResolver.cpp, line 759]
Event: 10.327 Thread 0x000001a7aec9ae90 Exception <a 'java/lang/NoSuchMethodError'{0x00000000ef1afc90}: 'java.lang.Object java.lang.invoke.DirectMethodHandle$Holder.invokeStaticInit(java.lang.Object, int, int, int, int)'> (0x00000000ef1afc90) 
thrown [s\src\hotspot\share\interpreter\linkResolver.cpp, line 759]
Event: 11.414 Thread 0x000001a7aec9ae90 Exception <a 'java/lang/NoSuchMethodError'{0x00000000ef0612d0}: 'java.lang.Object java.lang.invoke.DirectMethodHandle$Holder.invokeStaticInit(java.lang.Object, java.lang.Object, int, int, int, int)'> (0x00000000ef0612d0) 
thrown [s\src\hotspot\share\interpreter\linkResolver.cpp, line 759]
Event: 15.605 Thread 0x000001a7aec9ae90 Exception <a 'java/lang/NoSuchMethodError'{0x00000000eefe63d0}: 'void java.lang.invoke.DirectMethodHandle$Holder.invokeStatic(java.lang.Object, java.lang.Object, java.lang.Object)'> (0x00000000eefe63d0) 
thrown [s\src\hotspot\share\interpreter\linkResolver.cpp, line 759]
Event: 15.855 Thread 0x000001a7aec9ae90 Exception <a 'java/io/IOException'{0x00000000eeec1248}> (0x00000000eeec1248) 
thrown [s\src\hotspot\share\prims\jni.cpp, line 516]
Event: 19.850 Thread 0x000001a7cb868a70 Exception <a 'java/lang/NoSuchMethodError'{0x00000000ee411238}: 'long java.lang.invoke.DirectMethodHandle$Holder.invokeInterface(java.lang.Object, java.lang.Object)'> (0x00000000ee411238) 
thrown [s\src\hotspot\share\interpreter\linkResolver.cpp, line 759]
Event: 20.016 Thread 0x000001a7cb868a70 Exception <a 'java/lang/NoSuchMethodError'{0x00000000ee447250}: 'java.lang.Object java.lang.invoke.DirectMethodHandle$Holder.invokeVirtual(java.lang.Object, java.lang.Object, java.lang.Object)'> (0x00000000ee447250) 
thrown [s\src\hotspot\share\interpreter\linkResolver.cpp, line 759]
Event: 20.294 Thread 0x000001a7cb868a70 Exception <a 'java/lang/NoSuchMethodError'{0x00000000eddd9738}: 'void java.lang.invoke.DirectMethodHandle$Holder.invokeStatic(java.lang.Object, java.lang.Object)'> (0x00000000eddd9738) 
thrown [s\src\hotspot\share\interpreter\linkResolver.cpp, line 759]
Event: 20.589 Thread 0x000001a7cb868a70 Exception <a 'java/lang/NoSuchMethodError'{0x00000000edb793a8}: 'java.lang.Object java.lang.invoke.DirectMethodHandle$Holder.newInvokeSpecial(java.lang.Object, java.lang.Object, java.lang.Object, java.lang.Object, java.lang.Object)'> (0x00000000edb793a8) 
thrown [s\src\hotspot\share\interpreter\linkResolver.cpp, line 759]
Event: 20.936 Thread 0x000001a7cb868a70 Exception <a 'java/lang/NoSuchMethodError'{0x00000000ed993e98}: 'void java.lang.invoke.DirectMethodHandle$Holder.invokeSpecial(java.lang.Object, java.lang.Object, java.lang.Object)'> (0x00000000ed993e98) 
thrown [s\src\hotspot\share\interpreter\linkResolver.cpp, line 759]
Event: 21.023 Thread 0x000001a7cb868a70 Exception <a 'java/lang/NoSuchMethodError'{0x00000000ed82c460}: 'java.lang.Object java.lang.invoke.DirectMethodHandle$Holder.newInvokeSpecial(java.lang.Object, java.lang.Object, java.lang.Object, java.lang.Object, java.lang.Object, java.lang.Object)'> (0x00000000ed82c460) 
thrown [s\src\hotspot\share\interpreter\linkResolver.cpp, line 759]
Event: 21.029 Thread 0x000001a7cb868a70 Exception <a 'java/lang/NoSuchMethodError'{0x00000000ed843b38}: 'void java.lang.invoke.DirectMethodHandle$Holder.invokeSpecial(java.lang.Object, java.lang.Object, java.lang.Object, java.lang.Object, java.lang.Object)'> (0x00000000ed843b38) 
thrown [s\src\hotspot\share\interpreter\linkResolver.cpp, line 759]
Event: 21.036 Thread 0x000001a7cb868a70 Exception <a 'java/lang/NoSuchMethodError'{0x00000000ed857508}: 'void java.lang.invoke.DirectMethodHandle$Holder.invokeStaticInit(java.lang.Object, java.lang.Object)'> (0x00000000ed857508) 
thrown [s\src\hotspot\share\interpreter\linkResolver.cpp, line 759]
Event: 21.680 Thread 0x000001a7cb868a70 Exception <a 'java/lang/NoSuchMethodError'{0x00000000ed517150}: 'void java.lang.invoke.DelegatingMethodHandle$Holder.reinvoke_L(java.lang.Object, java.lang.Object, java.lang.Object, java.lang.Object, java.lang.Object, java.lang.Object, java.lang.Object, java.lang.Object, java.lang.Object, java.lang.Object)'> (0x00000000ed517150) 
thrown [s\src\hotspot\share\interpreter\linkResolver.cpp, line 759]
Event: 21.682 Thread 0x000001a7cb868a70 Exception <a 'java/lang/NoSuchMethodError'{0x00000000ed51f5c0}: 'java.lang.Object java.lang.invoke.DirectMethodHandle$Holder.invokeSpecial(java.lang.Object, java.lang.Object, java.lang.Object, java.lang.Object, java.lang.Object, java.lang.Object, java.lang.Object, java.lang.Object, java.lang.Object, java.lang.Object)'> (0x00000000ed51f5c0) 
thrown [s\src\hotspot\share\interpreter\linkResolver.cpp, line 759]
Event: 21.683 Thread 0x000001a7cb868a70 Exception <a 'java/lang/NoSuchMethodError'{0x00000000ed523e90}: 'java.lang.Object java.lang.invoke.Invokers$Holder.invoker(java.lang.Object, java.lang.Object, java.lang.Object, java.lang.Object, java.lang.Object, java.lang.Object, java.lang.Object, java.lang.Object, java.lang.Object, java.lang.Object)'> (0x00000000ed523e90) 
thrown [s\src\hotspot\share\interpreter\linkResolver.cpp, line 759]
Event: 21.684 Thread 0x000001a7cb868a70 Exception <a 'java/lang/NoSuchMethodError'{0x00000000ed529a18}: 'java.lang.Object java.lang.invoke.DirectMethodHandle$Holder.invokeSpecial(java.lang.Object, java.lang.Object, java.lang.Object, java.lang.Object, java.lang.Object, java.lang.Object, java.lang.Object, java.lang.Object, java.lang.Object, java.lang.Object, java.lang.Object)'> (0x00000000ed529a18) 
thrown [s\src\hotspot\share\interpreter\linkResolver.cpp, line 759]

VM Operations (20 events):
Event: 14.929 Executing VM operation: Cleanup
Event: 14.930 Executing VM operation: Cleanup done
Event: 15.602 Executing VM operation: HandshakeAllThreads
Event: 15.602 Executing VM operation: HandshakeAllThreads done
Event: 16.174 Executing VM operation: HandshakeAllThreads
Event: 16.174 Executing VM operation: HandshakeAllThreads done
Event: 16.174 Executing VM operation: Cleanup
Event: 16.174 Executing VM operation: Cleanup done
Event: 17.179 Executing VM operation: Cleanup
Event: 17.179 Executing VM operation: Cleanup done
Event: 18.187 Executing VM operation: Cleanup
Event: 18.187 Executing VM operation: Cleanup done
Event: 19.200 Executing VM operation: Cleanup
Event: 19.200 Executing VM operation: Cleanup done
Event: 20.207 Executing VM operation: Cleanup
Event: 20.208 Executing VM operation: Cleanup done
Event: 21.224 Executing VM operation: Cleanup
Event: 21.224 Executing VM operation: Cleanup done
Event: 21.513 Executing VM operation: HandshakeAllThreads
Event: 21.513 Executing VM operation: HandshakeAllThreads done

Events (20 events):
Event: 20.654 loading class jdk/internal/vm/annotation/IntrinsicCandidate
Event: 20.654 loading class jdk/internal/vm/annotation/IntrinsicCandidate done
Event: 20.658 loading class java/util/stream/MatchOps$MatchKind
Event: 20.658 loading class java/util/stream/MatchOps$MatchKind done
Event: 20.658 loading class java/util/stream/MatchOps
Event: 20.661 loading class java/util/stream/MatchOps done
Event: 20.661 loading class java/util/stream/MatchOps$MatchOp
Event: 20.661 loading class java/util/stream/MatchOps$MatchOp done
Event: 20.662 loading class java/util/stream/MatchOps$BooleanTerminalSink
Event: 20.662 loading class java/util/stream/MatchOps$BooleanTerminalSink done
Event: 20.662 loading class java/util/stream/MatchOps$1MatchSink
Event: 20.663 loading class java/util/stream/MatchOps$1MatchSink done
Event: 21.264 loading class java/util/ConcurrentModificationException
Event: 21.266 loading class java/util/ConcurrentModificationException done
Event: 21.371 loading class java/lang/invoke/MethodHandle$1
Event: 21.373 loading class java/lang/invoke/MethodHandle$1 done
Event: 21.519 loading class sun/reflect/generics/scope/ConstructorScope
Event: 21.519 loading class sun/reflect/generics/scope/ConstructorScope done
Event: 21.519 loading class sun/reflect/generics/tree/VoidDescriptor
Event: 21.519 loading class sun/reflect/generics/tree/VoidDescriptor done


Dynamic libraries:
0x00007ff68e0e0000 - 0x00007ff68e0ed000 	C:\Users\dell\.jdks\corretto-17.0.6\bin\java.exe
0x00007ffa2d930000 - 0x00007ffa2db47000 	C:\WINDOWS\SYSTEM32\ntdll.dll
0x00007ffa2cf10000 - 0x00007ffa2cfd4000 	C:\WINDOWS\System32\KERNEL32.DLL
0x00007ffa2ade0000 - 0x00007ffa2b186000 	C:\WINDOWS\System32\KERNELBASE.dll
0x00007ffa2b440000 - 0x00007ffa2b551000 	C:\WINDOWS\System32\ucrtbase.dll
0x00007ffa19320000 - 0x00007ffa19337000 	C:\Users\dell\.jdks\corretto-17.0.6\bin\jli.dll
0x00007ffa19340000 - 0x00007ffa19355000 	C:\Users\dell\.jdks\corretto-17.0.6\bin\VCRUNTIME140.dll
0x00007ffa2d520000 - 0x00007ffa2d6ce000 	C:\WINDOWS\System32\USER32.dll
0x00007ffa2b190000 - 0x00007ffa2b1b6000 	C:\WINDOWS\System32\win32u.dll
0x00007ffa2d8b0000 - 0x00007ffa2d8d9000 	C:\WINDOWS\System32\GDI32.dll
0x00007ffa2b2b0000 - 0x00007ffa2b3c8000 	C:\WINDOWS\System32\gdi32full.dll
0x00007ffa2b5e0000 - 0x00007ffa2b67a000 	C:\WINDOWS\System32\msvcp_win.dll
0x00007ffa0df70000 - 0x00007ffa0e203000 	C:\WINDOWS\WinSxS\amd64_microsoft.windows.common-controls_6595b64144ccf1df_6.0.22621.2506_none_270c5ae97388e100\COMCTL32.dll
0x00007ffa2cdf0000 - 0x00007ffa2ce97000 	C:\WINDOWS\System32\msvcrt.dll
0x00007ffa2d870000 - 0x00007ffa2d8a1000 	C:\WINDOWS\System32\IMM32.DLL
0x00007ff9ec320000 - 0x00007ff9ec3bb000 	C:\Users\dell\.jdks\corretto-17.0.6\bin\msvcp140.dll
0x00007ff9d6c40000 - 0x00007ff9d7858000 	C:\Users\dell\.jdks\corretto-17.0.6\bin\server\jvm.dll
0x00007ffa2d370000 - 0x00007ffa2d423000 	C:\WINDOWS\System32\ADVAPI32.dll
0x00007ffa2bb00000 - 0x00007ffa2bba8000 	C:\WINDOWS\System32\sechost.dll
0x00007ffa2b280000 - 0x00007ffa2b2a8000 	C:\WINDOWS\System32\bcrypt.dll
0x00007ffa2d060000 - 0x00007ffa2d177000 	C:\WINDOWS\System32\RPCRT4.dll
0x00007ffa0e880000 - 0x00007ffa0e889000 	C:\WINDOWS\SYSTEM32\WSOCK32.dll
0x00007ffa2cfe0000 - 0x00007ffa2d051000 	C:\WINDOWS\System32\WS2_32.dll
0x00007ffa24120000 - 0x00007ffa24154000 	C:\WINDOWS\SYSTEM32\WINMM.dll
0x00007ffa1dc40000 - 0x00007ffa1dc4a000 	C:\WINDOWS\SYSTEM32\VERSION.dll
0x00007ffa29c70000 - 0x00007ffa29c88000 	C:\WINDOWS\SYSTEM32\kernel.appcore.dll
0x00007ffa18160000 - 0x00007ffa1816a000 	C:\Users\dell\.jdks\corretto-17.0.6\bin\jimage.dll
0x00007ffa28350000 - 0x00007ffa28583000 	C:\WINDOWS\SYSTEM32\DBGHELP.DLL
0x00007ffa2b700000 - 0x00007ffa2ba89000 	C:\WINDOWS\System32\combase.dll
0x00007ffa2d430000 - 0x00007ffa2d507000 	C:\WINDOWS\System32\OLEAUT32.dll
0x00007ffa250c0000 - 0x00007ffa250f2000 	C:\WINDOWS\SYSTEM32\dbgcore.DLL
0x00007ffa2b560000 - 0x00007ffa2b5da000 	C:\WINDOWS\System32\bcryptPrimitives.dll
0x00007ffa23ea0000 - 0x00007ffa23eae000 	C:\Users\dell\.jdks\corretto-17.0.6\bin\instrument.dll
0x00007ffa16780000 - 0x00007ffa167a5000 	C:\Users\dell\.jdks\corretto-17.0.6\bin\java.dll
0x00007ff9e6860000 - 0x00007ff9e6936000 	C:\Users\dell\.jdks\corretto-17.0.6\bin\jsvml.dll
0x00007ffa2bc10000 - 0x00007ffa2c46b000 	C:\WINDOWS\System32\SHELL32.dll
0x00007ffa28b80000 - 0x00007ffa29476000 	C:\WINDOWS\SYSTEM32\windows.storage.dll
0x00007ffa28a40000 - 0x00007ffa28b7e000 	C:\WINDOWS\SYSTEM32\wintypes.dll
0x00007ffa2c5f0000 - 0x00007ffa2c6e3000 	C:\WINDOWS\System32\SHCORE.dll
0x00007ffa2c590000 - 0x00007ffa2c5ee000 	C:\WINDOWS\System32\shlwapi.dll
0x00007ffa2aba0000 - 0x00007ffa2abc6000 	C:\WINDOWS\SYSTEM32\profapi.dll
0x00007ffa18130000 - 0x00007ffa18148000 	C:\Users\dell\.jdks\corretto-17.0.6\bin\zip.dll
0x00007ffa16760000 - 0x00007ffa16779000 	C:\Users\dell\.jdks\corretto-17.0.6\bin\net.dll
0x00007ffa1da70000 - 0x00007ffa1dba7000 	C:\WINDOWS\SYSTEM32\WINHTTP.dll
0x00007ffa2a0f0000 - 0x00007ffa2a159000 	C:\WINDOWS\system32\mswsock.dll
0x00007ffa15310000 - 0x00007ffa15325000 	C:\Users\dell\.jdks\corretto-17.0.6\bin\nio.dll
0x00007ffa16850000 - 0x00007ffa16860000 	C:\Users\dell\.jdks\corretto-17.0.6\bin\verify.dll
0x00007ffa1e2c0000 - 0x00007ffa1e2e7000 	C:\Users\dell\.gradle\native\68d5fa5c4cc2d200863cafc0d521ce42e7d3e7ee720ec0a83991735586a16f82\windows-amd64\native-platform.dll
0x00007ff9ec1d0000 - 0x00007ff9ec314000 	C:\Users\dell\.gradle\native\e376f236ea51e6404a007f0833ffe2c6e607c4080706a723a18a27aeea778392\windows-amd64\native-platform-file-events.dll
0x00007ffa23d80000 - 0x00007ffa23d89000 	C:\Users\dell\.jdks\corretto-17.0.6\bin\management.dll
0x00007ffa23d70000 - 0x00007ffa23d7b000 	C:\Users\dell\.jdks\corretto-17.0.6\bin\management_ext.dll
0x00007ffa2c6f0000 - 0x00007ffa2c6f8000 	C:\WINDOWS\System32\PSAPI.DLL
0x00007ffa2a320000 - 0x00007ffa2a33b000 	C:\WINDOWS\SYSTEM32\CRYPTSP.dll
0x00007ffa29bd0000 - 0x00007ffa29c05000 	C:\WINDOWS\system32\rsaenh.dll
0x00007ffa2a1b0000 - 0x00007ffa2a1dc000 	C:\WINDOWS\SYSTEM32\USERENV.dll
0x00007ffa2a310000 - 0x00007ffa2a31c000 	C:\WINDOWS\SYSTEM32\CRYPTBASE.dll
0x00007ffa296e0000 - 0x00007ffa2970d000 	C:\WINDOWS\SYSTEM32\IPHLPAPI.DLL
0x00007ffa2cea0000 - 0x00007ffa2cea9000 	C:\WINDOWS\System32\NSI.dll
0x00007ffa1d6b0000 - 0x00007ffa1d6c9000 	C:\WINDOWS\SYSTEM32\dhcpcsvc6.DLL
0x00007ffa1d690000 - 0x00007ffa1d6af000 	C:\WINDOWS\SYSTEM32\dhcpcsvc.DLL
0x00007ffa29750000 - 0x00007ffa29849000 	C:\WINDOWS\SYSTEM32\DNSAPI.dll
0x00007ffa23b60000 - 0x00007ffa23b6e000 	C:\Users\dell\.jdks\corretto-17.0.6\bin\sunmscapi.dll
0x00007ffa2ac70000 - 0x00007ffa2add6000 	C:\WINDOWS\System32\CRYPT32.dll
0x00007ffa2a540000 - 0x00007ffa2a56e000 	C:\WINDOWS\SYSTEM32\ncrypt.dll
0x00007ffa2a500000 - 0x00007ffa2a537000 	C:\WINDOWS\SYSTEM32\NTASN1.dll
0x00007ff99ea70000 - 0x00007ff99ea78000 	C:\WINDOWS\system32\wshunix.dll

dbghelp: loaded successfully - version: 4.0.5 - missing functions: none
symbol engine: initialized successfully - sym options: 0x614 - pdb path: .;C:\Users\dell\.jdks\corretto-17.0.6\bin;C:\WINDOWS\SYSTEM32;C:\WINDOWS\WinSxS\amd64_microsoft.windows.common-controls_6595b64144ccf1df_6.0.22621.2506_none_270c5ae97388e100;C:\Users\dell\.jdks\corretto-17.0.6\bin\server;C:\Users\dell\.gradle\native\68d5fa5c4cc2d200863cafc0d521ce42e7d3e7ee720ec0a83991735586a16f82\windows-amd64;C:\Users\dell\.gradle\native\e376f236ea51e6404a007f0833ffe2c6e607c4080706a723a18a27aeea778392\windows-amd64

VM Arguments:
jvm_args: --add-opens=java.base/java.util=ALL-UNNAMED --add-opens=java.base/java.lang=ALL-UNNAMED --add-opens=java.base/java.lang.invoke=ALL-UNNAMED --add-opens=java.prefs/java.util.prefs=ALL-UNNAMED --add-opens=java.base/java.nio.charset=ALL-UNNAMED --add-opens=java.base/java.net=ALL-UNNAMED --add-opens=java.base/java.util.concurrent.atomic=ALL-UNNAMED -XX:MaxMetaspaceSize=384m -XX:+HeapDumpOnOutOfMemoryError -Xms256m -Xmx512m -Dfile.encoding=windows-1252 -Duser.country=US -Duser.language=en -Duser.variant -javaagent:C:\Java\gradle-8.2\lib\agents\gradle-instrumentation-agent-8.2.jar 
java_command: org.gradle.launcher.daemon.bootstrap.GradleDaemon 8.2
java_class_path (initial): C:\Java\gradle-8.2\lib\gradle-launcher-8.2.jar
Launcher Type: SUN_STANDARD

[Global flags]
     intx CICompilerCount                          = 4                                         {product} {ergonomic}
   size_t CompressedClassSpaceSize                 = 322961408                                 {product} {ergonomic}
     uint ConcGCThreads                            = 2                                         {product} {ergonomic}
     uint G1ConcRefinementThreads                  = 8                                         {product} {ergonomic}
   size_t G1HeapRegionSize                         = 1048576                                   {product} {ergonomic}
    uintx GCDrainStackTargetSize                   = 64                                        {product} {ergonomic}
     bool HeapDumpOnOutOfMemoryError               = true                                   {manageable} {command line}
   size_t InitialHeapSize                          = 268435456                                 {product} {command line}
   size_t MarkStackSize                            = 4194304                                   {product} {ergonomic}
   size_t MaxHeapSize                              = 536870912                                 {product} {command line}
   size_t MaxMetaspaceSize                         = 402653184                                 {product} {command line}
   size_t MaxNewSize                               = 321912832                                 {product} {ergonomic}
   size_t MinHeapDeltaBytes                        = 1048576                                   {product} {ergonomic}
   size_t MinHeapSize                              = 268435456                                 {product} {command line}
    uintx NonNMethodCodeHeapSize                   = 5839372                                {pd product} {ergonomic}
    uintx NonProfiledCodeHeapSize                  = 122909434                              {pd product} {ergonomic}
    uintx ProfiledCodeHeapSize                     = 122909434                              {pd product} {ergonomic}
    uintx ReservedCodeCacheSize                    = 251658240                              {pd product} {ergonomic}
     bool SegmentedCodeCache                       = true                                      {product} {ergonomic}
   size_t SoftMaxHeapSize                          = 536870912                              {manageable} {ergonomic}
     bool UseCompressedClassPointers               = true                           {product lp64_product} {ergonomic}
     bool UseCompressedOops                        = true                           {product lp64_product} {ergonomic}
     bool UseG1GC                                  = true                                      {product} {ergonomic}
     bool UseLargePagesIndividualAllocation        = false                                  {pd product} {ergonomic}

Logging:
Log output configuration:
 #0: stdout all=warning uptime,level,tags
 #1: stderr all=off uptime,level,tags

Environment Variables:
JAVA_HOME=C:\Java\jdk-17.0.6
PATH=C:\Program Files\Common Files\Oracle\Java\javapath;C:\ProgramData\Oracle\Java\javapath;C:\WINDOWS\system32;C:\WINDOWS;C:\WINDOWS\System32\Wbem;C:\WINDOWS\System32\WindowsPowerShell\v1.0\;C:\WINDOWS\System32\OpenSSH\;C:\Program Files (x86)\Intel\Intel(R) Management Engine Components\DAL;C:\Program Files\Intel\Intel(R) Management Engine Components\DAL;C:\Program Files\Microsoft SQL Server\Client SDK\ODBC\170\Tools\Binn\;C:\Program Files (x86)\Microsoft SQL Server\150\Tools\Binn\;C:\Program Files\Microsoft SQL Server\150\Tools\Binn\;C:\Program Files\Microsoft SQL Server\150\DTS\Binn\;C:\Program Files (x86)\Microsoft SQL Server\150\DTS\Binn\;C:\Program Files\Azure Data Studio\bin;C:\Program Files\dotnet\;C:\Program Files\MongoDB\Server\5.0\bin;C:\Java\jdk-17.0.6\bin;C:\Program Files\Git\cmd;C:\Java\gradle-8.2\bin;C:\Program Files\Docker\Docker\resources\bin;C:\hadoop-3.3.6\hadoop-3.3.6\bin;C:\Program Files\Redis\;C:\Program Files\nodejs\;C:\Users\dell\AppData\Local\Programs\Python\Python39\Scripts\;C:\Users\dell\AppData\Local\Programs\Python\Python39\;C:\Users\dell\AppData\Local\Microsoft\WindowsApps;C:\Program Files\Azure Data Studio\bin;C:\Users\dell\AppData\Local\Programs\Microsoft VS Code\bin;C:\Users\dell\AppData\Local\Programs\mongosh\;C:\Program Files\heroku\bin;C:\Program Files\Java\jdk-17\bin;C:\Program Files\JetBrains\IntelliJ IDEA 2023.2\bin;;C:\Users\dell\.dotnet\tools;C:\Users\dell\AppData\Roaming\npm
USERNAME=dell
OS=Windows_NT
PROCESSOR_IDENTIFIER=Intel64 Family 6 Model 142 Stepping 12, GenuineIntel
TMP=C:\Users\dell\AppData\Local\Temp
TEMP=C:\Users\dell\AppData\Local\Temp



---------------  S Y S T E M  ---------------

OS:
 Windows 11 , 64 bit Build 22621 (10.0.22621.3085)
OS uptime: 1 days 15:30 hours
Hyper-V role detected

CPU: total 8 (initial active 8) (4 cores per cpu, 2 threads per core) family 6 model 142 stepping 12 microcode 0xf8, cx8, cmov, fxsr, ht, mmx, 3dnowpref, sse, sse2, sse3, ssse3, sse4.1, sse4.2, popcnt, lzcnt, tsc, tscinvbit, avx, avx2, aes, erms, clmul, bmi1, bmi2, adx, fma, vzeroupper, clflush, clflushopt, hv

Memory: 4k page, system-wide physical 8039M (122M free)
TotalPageFile size 32615M (AvailPageFile size 47M)
current process WorkingSet (physical memory assigned to process): 104M, peak: 124M
current process commit charge ("private bytes"): 400M, peak: 400M

vm_info: OpenJDK 64-Bit Server VM (17.0.6+10-LTS) for windows-amd64 JRE (17.0.6+10-LTS), built on Jan 13 2023 22:57:04 by "Administrator" with MS VC++ 15.9 (VS2017)

END.
