#
# There is insufficient memory for the Java Runtime Environment to continue.
# Native memory allocation (malloc) failed to allocate 262160 bytes for Chunk::new
# Possible reasons:
#   The system is out of physical RAM or swap space
#   The process is running with CompressedOops enabled, and the Java Heap may be blocking the growth of the native heap
# Possible solutions:
#   Reduce memory load on the system
#   Increase physical memory or swap space
#   Check if swap backing store is full
#   Decrease Java heap size (-Xmx/-Xms)
#   Decrease number of Java threads
#   Decrease Java thread stack sizes (-Xss)
#   Set larger code cache with -XX:ReservedCodeCacheSize=
#   JVM is running with Unscaled Compressed Oops mode in which the Java heap is
#     placed in the first 4GB address space. The Java Heap base address is the
#     maximum limit for the native heap growth. Please use -XX:HeapBaseMinAddress
#     to set the Java Heap base and to place the Java Heap above 4GB virtual address.
# This output file may be truncated or incomplete.
#
#  Out of Memory Error (arena.cpp:189), pid=1276, tid=25048
#
# JRE version: OpenJDK Runtime Environment Corretto-17.0.6.10.1 (17.0.6+10) (build 17.0.6+10-LTS)
# Java VM: OpenJDK 64-Bit Server VM Corretto-17.0.6.10.1 (17.0.6+10-LTS, mixed mode, sharing, tiered, compressed oops, compressed class ptrs, g1 gc, windows-amd64)
# No core dump will be written. Minidumps are not enabled by default on client versions of Windows
#

---------------  S U M M A R Y ------------

Command Line: --add-opens=java.base/java.util=ALL-UNNAMED --add-opens=java.base/java.lang=ALL-UNNAMED --add-opens=java.base/java.lang.invoke=ALL-UNNAMED --add-opens=java.prefs/java.util.prefs=ALL-UNNAMED --add-opens=java.base/java.nio.charset=ALL-UNNAMED --add-opens=java.base/java.net=ALL-UNNAMED --add-opens=java.base/java.util.concurrent.atomic=ALL-UNNAMED -XX:MaxMetaspaceSize=384m -XX:+HeapDumpOnOutOfMemoryError -Xms256m -Xmx512m -Dfile.encoding=windows-1252 -Duser.country=US -Duser.language=en -Duser.variant -javaagent:C:\Java\gradle-8.2\lib\agents\gradle-instrumentation-agent-8.2.jar org.gradle.launcher.daemon.bootstrap.GradleDaemon 8.2

Host: Intel(R) Core(TM) i5-10210U CPU @ 1.60GHz, 8 cores, 7G,  Windows 11 , 64 bit Build 22621 (10.0.22621.3085)
Time: Sun Mar 24 14:50:38 2024 SE Asia Standard Time elapsed time: 25.701797 seconds (0d 0h 0m 25s)

---------------  T H R E A D  ---------------

Current thread (0x00000273ea32e1e0):  JavaThread "C2 CompilerThread0" daemon [_thread_in_native, id=25048, stack(0x0000008a29700000,0x0000008a29800000)]


Current CompileTask:
C2:  25716 2150       4       jdk.internal.org.objectweb.asm.Frame::execute (2305 bytes)

Stack: [0x0000008a29700000,0x0000008a29800000]
Native frames: (J=compiled Java code, j=interpreted, Vv=VM code, C=native code)
V  [jvm.dll+0x64b39a]
V  [jvm.dll+0x7ff044]
V  [jvm.dll+0x8007fe]
V  [jvm.dll+0x800e53]
V  [jvm.dll+0x235848]
V  [jvm.dll+0xbce6c]
V  [jvm.dll+0xbd44c]
V  [jvm.dll+0xbcf7b]
V  [jvm.dll+0x6296cc]
V  [jvm.dll+0x210589]
V  [jvm.dll+0x66d7fa]
V  [jvm.dll+0x208fef]
V  [jvm.dll+0x19926d]
V  [jvm.dll+0x2185dd]
V  [jvm.dll+0x216824]
V  [jvm.dll+0x7b77bb]
V  [jvm.dll+0x7b1d6a]
V  [jvm.dll+0x64a265]
C  [ucrtbase.dll+0x29363]
C  [KERNEL32.DLL+0x1257d]
C  [ntdll.dll+0x5aa58]


---------------  P R O C E S S  ---------------

Threads class SMR info:
_java_thread_list=0x00000273ebcee5c0, length=22, elements={
0x00000273cf7ca640, 0x00000273ea30e7c0, 0x00000273ea30f630, 0x00000273ea323e40,
0x00000273ea324bc0, 0x00000273ea327f30, 0x00000273ea32b090, 0x00000273ea32e1e0,
0x00000273ea335890, 0x00000273ea341600, 0x00000273eadb4610, 0x00000273eadb5480,
0x00000273eadb7630, 0x00000273eadb5e20, 0x00000273eadb7b00, 0x00000273eadb6c90,
0x00000273eadb7fd0, 0x00000273eadb67c0, 0x00000273eadb62f0, 0x00000273eadb4ae0,
0x00000273eadb4fb0, 0x00000273eadb5950
}

Java Threads: ( => current thread )
  0x00000273cf7ca640 JavaThread "main" [_thread_blocked, id=15644, stack(0x0000008a28900000,0x0000008a28a00000)]
  0x00000273ea30e7c0 JavaThread "Reference Handler" daemon [_thread_blocked, id=13164, stack(0x0000008a29100000,0x0000008a29200000)]
  0x00000273ea30f630 JavaThread "Finalizer" daemon [_thread_blocked, id=22368, stack(0x0000008a29200000,0x0000008a29300000)]
  0x00000273ea323e40 JavaThread "Signal Dispatcher" daemon [_thread_blocked, id=17268, stack(0x0000008a29300000,0x0000008a29400000)]
  0x00000273ea324bc0 JavaThread "Attach Listener" daemon [_thread_blocked, id=28392, stack(0x0000008a29400000,0x0000008a29500000)]
  0x00000273ea327f30 JavaThread "Service Thread" daemon [_thread_blocked, id=25184, stack(0x0000008a29500000,0x0000008a29600000)]
  0x00000273ea32b090 JavaThread "Monitor Deflation Thread" daemon [_thread_blocked, id=14924, stack(0x0000008a29600000,0x0000008a29700000)]
=>0x00000273ea32e1e0 JavaThread "C2 CompilerThread0" daemon [_thread_in_native, id=25048, stack(0x0000008a29700000,0x0000008a29800000)]
  0x00000273ea335890 JavaThread "C1 CompilerThread0" daemon [_thread_blocked, id=13216, stack(0x0000008a29800000,0x0000008a29900000)]
  0x00000273ea341600 JavaThread "Sweeper thread" daemon [_thread_blocked, id=22676, stack(0x0000008a29900000,0x0000008a29a00000)]
  0x00000273eadb4610 JavaThread "Common-Cleaner" daemon [_thread_blocked, id=25676, stack(0x0000008a29a00000,0x0000008a29b00000)]
  0x00000273eadb5480 JavaThread "Notification Thread" daemon [_thread_blocked, id=19984, stack(0x0000008a29b00000,0x0000008a29c00000)]
  0x00000273eadb7630 JavaThread "Daemon health stats" [_thread_blocked, id=24968, stack(0x0000008a2a200000,0x0000008a2a300000)]
  0x00000273eadb5e20 JavaThread "Incoming local TCP Connector on port 62443" [_thread_in_native, id=27532, stack(0x0000008a2a300000,0x0000008a2a400000)]
  0x00000273eadb7b00 JavaThread "Daemon periodic checks" [_thread_blocked, id=996, stack(0x0000008a2a400000,0x0000008a2a500000)]
  0x00000273eadb6c90 JavaThread "Daemon" [_thread_blocked, id=29468, stack(0x0000008a2a500000,0x0000008a2a600000)]
  0x00000273eadb7fd0 JavaThread "Handler for socket connection from /127.0.0.1:62443 to /127.0.0.1:62469" [_thread_in_native, id=6680, stack(0x0000008a2a600000,0x0000008a2a700000)]
  0x00000273eadb67c0 JavaThread "Cancel handler" [_thread_blocked, id=29424, stack(0x0000008a2a700000,0x0000008a2a800000)]
  0x00000273eadb62f0 JavaThread "Daemon worker" [_thread_in_vm, id=26248, stack(0x0000008a2a800000,0x0000008a2a900000)]
  0x00000273eadb4ae0 JavaThread "Asynchronous log dispatcher for DefaultDaemonConnection: socket connection from /127.0.0.1:62443 to /127.0.0.1:62469" [_thread_blocked, id=28536, stack(0x0000008a2a900000,0x0000008a2aa00000)]
  0x00000273eadb4fb0 JavaThread "Stdin handler" [_thread_blocked, id=18840, stack(0x0000008a2aa00000,0x0000008a2ab00000)]
  0x00000273eadb5950 JavaThread "Daemon client event forwarder" [_thread_blocked, id=24748, stack(0x0000008a2ab00000,0x0000008a2ac00000)]

Other Threads:
  0x00000273ea3093d0 VMThread "VM Thread" [stack: 0x0000008a29000000,0x0000008a29100000] [id=12032] _threads_hazard_ptr=0x00000273ebcee5c0
  0x00000273eae1d3e0 WatcherThread [stack: 0x0000008a29c00000,0x0000008a29d00000] [id=12688]
  0x00000273cf7f7e80 GCTaskThread "GC Thread#0" [stack: 0x0000008a28b00000,0x0000008a28c00000] [id=2564]
  0x00000273ead240a0 GCTaskThread "GC Thread#1" [stack: 0x0000008a29d00000,0x0000008a29e00000] [id=4660]
  0x00000273ead24350 GCTaskThread "GC Thread#2" [stack: 0x0000008a29e00000,0x0000008a29f00000] [id=13984]
  0x00000273ead24600 GCTaskThread "GC Thread#3" [stack: 0x0000008a29f00000,0x0000008a2a000000] [id=9496]
  0x00000273ead248b0 GCTaskThread "GC Thread#4" [stack: 0x0000008a2a000000,0x0000008a2a100000] [id=23608]
  0x00000273ead24b60 GCTaskThread "GC Thread#5" [stack: 0x0000008a2a100000,0x0000008a2a200000] [id=28804]
  0x00000273cf7fcdc0 ConcurrentGCThread "G1 Main Marker" [stack: 0x0000008a28c00000,0x0000008a28d00000] [id=20960]
  0x00000273cf7fd7d0 ConcurrentGCThread "G1 Conc#0" [stack: 0x0000008a28d00000,0x0000008a28e00000] [id=18828]
  0x00000273cf88e6f0 ConcurrentGCThread "G1 Refine#0" [stack: 0x0000008a28e00000,0x0000008a28f00000] [id=14828]
  0x00000273ea1cc270 ConcurrentGCThread "G1 Service" [stack: 0x0000008a28f00000,0x0000008a29000000] [id=27504]

Threads with active compile tasks:
C2 CompilerThread0    26454 2150       4       jdk.internal.org.objectweb.asm.Frame::execute (2305 bytes)

VM state: synchronizing (normal execution)

VM Mutex/Monitor currently owned by a thread:  ([mutex/lock_event])
[0x00000273cf7c5750] Metaspace_lock - owner thread: 0x00000273eadb62f0
[0x00000273cf7c5f80] Threads_lock - owner thread: 0x00000273ea3093d0

Heap address: 0x00000000e0000000, size: 512 MB, Compressed Oops mode: 32-bit

CDS archive(s) mapped at: [0x0000000800000000-0x0000000800bc0000-0x0000000800bc0000), size 12320768, SharedBaseAddress: 0x0000000800000000, ArchiveRelocationMode: 0.
Compressed class space mapped at: 0x0000000800c00000-0x0000000814000000, reserved size: 322961408
Narrow klass base: 0x0000000800000000, Narrow klass shift: 0, Narrow klass range: 0x100000000

GC Precious Log:
 CPUs: 8 total, 8 available
 Memory: 8039M
 Large Page Support: Disabled
 NUMA Support: Disabled
 Compressed Oops: Enabled (32-bit)
 Heap Region Size: 1M
 Heap Min Capacity: 256M
 Heap Initial Capacity: 256M
 Heap Max Capacity: 512M
 Pre-touch: Disabled
 Parallel Workers: 8
 Concurrent Workers: 2
 Concurrent Refinement Workers: 8
 Periodic GC: Disabled

Heap:
 garbage-first heap   total 262144K, used 57063K [0x00000000e0000000, 0x0000000100000000)
  region size 1024K, 46 young (47104K), 4 survivors (4096K)
 Metaspace       used 12610K, committed 12800K, reserved 331776K
  class space    used 1766K, committed 1856K, reserved 315392K

Heap Regions: E=young(eden), S=young(survivor), O=old, HS=humongous(starts), HC=humongous(continues), CS=collection set, F=free, OA=open archive, CA=closed archive, TAMS=top-at-mark-start (previous, next)
|   0|0x00000000e0000000, 0x00000000e0100000, 0x00000000e0100000|100%|HS|  |TAMS 0x00000000e0000000, 0x00000000e0000000| Complete 
|   1|0x00000000e0100000, 0x00000000e0200000, 0x00000000e0200000|100%|HC|  |TAMS 0x00000000e0100000, 0x00000000e0100000| Complete 
|   2|0x00000000e0200000, 0x00000000e0300000, 0x00000000e0300000|100%|HC|  |TAMS 0x00000000e0200000, 0x00000000e0200000| Complete 
|   3|0x00000000e0300000, 0x00000000e0400000, 0x00000000e0400000|100%|HC|  |TAMS 0x00000000e0300000, 0x00000000e0300000| Complete 
|   4|0x00000000e0400000, 0x00000000e0500000, 0x00000000e0500000|100%| O|  |TAMS 0x00000000e0400000, 0x00000000e0400000| Untracked 
|   5|0x00000000e0500000, 0x00000000e0600000, 0x00000000e0600000|100%| O|  |TAMS 0x00000000e0500000, 0x00000000e0500000| Untracked 
|   6|0x00000000e0600000, 0x00000000e0700000, 0x00000000e0700000|100%| O|  |TAMS 0x00000000e0600000, 0x00000000e0600000| Untracked 
|   7|0x00000000e0700000, 0x00000000e0800000, 0x00000000e0800000|100%| O|  |TAMS 0x00000000e0700000, 0x00000000e0700000| Untracked 
|   8|0x00000000e0800000, 0x00000000e0800000, 0x00000000e0900000|  0%| F|  |TAMS 0x00000000e0800000, 0x00000000e0800000| Untracked 
|   9|0x00000000e0900000, 0x00000000e0a00000, 0x00000000e0a00000|100%| O|  |TAMS 0x00000000e0900000, 0x00000000e0900000| Untracked 
|  10|0x00000000e0a00000, 0x00000000e0b00000, 0x00000000e0b00000|100%| O|  |TAMS 0x00000000e0a00000, 0x00000000e0a00000| Untracked 
|  11|0x00000000e0b00000, 0x00000000e0bb9c00, 0x00000000e0c00000| 72%| O|  |TAMS 0x00000000e0b00000, 0x00000000e0b00000| Untracked 
|  12|0x00000000e0c00000, 0x00000000e0c00000, 0x00000000e0d00000|  0%| F|  |TAMS 0x00000000e0c00000, 0x00000000e0c00000| Untracked 
|  13|0x00000000e0d00000, 0x00000000e0d00000, 0x00000000e0e00000|  0%| F|  |TAMS 0x00000000e0d00000, 0x00000000e0d00000| Untracked 
|  14|0x00000000e0e00000, 0x00000000e0e00000, 0x00000000e0f00000|  0%| F|  |TAMS 0x00000000e0e00000, 0x00000000e0e00000| Untracked 
|  15|0x00000000e0f00000, 0x00000000e0f00000, 0x00000000e1000000|  0%| F|  |TAMS 0x00000000e0f00000, 0x00000000e0f00000| Untracked 
|  16|0x00000000e1000000, 0x00000000e1000000, 0x00000000e1100000|  0%| F|  |TAMS 0x00000000e1000000, 0x00000000e1000000| Untracked 
|  17|0x00000000e1100000, 0x00000000e1100000, 0x00000000e1200000|  0%| F|  |TAMS 0x00000000e1100000, 0x00000000e1100000| Untracked 
|  18|0x00000000e1200000, 0x00000000e1200000, 0x00000000e1300000|  0%| F|  |TAMS 0x00000000e1200000, 0x00000000e1200000| Untracked 
|  19|0x00000000e1300000, 0x00000000e1300000, 0x00000000e1400000|  0%| F|  |TAMS 0x00000000e1300000, 0x00000000e1300000| Untracked 
|  20|0x00000000e1400000, 0x00000000e1400000, 0x00000000e1500000|  0%| F|  |TAMS 0x00000000e1400000, 0x00000000e1400000| Untracked 
|  21|0x00000000e1500000, 0x00000000e1500000, 0x00000000e1600000|  0%| F|  |TAMS 0x00000000e1500000, 0x00000000e1500000| Untracked 
|  22|0x00000000e1600000, 0x00000000e1600000, 0x00000000e1700000|  0%| F|  |TAMS 0x00000000e1600000, 0x00000000e1600000| Untracked 
|  23|0x00000000e1700000, 0x00000000e1700000, 0x00000000e1800000|  0%| F|  |TAMS 0x00000000e1700000, 0x00000000e1700000| Untracked 
|  24|0x00000000e1800000, 0x00000000e1800000, 0x00000000e1900000|  0%| F|  |TAMS 0x00000000e1800000, 0x00000000e1800000| Untracked 
|  25|0x00000000e1900000, 0x00000000e1900000, 0x00000000e1a00000|  0%| F|  |TAMS 0x00000000e1900000, 0x00000000e1900000| Untracked 
|  26|0x00000000e1a00000, 0x00000000e1a00000, 0x00000000e1b00000|  0%| F|  |TAMS 0x00000000e1a00000, 0x00000000e1a00000| Untracked 
|  27|0x00000000e1b00000, 0x00000000e1b00000, 0x00000000e1c00000|  0%| F|  |TAMS 0x00000000e1b00000, 0x00000000e1b00000| Untracked 
|  28|0x00000000e1c00000, 0x00000000e1c00000, 0x00000000e1d00000|  0%| F|  |TAMS 0x00000000e1c00000, 0x00000000e1c00000| Untracked 
|  29|0x00000000e1d00000, 0x00000000e1d00000, 0x00000000e1e00000|  0%| F|  |TAMS 0x00000000e1d00000, 0x00000000e1d00000| Untracked 
|  30|0x00000000e1e00000, 0x00000000e1e00000, 0x00000000e1f00000|  0%| F|  |TAMS 0x00000000e1e00000, 0x00000000e1e00000| Untracked 
|  31|0x00000000e1f00000, 0x00000000e1f00000, 0x00000000e2000000|  0%| F|  |TAMS 0x00000000e1f00000, 0x00000000e1f00000| Untracked 
|  32|0x00000000e2000000, 0x00000000e2000000, 0x00000000e2100000|  0%| F|  |TAMS 0x00000000e2000000, 0x00000000e2000000| Untracked 
|  33|0x00000000e2100000, 0x00000000e2100000, 0x00000000e2200000|  0%| F|  |TAMS 0x00000000e2100000, 0x00000000e2100000| Untracked 
|  34|0x00000000e2200000, 0x00000000e2200000, 0x00000000e2300000|  0%| F|  |TAMS 0x00000000e2200000, 0x00000000e2200000| Untracked 
|  35|0x00000000e2300000, 0x00000000e2300000, 0x00000000e2400000|  0%| F|  |TAMS 0x00000000e2300000, 0x00000000e2300000| Untracked 
|  36|0x00000000e2400000, 0x00000000e2400000, 0x00000000e2500000|  0%| F|  |TAMS 0x00000000e2400000, 0x00000000e2400000| Untracked 
|  37|0x00000000e2500000, 0x00000000e2500000, 0x00000000e2600000|  0%| F|  |TAMS 0x00000000e2500000, 0x00000000e2500000| Untracked 
|  38|0x00000000e2600000, 0x00000000e2600000, 0x00000000e2700000|  0%| F|  |TAMS 0x00000000e2600000, 0x00000000e2600000| Untracked 
|  39|0x00000000e2700000, 0x00000000e2700000, 0x00000000e2800000|  0%| F|  |TAMS 0x00000000e2700000, 0x00000000e2700000| Untracked 
|  40|0x00000000e2800000, 0x00000000e2800000, 0x00000000e2900000|  0%| F|  |TAMS 0x00000000e2800000, 0x00000000e2800000| Untracked 
|  41|0x00000000e2900000, 0x00000000e2900000, 0x00000000e2a00000|  0%| F|  |TAMS 0x00000000e2900000, 0x00000000e2900000| Untracked 
|  42|0x00000000e2a00000, 0x00000000e2a00000, 0x00000000e2b00000|  0%| F|  |TAMS 0x00000000e2a00000, 0x00000000e2a00000| Untracked 
|  43|0x00000000e2b00000, 0x00000000e2b00000, 0x00000000e2c00000|  0%| F|  |TAMS 0x00000000e2b00000, 0x00000000e2b00000| Untracked 
|  44|0x00000000e2c00000, 0x00000000e2c00000, 0x00000000e2d00000|  0%| F|  |TAMS 0x00000000e2c00000, 0x00000000e2c00000| Untracked 
|  45|0x00000000e2d00000, 0x00000000e2d00000, 0x00000000e2e00000|  0%| F|  |TAMS 0x00000000e2d00000, 0x00000000e2d00000| Untracked 
|  46|0x00000000e2e00000, 0x00000000e2e00000, 0x00000000e2f00000|  0%| F|  |TAMS 0x00000000e2e00000, 0x00000000e2e00000| Untracked 
|  47|0x00000000e2f00000, 0x00000000e2f00000, 0x00000000e3000000|  0%| F|  |TAMS 0x00000000e2f00000, 0x00000000e2f00000| Untracked 
|  48|0x00000000e3000000, 0x00000000e3000000, 0x00000000e3100000|  0%| F|  |TAMS 0x00000000e3000000, 0x00000000e3000000| Untracked 
|  49|0x00000000e3100000, 0x00000000e3100000, 0x00000000e3200000|  0%| F|  |TAMS 0x00000000e3100000, 0x00000000e3100000| Untracked 
|  50|0x00000000e3200000, 0x00000000e3200000, 0x00000000e3300000|  0%| F|  |TAMS 0x00000000e3200000, 0x00000000e3200000| Untracked 
|  51|0x00000000e3300000, 0x00000000e3300000, 0x00000000e3400000|  0%| F|  |TAMS 0x00000000e3300000, 0x00000000e3300000| Untracked 
|  52|0x00000000e3400000, 0x00000000e3400000, 0x00000000e3500000|  0%| F|  |TAMS 0x00000000e3400000, 0x00000000e3400000| Untracked 
|  53|0x00000000e3500000, 0x00000000e3500000, 0x00000000e3600000|  0%| F|  |TAMS 0x00000000e3500000, 0x00000000e3500000| Untracked 
|  54|0x00000000e3600000, 0x00000000e3600000, 0x00000000e3700000|  0%| F|  |TAMS 0x00000000e3600000, 0x00000000e3600000| Untracked 
|  55|0x00000000e3700000, 0x00000000e3700000, 0x00000000e3800000|  0%| F|  |TAMS 0x00000000e3700000, 0x00000000e3700000| Untracked 
|  56|0x00000000e3800000, 0x00000000e3800000, 0x00000000e3900000|  0%| F|  |TAMS 0x00000000e3800000, 0x00000000e3800000| Untracked 
|  57|0x00000000e3900000, 0x00000000e3900000, 0x00000000e3a00000|  0%| F|  |TAMS 0x00000000e3900000, 0x00000000e3900000| Untracked 
|  58|0x00000000e3a00000, 0x00000000e3a00000, 0x00000000e3b00000|  0%| F|  |TAMS 0x00000000e3a00000, 0x00000000e3a00000| Untracked 
|  59|0x00000000e3b00000, 0x00000000e3b00000, 0x00000000e3c00000|  0%| F|  |TAMS 0x00000000e3b00000, 0x00000000e3b00000| Untracked 
|  60|0x00000000e3c00000, 0x00000000e3c00000, 0x00000000e3d00000|  0%| F|  |TAMS 0x00000000e3c00000, 0x00000000e3c00000| Untracked 
|  61|0x00000000e3d00000, 0x00000000e3d00000, 0x00000000e3e00000|  0%| F|  |TAMS 0x00000000e3d00000, 0x00000000e3d00000| Untracked 
|  62|0x00000000e3e00000, 0x00000000e3e00000, 0x00000000e3f00000|  0%| F|  |TAMS 0x00000000e3e00000, 0x00000000e3e00000| Untracked 
|  63|0x00000000e3f00000, 0x00000000e3f00000, 0x00000000e4000000|  0%| F|  |TAMS 0x00000000e3f00000, 0x00000000e3f00000| Untracked 
|  64|0x00000000e4000000, 0x00000000e4000000, 0x00000000e4100000|  0%| F|  |TAMS 0x00000000e4000000, 0x00000000e4000000| Untracked 
|  65|0x00000000e4100000, 0x00000000e4100000, 0x00000000e4200000|  0%| F|  |TAMS 0x00000000e4100000, 0x00000000e4100000| Untracked 
|  66|0x00000000e4200000, 0x00000000e4200000, 0x00000000e4300000|  0%| F|  |TAMS 0x00000000e4200000, 0x00000000e4200000| Untracked 
|  67|0x00000000e4300000, 0x00000000e4300000, 0x00000000e4400000|  0%| F|  |TAMS 0x00000000e4300000, 0x00000000e4300000| Untracked 
|  68|0x00000000e4400000, 0x00000000e4400000, 0x00000000e4500000|  0%| F|  |TAMS 0x00000000e4400000, 0x00000000e4400000| Untracked 
|  69|0x00000000e4500000, 0x00000000e4500000, 0x00000000e4600000|  0%| F|  |TAMS 0x00000000e4500000, 0x00000000e4500000| Untracked 
|  70|0x00000000e4600000, 0x00000000e4600000, 0x00000000e4700000|  0%| F|  |TAMS 0x00000000e4600000, 0x00000000e4600000| Untracked 
|  71|0x00000000e4700000, 0x00000000e4700000, 0x00000000e4800000|  0%| F|  |TAMS 0x00000000e4700000, 0x00000000e4700000| Untracked 
|  72|0x00000000e4800000, 0x00000000e4800000, 0x00000000e4900000|  0%| F|  |TAMS 0x00000000e4800000, 0x00000000e4800000| Untracked 
|  73|0x00000000e4900000, 0x00000000e4900000, 0x00000000e4a00000|  0%| F|  |TAMS 0x00000000e4900000, 0x00000000e4900000| Untracked 
|  74|0x00000000e4a00000, 0x00000000e4a00000, 0x00000000e4b00000|  0%| F|  |TAMS 0x00000000e4a00000, 0x00000000e4a00000| Untracked 
|  75|0x00000000e4b00000, 0x00000000e4b00000, 0x00000000e4c00000|  0%| F|  |TAMS 0x00000000e4b00000, 0x00000000e4b00000| Untracked 
|  76|0x00000000e4c00000, 0x00000000e4c00000, 0x00000000e4d00000|  0%| F|  |TAMS 0x00000000e4c00000, 0x00000000e4c00000| Untracked 
|  77|0x00000000e4d00000, 0x00000000e4d00000, 0x00000000e4e00000|  0%| F|  |TAMS 0x00000000e4d00000, 0x00000000e4d00000| Untracked 
|  78|0x00000000e4e00000, 0x00000000e4e00000, 0x00000000e4f00000|  0%| F|  |TAMS 0x00000000e4e00000, 0x00000000e4e00000| Untracked 
|  79|0x00000000e4f00000, 0x00000000e4f00000, 0x00000000e5000000|  0%| F|  |TAMS 0x00000000e4f00000, 0x00000000e4f00000| Untracked 
|  80|0x00000000e5000000, 0x00000000e5000000, 0x00000000e5100000|  0%| F|  |TAMS 0x00000000e5000000, 0x00000000e5000000| Untracked 
|  81|0x00000000e5100000, 0x00000000e5100000, 0x00000000e5200000|  0%| F|  |TAMS 0x00000000e5100000, 0x00000000e5100000| Untracked 
|  82|0x00000000e5200000, 0x00000000e5200000, 0x00000000e5300000|  0%| F|  |TAMS 0x00000000e5200000, 0x00000000e5200000| Untracked 
|  83|0x00000000e5300000, 0x00000000e5300000, 0x00000000e5400000|  0%| F|  |TAMS 0x00000000e5300000, 0x00000000e5300000| Untracked 
|  84|0x00000000e5400000, 0x00000000e5400000, 0x00000000e5500000|  0%| F|  |TAMS 0x00000000e5400000, 0x00000000e5400000| Untracked 
|  85|0x00000000e5500000, 0x00000000e5500000, 0x00000000e5600000|  0%| F|  |TAMS 0x00000000e5500000, 0x00000000e5500000| Untracked 
|  86|0x00000000e5600000, 0x00000000e5600000, 0x00000000e5700000|  0%| F|  |TAMS 0x00000000e5600000, 0x00000000e5600000| Untracked 
|  87|0x00000000e5700000, 0x00000000e5700000, 0x00000000e5800000|  0%| F|  |TAMS 0x00000000e5700000, 0x00000000e5700000| Untracked 
|  88|0x00000000e5800000, 0x00000000e5800000, 0x00000000e5900000|  0%| F|  |TAMS 0x00000000e5800000, 0x00000000e5800000| Untracked 
|  89|0x00000000e5900000, 0x00000000e5900000, 0x00000000e5a00000|  0%| F|  |TAMS 0x00000000e5900000, 0x00000000e5900000| Untracked 
|  90|0x00000000e5a00000, 0x00000000e5a00000, 0x00000000e5b00000|  0%| F|  |TAMS 0x00000000e5a00000, 0x00000000e5a00000| Untracked 
|  91|0x00000000e5b00000, 0x00000000e5b00000, 0x00000000e5c00000|  0%| F|  |TAMS 0x00000000e5b00000, 0x00000000e5b00000| Untracked 
|  92|0x00000000e5c00000, 0x00000000e5c00000, 0x00000000e5d00000|  0%| F|  |TAMS 0x00000000e5c00000, 0x00000000e5c00000| Untracked 
|  93|0x00000000e5d00000, 0x00000000e5d00000, 0x00000000e5e00000|  0%| F|  |TAMS 0x00000000e5d00000, 0x00000000e5d00000| Untracked 
|  94|0x00000000e5e00000, 0x00000000e5e00000, 0x00000000e5f00000|  0%| F|  |TAMS 0x00000000e5e00000, 0x00000000e5e00000| Untracked 
|  95|0x00000000e5f00000, 0x00000000e5f00000, 0x00000000e6000000|  0%| F|  |TAMS 0x00000000e5f00000, 0x00000000e5f00000| Untracked 
|  96|0x00000000e6000000, 0x00000000e6000000, 0x00000000e6100000|  0%| F|  |TAMS 0x00000000e6000000, 0x00000000e6000000| Untracked 
|  97|0x00000000e6100000, 0x00000000e6100000, 0x00000000e6200000|  0%| F|  |TAMS 0x00000000e6100000, 0x00000000e6100000| Untracked 
|  98|0x00000000e6200000, 0x00000000e6200000, 0x00000000e6300000|  0%| F|  |TAMS 0x00000000e6200000, 0x00000000e6200000| Untracked 
|  99|0x00000000e6300000, 0x00000000e6300000, 0x00000000e6400000|  0%| F|  |TAMS 0x00000000e6300000, 0x00000000e6300000| Untracked 
| 100|0x00000000e6400000, 0x00000000e6400000, 0x00000000e6500000|  0%| F|  |TAMS 0x00000000e6400000, 0x00000000e6400000| Untracked 
| 101|0x00000000e6500000, 0x00000000e6500000, 0x00000000e6600000|  0%| F|  |TAMS 0x00000000e6500000, 0x00000000e6500000| Untracked 
| 102|0x00000000e6600000, 0x00000000e6600000, 0x00000000e6700000|  0%| F|  |TAMS 0x00000000e6600000, 0x00000000e6600000| Untracked 
| 103|0x00000000e6700000, 0x00000000e6700000, 0x00000000e6800000|  0%| F|  |TAMS 0x00000000e6700000, 0x00000000e6700000| Untracked 
| 104|0x00000000e6800000, 0x00000000e6800000, 0x00000000e6900000|  0%| F|  |TAMS 0x00000000e6800000, 0x00000000e6800000| Untracked 
| 105|0x00000000e6900000, 0x00000000e6900000, 0x00000000e6a00000|  0%| F|  |TAMS 0x00000000e6900000, 0x00000000e6900000| Untracked 
| 106|0x00000000e6a00000, 0x00000000e6a00000, 0x00000000e6b00000|  0%| F|  |TAMS 0x00000000e6a00000, 0x00000000e6a00000| Untracked 
| 107|0x00000000e6b00000, 0x00000000e6b00000, 0x00000000e6c00000|  0%| F|  |TAMS 0x00000000e6b00000, 0x00000000e6b00000| Untracked 
| 108|0x00000000e6c00000, 0x00000000e6c00000, 0x00000000e6d00000|  0%| F|  |TAMS 0x00000000e6c00000, 0x00000000e6c00000| Untracked 
| 109|0x00000000e6d00000, 0x00000000e6d00000, 0x00000000e6e00000|  0%| F|  |TAMS 0x00000000e6d00000, 0x00000000e6d00000| Untracked 
| 110|0x00000000e6e00000, 0x00000000e6e00000, 0x00000000e6f00000|  0%| F|  |TAMS 0x00000000e6e00000, 0x00000000e6e00000| Untracked 
| 111|0x00000000e6f00000, 0x00000000e6f00000, 0x00000000e7000000|  0%| F|  |TAMS 0x00000000e6f00000, 0x00000000e6f00000| Untracked 
| 112|0x00000000e7000000, 0x00000000e7000000, 0x00000000e7100000|  0%| F|  |TAMS 0x00000000e7000000, 0x00000000e7000000| Untracked 
| 113|0x00000000e7100000, 0x00000000e7100000, 0x00000000e7200000|  0%| F|  |TAMS 0x00000000e7100000, 0x00000000e7100000| Untracked 
| 114|0x00000000e7200000, 0x00000000e7200000, 0x00000000e7300000|  0%| F|  |TAMS 0x00000000e7200000, 0x00000000e7200000| Untracked 
| 115|0x00000000e7300000, 0x00000000e7300000, 0x00000000e7400000|  0%| F|  |TAMS 0x00000000e7300000, 0x00000000e7300000| Untracked 
| 116|0x00000000e7400000, 0x00000000e7400000, 0x00000000e7500000|  0%| F|  |TAMS 0x00000000e7400000, 0x00000000e7400000| Untracked 
| 117|0x00000000e7500000, 0x00000000e7500000, 0x00000000e7600000|  0%| F|  |TAMS 0x00000000e7500000, 0x00000000e7500000| Untracked 
| 118|0x00000000e7600000, 0x00000000e7600000, 0x00000000e7700000|  0%| F|  |TAMS 0x00000000e7600000, 0x00000000e7600000| Untracked 
| 119|0x00000000e7700000, 0x00000000e7700000, 0x00000000e7800000|  0%| F|  |TAMS 0x00000000e7700000, 0x00000000e7700000| Untracked 
| 120|0x00000000e7800000, 0x00000000e7800000, 0x00000000e7900000|  0%| F|  |TAMS 0x00000000e7800000, 0x00000000e7800000| Untracked 
| 121|0x00000000e7900000, 0x00000000e7900000, 0x00000000e7a00000|  0%| F|  |TAMS 0x00000000e7900000, 0x00000000e7900000| Untracked 
| 122|0x00000000e7a00000, 0x00000000e7a00000, 0x00000000e7b00000|  0%| F|  |TAMS 0x00000000e7a00000, 0x00000000e7a00000| Untracked 
| 123|0x00000000e7b00000, 0x00000000e7b00000, 0x00000000e7c00000|  0%| F|  |TAMS 0x00000000e7b00000, 0x00000000e7b00000| Untracked 
| 124|0x00000000e7c00000, 0x00000000e7c00000, 0x00000000e7d00000|  0%| F|  |TAMS 0x00000000e7c00000, 0x00000000e7c00000| Untracked 
| 125|0x00000000e7d00000, 0x00000000e7d00000, 0x00000000e7e00000|  0%| F|  |TAMS 0x00000000e7d00000, 0x00000000e7d00000| Untracked 
| 126|0x00000000e7e00000, 0x00000000e7e00000, 0x00000000e7f00000|  0%| F|  |TAMS 0x00000000e7e00000, 0x00000000e7e00000| Untracked 
| 127|0x00000000e7f00000, 0x00000000e7f00000, 0x00000000e8000000|  0%| F|  |TAMS 0x00000000e7f00000, 0x00000000e7f00000| Untracked 
| 128|0x00000000e8000000, 0x00000000e8000000, 0x00000000e8100000|  0%| F|  |TAMS 0x00000000e8000000, 0x00000000e8000000| Untracked 
| 129|0x00000000e8100000, 0x00000000e8100000, 0x00000000e8200000|  0%| F|  |TAMS 0x00000000e8100000, 0x00000000e8100000| Untracked 
| 130|0x00000000e8200000, 0x00000000e8200000, 0x00000000e8300000|  0%| F|  |TAMS 0x00000000e8200000, 0x00000000e8200000| Untracked 
| 131|0x00000000e8300000, 0x00000000e8300000, 0x00000000e8400000|  0%| F|  |TAMS 0x00000000e8300000, 0x00000000e8300000| Untracked 
| 132|0x00000000e8400000, 0x00000000e8400000, 0x00000000e8500000|  0%| F|  |TAMS 0x00000000e8400000, 0x00000000e8400000| Untracked 
| 133|0x00000000e8500000, 0x00000000e8500000, 0x00000000e8600000|  0%| F|  |TAMS 0x00000000e8500000, 0x00000000e8500000| Untracked 
| 134|0x00000000e8600000, 0x00000000e8600000, 0x00000000e8700000|  0%| F|  |TAMS 0x00000000e8600000, 0x00000000e8600000| Untracked 
| 135|0x00000000e8700000, 0x00000000e8700000, 0x00000000e8800000|  0%| F|  |TAMS 0x00000000e8700000, 0x00000000e8700000| Untracked 
| 136|0x00000000e8800000, 0x00000000e8800000, 0x00000000e8900000|  0%| F|  |TAMS 0x00000000e8800000, 0x00000000e8800000| Untracked 
| 137|0x00000000e8900000, 0x00000000e8900000, 0x00000000e8a00000|  0%| F|  |TAMS 0x00000000e8900000, 0x00000000e8900000| Untracked 
| 138|0x00000000e8a00000, 0x00000000e8a00000, 0x00000000e8b00000|  0%| F|  |TAMS 0x00000000e8a00000, 0x00000000e8a00000| Untracked 
| 139|0x00000000e8b00000, 0x00000000e8b00000, 0x00000000e8c00000|  0%| F|  |TAMS 0x00000000e8b00000, 0x00000000e8b00000| Untracked 
| 140|0x00000000e8c00000, 0x00000000e8c00000, 0x00000000e8d00000|  0%| F|  |TAMS 0x00000000e8c00000, 0x00000000e8c00000| Untracked 
| 141|0x00000000e8d00000, 0x00000000e8d00000, 0x00000000e8e00000|  0%| F|  |TAMS 0x00000000e8d00000, 0x00000000e8d00000| Untracked 
| 142|0x00000000e8e00000, 0x00000000e8e00000, 0x00000000e8f00000|  0%| F|  |TAMS 0x00000000e8e00000, 0x00000000e8e00000| Untracked 
| 143|0x00000000e8f00000, 0x00000000e8f00000, 0x00000000e9000000|  0%| F|  |TAMS 0x00000000e8f00000, 0x00000000e8f00000| Untracked 
| 144|0x00000000e9000000, 0x00000000e9000000, 0x00000000e9100000|  0%| F|  |TAMS 0x00000000e9000000, 0x00000000e9000000| Untracked 
| 145|0x00000000e9100000, 0x00000000e9100000, 0x00000000e9200000|  0%| F|  |TAMS 0x00000000e9100000, 0x00000000e9100000| Untracked 
| 146|0x00000000e9200000, 0x00000000e9200000, 0x00000000e9300000|  0%| F|  |TAMS 0x00000000e9200000, 0x00000000e9200000| Untracked 
| 147|0x00000000e9300000, 0x00000000e9300000, 0x00000000e9400000|  0%| F|  |TAMS 0x00000000e9300000, 0x00000000e9300000| Untracked 
| 148|0x00000000e9400000, 0x00000000e9400000, 0x00000000e9500000|  0%| F|  |TAMS 0x00000000e9400000, 0x00000000e9400000| Untracked 
| 149|0x00000000e9500000, 0x00000000e9500000, 0x00000000e9600000|  0%| F|  |TAMS 0x00000000e9500000, 0x00000000e9500000| Untracked 
| 150|0x00000000e9600000, 0x00000000e9600000, 0x00000000e9700000|  0%| F|  |TAMS 0x00000000e9600000, 0x00000000e9600000| Untracked 
| 151|0x00000000e9700000, 0x00000000e9700000, 0x00000000e9800000|  0%| F|  |TAMS 0x00000000e9700000, 0x00000000e9700000| Untracked 
| 152|0x00000000e9800000, 0x00000000e9800000, 0x00000000e9900000|  0%| F|  |TAMS 0x00000000e9800000, 0x00000000e9800000| Untracked 
| 153|0x00000000e9900000, 0x00000000e9900000, 0x00000000e9a00000|  0%| F|  |TAMS 0x00000000e9900000, 0x00000000e9900000| Untracked 
| 154|0x00000000e9a00000, 0x00000000e9a00000, 0x00000000e9b00000|  0%| F|  |TAMS 0x00000000e9a00000, 0x00000000e9a00000| Untracked 
| 155|0x00000000e9b00000, 0x00000000e9b00000, 0x00000000e9c00000|  0%| F|  |TAMS 0x00000000e9b00000, 0x00000000e9b00000| Untracked 
| 156|0x00000000e9c00000, 0x00000000e9c00000, 0x00000000e9d00000|  0%| F|  |TAMS 0x00000000e9c00000, 0x00000000e9c00000| Untracked 
| 157|0x00000000e9d00000, 0x00000000e9d00000, 0x00000000e9e00000|  0%| F|  |TAMS 0x00000000e9d00000, 0x00000000e9d00000| Untracked 
| 158|0x00000000e9e00000, 0x00000000e9e00000, 0x00000000e9f00000|  0%| F|  |TAMS 0x00000000e9e00000, 0x00000000e9e00000| Untracked 
| 159|0x00000000e9f00000, 0x00000000e9f00000, 0x00000000ea000000|  0%| F|  |TAMS 0x00000000e9f00000, 0x00000000e9f00000| Untracked 
| 160|0x00000000ea000000, 0x00000000ea000000, 0x00000000ea100000|  0%| F|  |TAMS 0x00000000ea000000, 0x00000000ea000000| Untracked 
| 161|0x00000000ea100000, 0x00000000ea100000, 0x00000000ea200000|  0%| F|  |TAMS 0x00000000ea100000, 0x00000000ea100000| Untracked 
| 162|0x00000000ea200000, 0x00000000ea200000, 0x00000000ea300000|  0%| F|  |TAMS 0x00000000ea200000, 0x00000000ea200000| Untracked 
| 163|0x00000000ea300000, 0x00000000ea300000, 0x00000000ea400000|  0%| F|  |TAMS 0x00000000ea300000, 0x00000000ea300000| Untracked 
| 164|0x00000000ea400000, 0x00000000ea400000, 0x00000000ea500000|  0%| F|  |TAMS 0x00000000ea400000, 0x00000000ea400000| Untracked 
| 165|0x00000000ea500000, 0x00000000ea500000, 0x00000000ea600000|  0%| F|  |TAMS 0x00000000ea500000, 0x00000000ea500000| Untracked 
| 166|0x00000000ea600000, 0x00000000ea600000, 0x00000000ea700000|  0%| F|  |TAMS 0x00000000ea600000, 0x00000000ea600000| Untracked 
| 167|0x00000000ea700000, 0x00000000ea700000, 0x00000000ea800000|  0%| F|  |TAMS 0x00000000ea700000, 0x00000000ea700000| Untracked 
| 168|0x00000000ea800000, 0x00000000ea800000, 0x00000000ea900000|  0%| F|  |TAMS 0x00000000ea800000, 0x00000000ea800000| Untracked 
| 169|0x00000000ea900000, 0x00000000ea900000, 0x00000000eaa00000|  0%| F|  |TAMS 0x00000000ea900000, 0x00000000ea900000| Untracked 
| 170|0x00000000eaa00000, 0x00000000eaa00000, 0x00000000eab00000|  0%| F|  |TAMS 0x00000000eaa00000, 0x00000000eaa00000| Untracked 
| 171|0x00000000eab00000, 0x00000000eab00000, 0x00000000eac00000|  0%| F|  |TAMS 0x00000000eab00000, 0x00000000eab00000| Untracked 
| 172|0x00000000eac00000, 0x00000000eac00000, 0x00000000ead00000|  0%| F|  |TAMS 0x00000000eac00000, 0x00000000eac00000| Untracked 
| 173|0x00000000ead00000, 0x00000000ead00000, 0x00000000eae00000|  0%| F|  |TAMS 0x00000000ead00000, 0x00000000ead00000| Untracked 
| 174|0x00000000eae00000, 0x00000000eae00000, 0x00000000eaf00000|  0%| F|  |TAMS 0x00000000eae00000, 0x00000000eae00000| Untracked 
| 175|0x00000000eaf00000, 0x00000000eaf00000, 0x00000000eb000000|  0%| F|  |TAMS 0x00000000eaf00000, 0x00000000eaf00000| Untracked 
| 176|0x00000000eb000000, 0x00000000eb000000, 0x00000000eb100000|  0%| F|  |TAMS 0x00000000eb000000, 0x00000000eb000000| Untracked 
| 177|0x00000000eb100000, 0x00000000eb100000, 0x00000000eb200000|  0%| F|  |TAMS 0x00000000eb100000, 0x00000000eb100000| Untracked 
| 178|0x00000000eb200000, 0x00000000eb200000, 0x00000000eb300000|  0%| F|  |TAMS 0x00000000eb200000, 0x00000000eb200000| Untracked 
| 179|0x00000000eb300000, 0x00000000eb300000, 0x00000000eb400000|  0%| F|  |TAMS 0x00000000eb300000, 0x00000000eb300000| Untracked 
| 180|0x00000000eb400000, 0x00000000eb400000, 0x00000000eb500000|  0%| F|  |TAMS 0x00000000eb400000, 0x00000000eb400000| Untracked 
| 181|0x00000000eb500000, 0x00000000eb500000, 0x00000000eb600000|  0%| F|  |TAMS 0x00000000eb500000, 0x00000000eb500000| Untracked 
| 182|0x00000000eb600000, 0x00000000eb600000, 0x00000000eb700000|  0%| F|  |TAMS 0x00000000eb600000, 0x00000000eb600000| Untracked 
| 183|0x00000000eb700000, 0x00000000eb700000, 0x00000000eb800000|  0%| F|  |TAMS 0x00000000eb700000, 0x00000000eb700000| Untracked 
| 184|0x00000000eb800000, 0x00000000eb800000, 0x00000000eb900000|  0%| F|  |TAMS 0x00000000eb800000, 0x00000000eb800000| Untracked 
| 185|0x00000000eb900000, 0x00000000eb900000, 0x00000000eba00000|  0%| F|  |TAMS 0x00000000eb900000, 0x00000000eb900000| Untracked 
| 186|0x00000000eba00000, 0x00000000eba00000, 0x00000000ebb00000|  0%| F|  |TAMS 0x00000000eba00000, 0x00000000eba00000| Untracked 
| 187|0x00000000ebb00000, 0x00000000ebb00000, 0x00000000ebc00000|  0%| F|  |TAMS 0x00000000ebb00000, 0x00000000ebb00000| Untracked 
| 188|0x00000000ebc00000, 0x00000000ebc00000, 0x00000000ebd00000|  0%| F|  |TAMS 0x00000000ebc00000, 0x00000000ebc00000| Untracked 
| 189|0x00000000ebd00000, 0x00000000ebd00000, 0x00000000ebe00000|  0%| F|  |TAMS 0x00000000ebd00000, 0x00000000ebd00000| Untracked 
| 190|0x00000000ebe00000, 0x00000000ebe00000, 0x00000000ebf00000|  0%| F|  |TAMS 0x00000000ebe00000, 0x00000000ebe00000| Untracked 
| 191|0x00000000ebf00000, 0x00000000ebf00000, 0x00000000ec000000|  0%| F|  |TAMS 0x00000000ebf00000, 0x00000000ebf00000| Untracked 
| 192|0x00000000ec000000, 0x00000000ec000000, 0x00000000ec100000|  0%| F|  |TAMS 0x00000000ec000000, 0x00000000ec000000| Untracked 
| 193|0x00000000ec100000, 0x00000000ec100000, 0x00000000ec200000|  0%| F|  |TAMS 0x00000000ec100000, 0x00000000ec100000| Untracked 
| 194|0x00000000ec200000, 0x00000000ec200000, 0x00000000ec300000|  0%| F|  |TAMS 0x00000000ec200000, 0x00000000ec200000| Untracked 
| 195|0x00000000ec300000, 0x00000000ec300000, 0x00000000ec400000|  0%| F|  |TAMS 0x00000000ec300000, 0x00000000ec300000| Untracked 
| 196|0x00000000ec400000, 0x00000000ec400000, 0x00000000ec500000|  0%| F|  |TAMS 0x00000000ec400000, 0x00000000ec400000| Untracked 
| 197|0x00000000ec500000, 0x00000000ec500000, 0x00000000ec600000|  0%| F|  |TAMS 0x00000000ec500000, 0x00000000ec500000| Untracked 
| 198|0x00000000ec600000, 0x00000000ec600000, 0x00000000ec700000|  0%| F|  |TAMS 0x00000000ec600000, 0x00000000ec600000| Untracked 
| 199|0x00000000ec700000, 0x00000000ec700000, 0x00000000ec800000|  0%| F|  |TAMS 0x00000000ec700000, 0x00000000ec700000| Untracked 
| 200|0x00000000ec800000, 0x00000000ec800000, 0x00000000ec900000|  0%| F|  |TAMS 0x00000000ec800000, 0x00000000ec800000| Untracked 
| 201|0x00000000ec900000, 0x00000000ec900000, 0x00000000eca00000|  0%| F|  |TAMS 0x00000000ec900000, 0x00000000ec900000| Untracked 
| 202|0x00000000eca00000, 0x00000000eca00000, 0x00000000ecb00000|  0%| F|  |TAMS 0x00000000eca00000, 0x00000000eca00000| Untracked 
| 203|0x00000000ecb00000, 0x00000000ecb00000, 0x00000000ecc00000|  0%| F|  |TAMS 0x00000000ecb00000, 0x00000000ecb00000| Untracked 
| 204|0x00000000ecc00000, 0x00000000ecc00000, 0x00000000ecd00000|  0%| F|  |TAMS 0x00000000ecc00000, 0x00000000ecc00000| Untracked 
| 205|0x00000000ecd00000, 0x00000000ecd00000, 0x00000000ece00000|  0%| F|  |TAMS 0x00000000ecd00000, 0x00000000ecd00000| Untracked 
| 206|0x00000000ece00000, 0x00000000ece00000, 0x00000000ecf00000|  0%| F|  |TAMS 0x00000000ece00000, 0x00000000ece00000| Untracked 
| 207|0x00000000ecf00000, 0x00000000ecf00000, 0x00000000ed000000|  0%| F|  |TAMS 0x00000000ecf00000, 0x00000000ecf00000| Untracked 
| 208|0x00000000ed000000, 0x00000000ed000000, 0x00000000ed100000|  0%| F|  |TAMS 0x00000000ed000000, 0x00000000ed000000| Untracked 
| 209|0x00000000ed100000, 0x00000000ed100000, 0x00000000ed200000|  0%| F|  |TAMS 0x00000000ed100000, 0x00000000ed100000| Untracked 
| 210|0x00000000ed200000, 0x00000000ed280800, 0x00000000ed300000| 50%| E|  |TAMS 0x00000000ed200000, 0x00000000ed200000| Complete 
| 211|0x00000000ed300000, 0x00000000ed400000, 0x00000000ed400000|100%| E|CS|TAMS 0x00000000ed300000, 0x00000000ed300000| Complete 
| 212|0x00000000ed400000, 0x00000000ed500000, 0x00000000ed500000|100%| E|CS|TAMS 0x00000000ed400000, 0x00000000ed400000| Complete 
| 213|0x00000000ed500000, 0x00000000ed600000, 0x00000000ed600000|100%| E|CS|TAMS 0x00000000ed500000, 0x00000000ed500000| Complete 
| 214|0x00000000ed600000, 0x00000000ed700000, 0x00000000ed700000|100%| E|CS|TAMS 0x00000000ed600000, 0x00000000ed600000| Complete 
| 215|0x00000000ed700000, 0x00000000ed800000, 0x00000000ed800000|100%| E|CS|TAMS 0x00000000ed700000, 0x00000000ed700000| Complete 
| 216|0x00000000ed800000, 0x00000000ed900000, 0x00000000ed900000|100%| E|CS|TAMS 0x00000000ed800000, 0x00000000ed800000| Complete 
| 217|0x00000000ed900000, 0x00000000eda00000, 0x00000000eda00000|100%| E|CS|TAMS 0x00000000ed900000, 0x00000000ed900000| Complete 
| 218|0x00000000eda00000, 0x00000000edb00000, 0x00000000edb00000|100%| E|CS|TAMS 0x00000000eda00000, 0x00000000eda00000| Complete 
| 219|0x00000000edb00000, 0x00000000edc00000, 0x00000000edc00000|100%| E|CS|TAMS 0x00000000edb00000, 0x00000000edb00000| Complete 
| 220|0x00000000edc00000, 0x00000000edd00000, 0x00000000edd00000|100%| E|CS|TAMS 0x00000000edc00000, 0x00000000edc00000| Complete 
| 221|0x00000000edd00000, 0x00000000ede00000, 0x00000000ede00000|100%| E|CS|TAMS 0x00000000edd00000, 0x00000000edd00000| Complete 
| 222|0x00000000ede00000, 0x00000000edf00000, 0x00000000edf00000|100%| E|CS|TAMS 0x00000000ede00000, 0x00000000ede00000| Complete 
| 223|0x00000000edf00000, 0x00000000ee000000, 0x00000000ee000000|100%| S|CS|TAMS 0x00000000edf00000, 0x00000000edf00000| Complete 
| 224|0x00000000ee000000, 0x00000000ee100000, 0x00000000ee100000|100%| S|CS|TAMS 0x00000000ee000000, 0x00000000ee000000| Complete 
| 225|0x00000000ee100000, 0x00000000ee200000, 0x00000000ee200000|100%| S|CS|TAMS 0x00000000ee100000, 0x00000000ee100000| Complete 
| 226|0x00000000ee200000, 0x00000000ee300000, 0x00000000ee300000|100%| S|CS|TAMS 0x00000000ee200000, 0x00000000ee200000| Complete 
| 227|0x00000000ee300000, 0x00000000ee400000, 0x00000000ee400000|100%| E|CS|TAMS 0x00000000ee300000, 0x00000000ee300000| Complete 
| 228|0x00000000ee400000, 0x00000000ee500000, 0x00000000ee500000|100%| E|CS|TAMS 0x00000000ee400000, 0x00000000ee400000| Complete 
| 229|0x00000000ee500000, 0x00000000ee600000, 0x00000000ee600000|100%| E|CS|TAMS 0x00000000ee500000, 0x00000000ee500000| Complete 
| 230|0x00000000ee600000, 0x00000000ee700000, 0x00000000ee700000|100%| E|CS|TAMS 0x00000000ee600000, 0x00000000ee600000| Complete 
| 231|0x00000000ee700000, 0x00000000ee800000, 0x00000000ee800000|100%| E|CS|TAMS 0x00000000ee700000, 0x00000000ee700000| Complete 
| 232|0x00000000ee800000, 0x00000000ee900000, 0x00000000ee900000|100%| E|CS|TAMS 0x00000000ee800000, 0x00000000ee800000| Complete 
| 233|0x00000000ee900000, 0x00000000eea00000, 0x00000000eea00000|100%| E|CS|TAMS 0x00000000ee900000, 0x00000000ee900000| Complete 
| 234|0x00000000eea00000, 0x00000000eeb00000, 0x00000000eeb00000|100%| E|CS|TAMS 0x00000000eea00000, 0x00000000eea00000| Complete 
| 235|0x00000000eeb00000, 0x00000000eec00000, 0x00000000eec00000|100%| E|CS|TAMS 0x00000000eeb00000, 0x00000000eeb00000| Complete 
| 236|0x00000000eec00000, 0x00000000eed00000, 0x00000000eed00000|100%| E|CS|TAMS 0x00000000eec00000, 0x00000000eec00000| Complete 
| 237|0x00000000eed00000, 0x00000000eee00000, 0x00000000eee00000|100%| E|CS|TAMS 0x00000000eed00000, 0x00000000eed00000| Complete 
| 238|0x00000000eee00000, 0x00000000eef00000, 0x00000000eef00000|100%| E|CS|TAMS 0x00000000eee00000, 0x00000000eee00000| Complete 
| 239|0x00000000eef00000, 0x00000000ef000000, 0x00000000ef000000|100%| E|CS|TAMS 0x00000000eef00000, 0x00000000eef00000| Complete 
| 240|0x00000000ef000000, 0x00000000ef100000, 0x00000000ef100000|100%| E|CS|TAMS 0x00000000ef000000, 0x00000000ef000000| Complete 
| 241|0x00000000ef100000, 0x00000000ef200000, 0x00000000ef200000|100%| E|CS|TAMS 0x00000000ef100000, 0x00000000ef100000| Complete 
| 242|0x00000000ef200000, 0x00000000ef300000, 0x00000000ef300000|100%| E|CS|TAMS 0x00000000ef200000, 0x00000000ef200000| Complete 
| 243|0x00000000ef300000, 0x00000000ef400000, 0x00000000ef400000|100%| E|CS|TAMS 0x00000000ef300000, 0x00000000ef300000| Complete 
| 244|0x00000000ef400000, 0x00000000ef500000, 0x00000000ef500000|100%| E|CS|TAMS 0x00000000ef400000, 0x00000000ef400000| Complete 
| 245|0x00000000ef500000, 0x00000000ef600000, 0x00000000ef600000|100%| E|CS|TAMS 0x00000000ef500000, 0x00000000ef500000| Complete 
| 246|0x00000000ef600000, 0x00000000ef700000, 0x00000000ef700000|100%| E|CS|TAMS 0x00000000ef600000, 0x00000000ef600000| Complete 
| 247|0x00000000ef700000, 0x00000000ef800000, 0x00000000ef800000|100%| E|CS|TAMS 0x00000000ef700000, 0x00000000ef700000| Complete 
| 248|0x00000000ef800000, 0x00000000ef900000, 0x00000000ef900000|100%| E|CS|TAMS 0x00000000ef800000, 0x00000000ef800000| Complete 
| 249|0x00000000ef900000, 0x00000000efa00000, 0x00000000efa00000|100%| E|CS|TAMS 0x00000000ef900000, 0x00000000ef900000| Complete 
| 250|0x00000000efa00000, 0x00000000efb00000, 0x00000000efb00000|100%| E|CS|TAMS 0x00000000efa00000, 0x00000000efa00000| Complete 
| 251|0x00000000efb00000, 0x00000000efc00000, 0x00000000efc00000|100%| E|CS|TAMS 0x00000000efb00000, 0x00000000efb00000| Complete 
| 252|0x00000000efc00000, 0x00000000efd00000, 0x00000000efd00000|100%| E|CS|TAMS 0x00000000efc00000, 0x00000000efc00000| Complete 
| 253|0x00000000efd00000, 0x00000000efe00000, 0x00000000efe00000|100%| E|CS|TAMS 0x00000000efd00000, 0x00000000efd00000| Complete 
| 254|0x00000000efe00000, 0x00000000eff00000, 0x00000000eff00000|100%| E|CS|TAMS 0x00000000efe00000, 0x00000000efe00000| Complete 
| 255|0x00000000eff00000, 0x00000000f0000000, 0x00000000f0000000|100%| E|CS|TAMS 0x00000000eff00000, 0x00000000eff00000| Complete 

Card table byte_map: [0x00000273e6700000,0x00000273e6800000] _byte_map_base: 0x00000273e6000000

Marking Bits (Prev, Next): (CMBitMap*) 0x00000273cf7f8490, (CMBitMap*) 0x00000273cf7f84d0
 Prev Bits: [0x00000273e6900000, 0x00000273e7100000)
 Next Bits: [0x00000273e7100000, 0x00000273e7900000)

Polling page: 0x00000273cef90000

Metaspace:

Usage:
  Non-class:     10.59 MB used.
      Class:      1.73 MB used.
       Both:     12.31 MB used.

Virtual space:
  Non-class space:       16.00 MB reserved,      10.69 MB ( 67%) committed,  2 nodes.
      Class space:      308.00 MB reserved,       1.81 MB ( <1%) committed,  1 nodes.
             Both:      324.00 MB reserved,      12.50 MB (  4%) committed. 

Chunk freelists:
   Non-Class:  1.33 MB
       Class:  2.11 MB
        Both:  3.44 MB

MaxMetaspaceSize: 384.00 MB
CompressedClassSpaceSize: 308.00 MB
Initial GC threshold: 21.00 MB
Current GC threshold: 21.00 MB
CDS: on
MetaspaceReclaimPolicy: balanced
 - commit_granule_bytes: 65536.
 - commit_granule_words: 8192.
 - virtual_space_node_default_size: 1048576.
 - enlarge_chunks_in_place: 1.
 - new_chunks_are_fully_committed: 0.
 - uncommit_free_chunks: 1.
 - use_allocation_guard: 0.
 - handle_deallocations: 1.


Internal statistics:

num_allocs_failed_limit: 0.
num_arena_births: 180.
num_arena_deaths: 0.
num_vsnodes_births: 3.
num_vsnodes_deaths: 0.
num_space_committed: 200.
num_space_uncommitted: 0.
num_chunks_returned_to_freelist: 0.
num_chunks_taken_from_freelist: 550.
num_chunk_merges: 0.
num_chunk_splits: 367.
num_chunks_enlarged: 283.
num_purges: 0.
num_inconsistent_stats: 0.

CodeHeap 'non-profiled nmethods': size=120000Kb used=1004Kb max_used=1004Kb free=118996Kb
 bounds [0x00000273ded90000, 0x00000273df000000, 0x00000273e62c0000]
CodeHeap 'profiled nmethods': size=120000Kb used=4435Kb max_used=4435Kb free=115564Kb
 bounds [0x00000273d72c0000, 0x00000273d7720000, 0x00000273de7f0000]
CodeHeap 'non-nmethods': size=5760Kb used=1210Kb max_used=1224Kb free=4550Kb
 bounds [0x00000273de7f0000, 0x00000273dea60000, 0x00000273ded90000]
 total_blobs=2713 nmethods=2201 adapters=424
 compilation: enabled
              stopped_count=0, restarted_count=0
 full_count=0

Compilation events (20 events):
Event: 25.552 Thread 0x00000273ea335890 2153       3       java.lang.invoke.InvokerBytecodeGenerator::isStaticallyInvocable (165 bytes)
Event: 25.555 Thread 0x00000273ea335890 nmethod 2153 0x00000273d76f7f10 code [0x00000273d76f8340, 0x00000273d76fa008]
Event: 25.555 Thread 0x00000273ea335890 2154       3       java.lang.invoke.MemberName::isPrivate (8 bytes)
Event: 25.555 Thread 0x00000273ea335890 nmethod 2154 0x00000273d76fa790 code [0x00000273d76fa920, 0x00000273d76faaf8]
Event: 25.555 Thread 0x00000273ea335890 2155       3       java.lang.invoke.InvokerBytecodeGenerator::emitReferenceCast (188 bytes)
Event: 25.557 Thread 0x00000273ea335890 nmethod 2155 0x00000273d76fab90 code [0x00000273d76fae40, 0x00000273d76fbae8]
Event: 25.557 Thread 0x00000273ea335890 2156       3       java.lang.invoke.LambdaForm$BasicType::basicType (187 bytes)
Event: 25.558 Thread 0x00000273ea335890 nmethod 2156 0x00000273d76fbe90 code [0x00000273d76fc120, 0x00000273d76fcc48]
Event: 25.568 Thread 0x00000273ea335890 2158       3       java.lang.invoke.LambdaForm$Name::replaceNames (175 bytes)
Event: 25.570 Thread 0x00000273ea335890 nmethod 2158 0x00000273d76fcf10 code [0x00000273d76fd140, 0x00000273d76fdd58]
Event: 25.571 Thread 0x00000273ea335890 2162       3       java.util.ArrayList::toArray (12 bytes)
Event: 25.571 Thread 0x00000273ea335890 nmethod 2162 0x00000273d76fe090 code [0x00000273d76fe240, 0x00000273d76fe428]
Event: 25.572 Thread 0x00000273ea335890 2164       3       java.lang.invoke.DirectMethodHandle::make (275 bytes)
Event: 25.574 Thread 0x00000273ea335890 nmethod 2164 0x00000273d76fe510 code [0x00000273d76fe8a0, 0x00000273d76ffd18]
Event: 25.574 Thread 0x00000273ea335890 2168       3       java.lang.invoke.InvokerBytecodeGenerator::emitPushArguments (45 bytes)
Event: 25.575 Thread 0x00000273ea335890 nmethod 2168 0x00000273d7700510 code [0x00000273d7700700, 0x00000273d7700b78]
Event: 25.575 Thread 0x00000273ea335890 2166       3       java.lang.invoke.MethodHandle::intrinsicName (4 bytes)
Event: 25.575 Thread 0x00000273ea335890 nmethod 2166 0x00000273d7700e10 code [0x00000273d7700fa0, 0x00000273d77010b8]
Event: 25.575 Thread 0x00000273ea335890 2167       3       java.lang.invoke.LambdaForm$NamedFunction::intrinsicName (21 bytes)
Event: 25.575 Thread 0x00000273ea335890 nmethod 2167 0x00000273d7701190 code [0x00000273d7701340, 0x00000273d7701588]

GC Heap History (4 events):
Event: 10.742 GC heap before
{Heap before GC invocations=0 (full 0):
 garbage-first heap   total 262144K, used 26624K [0x00000000e0000000, 0x0000000100000000)
  region size 1024K, 23 young (23552K), 0 survivors (0K)
 Metaspace       used 3236K, committed 3328K, reserved 323584K
  class space    used 404K, committed 448K, reserved 315392K
}
Event: 11.059 GC heap after
{Heap after GC invocations=1 (full 0):
 garbage-first heap   total 262144K, used 10551K [0x00000000e0000000, 0x0000000100000000)
  region size 1024K, 3 young (3072K), 3 survivors (3072K)
 Metaspace       used 3236K, committed 3328K, reserved 323584K
  class space    used 404K, committed 448K, reserved 315392K
}
Event: 15.388 GC heap before
{Heap before GC invocations=1 (full 0):
 garbage-first heap   total 262144K, used 38199K [0x00000000e0000000, 0x0000000100000000)
  region size 1024K, 29 young (29696K), 3 survivors (3072K)
 Metaspace       used 4089K, committed 4224K, reserved 323584K
  class space    used 497K, committed 576K, reserved 315392K
}
Event: 15.393 GC heap after
{Heap after GC invocations=2 (full 0):
 garbage-first heap   total 262144K, used 15079K [0x00000000e0000000, 0x0000000100000000)
  region size 1024K, 4 young (4096K), 4 survivors (4096K)
 Metaspace       used 4089K, committed 4224K, reserved 323584K
  class space    used 497K, committed 576K, reserved 315392K
}

Dll operation events (14 events):
Event: 0.093 Loaded shared library C:\Users\dell\.jdks\corretto-17.0.6\bin\java.dll
Event: 0.238 Loaded shared library C:\Users\dell\.jdks\corretto-17.0.6\bin\jsvml.dll
Event: 0.722 Loaded shared library C:\Users\dell\.jdks\corretto-17.0.6\bin\zip.dll
Event: 0.729 Loaded shared library C:\Users\dell\.jdks\corretto-17.0.6\bin\instrument.dll
Event: 1.086 Loaded shared library C:\Users\dell\.jdks\corretto-17.0.6\bin\net.dll
Event: 1.091 Loaded shared library C:\Users\dell\.jdks\corretto-17.0.6\bin\nio.dll
Event: 1.103 Loaded shared library C:\Users\dell\.jdks\corretto-17.0.6\bin\zip.dll
Event: 4.884 Loaded shared library C:\Users\dell\.jdks\corretto-17.0.6\bin\jimage.dll
Event: 5.860 Loaded shared library C:\Users\dell\.jdks\corretto-17.0.6\bin\verify.dll
Event: 8.824 Loaded shared library C:\Users\dell\.gradle\native\68d5fa5c4cc2d200863cafc0d521ce42e7d3e7ee720ec0a83991735586a16f82\windows-amd64\native-platform.dll
Event: 8.852 Loaded shared library C:\Users\dell\.gradle\native\e376f236ea51e6404a007f0833ffe2c6e607c4080706a723a18a27aeea778392\windows-amd64\native-platform-file-events.dll
Event: 16.733 Loaded shared library C:\Users\dell\.jdks\corretto-17.0.6\bin\management.dll
Event: 16.849 Loaded shared library C:\Users\dell\.jdks\corretto-17.0.6\bin\management_ext.dll
Event: 22.740 Loaded shared library C:\Users\dell\.jdks\corretto-17.0.6\bin\sunmscapi.dll

Deoptimization events (20 events):
Event: 23.277 Thread 0x00000273eadb6c90 DEOPT PACKING pc=0x00000273d76577d8 sp=0x0000008a2a5fdf30
Event: 23.277 Thread 0x00000273eadb6c90 DEOPT UNPACKING pc=0x00000273de847143 sp=0x0000008a2a5fd478 mode 0
Event: 23.278 Thread 0x00000273eadb6c90 DEOPT PACKING pc=0x00000273d76577d8 sp=0x0000008a2a5fdf30
Event: 23.278 Thread 0x00000273eadb6c90 DEOPT UNPACKING pc=0x00000273de847143 sp=0x0000008a2a5fd478 mode 0
Event: 23.281 Thread 0x00000273eadb6c90 DEOPT PACKING pc=0x00000273d76577d8 sp=0x0000008a2a5fdf30
Event: 23.281 Thread 0x00000273eadb6c90 DEOPT UNPACKING pc=0x00000273de847143 sp=0x0000008a2a5fd478 mode 0
Event: 23.291 Thread 0x00000273eadb6c90 DEOPT PACKING pc=0x00000273d76577d8 sp=0x0000008a2a5fdf50
Event: 23.291 Thread 0x00000273eadb6c90 DEOPT UNPACKING pc=0x00000273de847143 sp=0x0000008a2a5fd498 mode 0
Event: 23.427 Thread 0x00000273eadb62f0 Uncommon trap: trap_request=0xffffff45 fr.pc=0x00000273dee3de10 relative=0x00000000000012f0
Event: 23.427 Thread 0x00000273eadb62f0 Uncommon trap: reason=unstable_if action=reinterpret pc=0x00000273dee3de10 method=java.util.concurrent.ConcurrentHashMap.putVal(Ljava/lang/Object;Ljava/lang/Object;Z)Ljava/lang/Object; @ 256 c2
Event: 23.427 Thread 0x00000273eadb62f0 DEOPT PACKING pc=0x00000273dee3de10 sp=0x0000008a2a8fec60
Event: 23.427 Thread 0x00000273eadb62f0 DEOPT UNPACKING pc=0x00000273de8469a3 sp=0x0000008a2a8febd8 mode 2
Event: 24.107 Thread 0x00000273eadb62f0 Uncommon trap: trap_request=0xffffff45 fr.pc=0x00000273dedce1a4 relative=0x0000000000000264
Event: 24.107 Thread 0x00000273eadb62f0 Uncommon trap: reason=unstable_if action=reinterpret pc=0x00000273dedce1a4 method=java.util.HashMap.getNode(Ljava/lang/Object;)Ljava/util/HashMap$Node; @ 66 c2
Event: 24.107 Thread 0x00000273eadb62f0 DEOPT PACKING pc=0x00000273dedce1a4 sp=0x0000008a2a8fc160
Event: 24.107 Thread 0x00000273eadb62f0 DEOPT UNPACKING pc=0x00000273de8469a3 sp=0x0000008a2a8fc0e0 mode 2
Event: 24.367 Thread 0x00000273eadb62f0 Uncommon trap: trap_request=0xffffff45 fr.pc=0x00000273dee3489c relative=0x00000000000003dc
Event: 24.367 Thread 0x00000273eadb62f0 Uncommon trap: reason=unstable_if action=reinterpret pc=0x00000273dee3489c method=java.util.concurrent.ConcurrentHashMap.get(Ljava/lang/Object;)Ljava/lang/Object; @ 76 c2
Event: 24.367 Thread 0x00000273eadb62f0 DEOPT PACKING pc=0x00000273dee3489c sp=0x0000008a2a8fb600
Event: 24.367 Thread 0x00000273eadb62f0 DEOPT UNPACKING pc=0x00000273de8469a3 sp=0x0000008a2a8fb578 mode 2

Classes unloaded (0 events):
No events

Classes redefined (0 events):
No events

Internal exceptions (20 events):
Event: 8.506 Thread 0x00000273cf7ca640 Exception <a 'java/lang/NoSuchMethodError'{0x00000000eef6ad78}: 'java.lang.Object java.lang.invoke.Invokers$Holder.invokeExact_MT(java.lang.Object, java.lang.Object, java.lang.Object, java.lang.Object)'> (0x00000000eef6ad78) 
thrown [s\src\hotspot\share\interpreter\linkResolver.cpp, line 759]
Event: 11.346 Thread 0x00000273cf7ca640 Exception <a 'java/lang/NoSuchMethodError'{0x00000000efe60088}: 'void java.lang.invoke.DirectMethodHandle$Holder.invokeInterface(java.lang.Object, java.lang.Object, java.lang.Object)'> (0x00000000efe60088) 
thrown [s\src\hotspot\share\interpreter\linkResolver.cpp, line 759]
Event: 16.726 Thread 0x00000273cf7ca640 Exception <a 'java/lang/NoSuchMethodError'{0x00000000ef833cf8}: 'java.lang.Object java.lang.invoke.DirectMethodHandle$Holder.invokeStaticInit(java.lang.Object)'> (0x00000000ef833cf8) 
thrown [s\src\hotspot\share\interpreter\linkResolver.cpp, line 759]
Event: 17.076 Thread 0x00000273cf7ca640 Exception <a 'java/lang/NoSuchMethodError'{0x00000000ef8bc6d0}: 'java.lang.Object java.lang.invoke.DirectMethodHandle$Holder.invokeInterface(java.lang.Object, java.lang.Object)'> (0x00000000ef8bc6d0) 
thrown [s\src\hotspot\share\interpreter\linkResolver.cpp, line 759]
Event: 18.341 Thread 0x00000273cf7ca640 Exception <a 'java/lang/NoSuchMethodError'{0x00000000ef2cb1b8}: 'java.lang.Object java.lang.invoke.DirectMethodHandle$Holder.invokeStaticInit(java.lang.Object, int, int, int, int)'> (0x00000000ef2cb1b8) 
thrown [s\src\hotspot\share\interpreter\linkResolver.cpp, line 759]
Event: 18.975 Thread 0x00000273cf7ca640 Exception <a 'java/lang/NoSuchMethodError'{0x00000000ef17c9c8}: 'java.lang.Object java.lang.invoke.DirectMethodHandle$Holder.invokeStaticInit(java.lang.Object, java.lang.Object, int, int, int, int)'> (0x00000000ef17c9c8) 
thrown [s\src\hotspot\share\interpreter\linkResolver.cpp, line 759]
Event: 20.376 Thread 0x00000273cf7ca640 Exception <a 'java/lang/NoSuchMethodError'{0x00000000eef81290}: 'void java.lang.invoke.DirectMethodHandle$Holder.invokeStatic(java.lang.Object, java.lang.Object, java.lang.Object)'> (0x00000000eef81290) 
thrown [s\src\hotspot\share\interpreter\linkResolver.cpp, line 759]
Event: 21.683 Thread 0x00000273cf7ca640 Exception <a 'java/io/IOException'{0x00000000eee7b600}> (0x00000000eee7b600) 
thrown [s\src\hotspot\share\prims\jni.cpp, line 516]
Event: 23.608 Thread 0x00000273eadb62f0 Exception <a 'java/lang/NoSuchMethodError'{0x00000000ee690c58}: 'long java.lang.invoke.DirectMethodHandle$Holder.invokeInterface(java.lang.Object, java.lang.Object)'> (0x00000000ee690c58) 
thrown [s\src\hotspot\share\interpreter\linkResolver.cpp, line 759]
Event: 23.631 Thread 0x00000273eadb62f0 Exception <a 'java/lang/NoSuchMethodError'{0x00000000ee6c6c58}: 'java.lang.Object java.lang.invoke.DirectMethodHandle$Holder.invokeVirtual(java.lang.Object, java.lang.Object, java.lang.Object)'> (0x00000000ee6c6c58) 
thrown [s\src\hotspot\share\interpreter\linkResolver.cpp, line 759]
Event: 24.023 Thread 0x00000273eadb62f0 Exception <a 'java/lang/NoSuchMethodError'{0x00000000ede59d00}: 'void java.lang.invoke.DirectMethodHandle$Holder.invokeStatic(java.lang.Object, java.lang.Object)'> (0x00000000ede59d00) 
thrown [s\src\hotspot\share\interpreter\linkResolver.cpp, line 759]
Event: 24.223 Thread 0x00000273eadb62f0 Exception <a 'java/lang/NoSuchMethodError'{0x00000000eddf9690}: 'java.lang.Object java.lang.invoke.DirectMethodHandle$Holder.newInvokeSpecial(java.lang.Object, java.lang.Object, java.lang.Object, java.lang.Object, java.lang.Object)'> (0x00000000eddf9690) 
thrown [s\src\hotspot\share\interpreter\linkResolver.cpp, line 759]
Event: 24.810 Thread 0x00000273eadb62f0 Exception <a 'java/lang/NoSuchMethodError'{0x00000000eda93e98}: 'void java.lang.invoke.DirectMethodHandle$Holder.invokeSpecial(java.lang.Object, java.lang.Object, java.lang.Object)'> (0x00000000eda93e98) 
thrown [s\src\hotspot\share\interpreter\linkResolver.cpp, line 759]
Event: 24.957 Thread 0x00000273eadb62f0 Exception <a 'java/lang/NoSuchMethodError'{0x00000000ed92c460}: 'java.lang.Object java.lang.invoke.DirectMethodHandle$Holder.newInvokeSpecial(java.lang.Object, java.lang.Object, java.lang.Object, java.lang.Object, java.lang.Object, java.lang.Object)'> (0x00000000ed92c460) 
thrown [s\src\hotspot\share\interpreter\linkResolver.cpp, line 759]
Event: 24.970 Thread 0x00000273eadb62f0 Exception <a 'java/lang/NoSuchMethodError'{0x00000000ed943b38}: 'void java.lang.invoke.DirectMethodHandle$Holder.invokeSpecial(java.lang.Object, java.lang.Object, java.lang.Object, java.lang.Object, java.lang.Object)'> (0x00000000ed943b38) 
thrown [s\src\hotspot\share\interpreter\linkResolver.cpp, line 759]
Event: 24.988 Thread 0x00000273eadb62f0 Exception <a 'java/lang/NoSuchMethodError'{0x00000000ed957508}: 'void java.lang.invoke.DirectMethodHandle$Holder.invokeStaticInit(java.lang.Object, java.lang.Object)'> (0x00000000ed957508) 
thrown [s\src\hotspot\share\interpreter\linkResolver.cpp, line 759]
Event: 25.542 Thread 0x00000273eadb62f0 Exception <a 'java/lang/NoSuchMethodError'{0x00000000ed617198}: 'void java.lang.invoke.DelegatingMethodHandle$Holder.reinvoke_L(java.lang.Object, java.lang.Object, java.lang.Object, java.lang.Object, java.lang.Object, java.lang.Object, java.lang.Object, java.lang.Object, java.lang.Object, java.lang.Object)'> (0x00000000ed617198) 
thrown [s\src\hotspot\share\interpreter\linkResolver.cpp, line 759]
Event: 25.546 Thread 0x00000273eadb62f0 Exception <a 'java/lang/NoSuchMethodError'{0x00000000ed61f608}: 'java.lang.Object java.lang.invoke.DirectMethodHandle$Holder.invokeSpecial(java.lang.Object, java.lang.Object, java.lang.Object, java.lang.Object, java.lang.Object, java.lang.Object, java.lang.Object, java.lang.Object, java.lang.Object, java.lang.Object)'> (0x00000000ed61f608) 
thrown [s\src\hotspot\share\interpreter\linkResolver.cpp, line 759]
Event: 25.547 Thread 0x00000273eadb62f0 Exception <a 'java/lang/NoSuchMethodError'{0x00000000ed623ed8}: 'java.lang.Object java.lang.invoke.Invokers$Holder.invoker(java.lang.Object, java.lang.Object, java.lang.Object, java.lang.Object, java.lang.Object, java.lang.Object, java.lang.Object, java.lang.Object, java.lang.Object, java.lang.Object)'> (0x00000000ed623ed8) 
thrown [s\src\hotspot\share\interpreter\linkResolver.cpp, line 759]
Event: 25.548 Thread 0x00000273eadb62f0 Exception <a 'java/lang/NoSuchMethodError'{0x00000000ed629a60}: 'java.lang.Object java.lang.invoke.DirectMethodHandle$Holder.invokeSpecial(java.lang.Object, java.lang.Object, java.lang.Object, java.lang.Object, java.lang.Object, java.lang.Object, java.lang.Object, java.lang.Object, java.lang.Object, java.lang.Object, java.lang.Object)'> (0x00000000ed629a60) 
thrown [s\src\hotspot\share\interpreter\linkResolver.cpp, line 759]

VM Operations (20 events):
Event: 18.961 Executing VM operation: HandshakeAllThreads
Event: 18.961 Executing VM operation: HandshakeAllThreads done
Event: 18.961 Executing VM operation: Cleanup
Event: 18.961 Executing VM operation: Cleanup done
Event: 19.970 Executing VM operation: Cleanup
Event: 19.970 Executing VM operation: Cleanup done
Event: 20.368 Executing VM operation: HandshakeAllThreads
Event: 20.368 Executing VM operation: HandshakeAllThreads done
Event: 21.384 Executing VM operation: Cleanup
Event: 21.384 Executing VM operation: Cleanup done
Event: 22.394 Executing VM operation: Cleanup
Event: 22.394 Executing VM operation: Cleanup done
Event: 22.655 Executing VM operation: HandshakeAllThreads
Event: 22.656 Executing VM operation: HandshakeAllThreads done
Event: 23.665 Executing VM operation: Cleanup
Event: 23.782 Executing VM operation: Cleanup done
Event: 24.792 Executing VM operation: Cleanup
Event: 24.795 Executing VM operation: Cleanup done
Event: 25.264 Executing VM operation: HandshakeAllThreads
Event: 25.264 Executing VM operation: HandshakeAllThreads done

Events (20 events):
Event: 24.367 loading class jdk/internal/vm/annotation/IntrinsicCandidate
Event: 24.367 loading class jdk/internal/vm/annotation/IntrinsicCandidate done
Event: 24.371 loading class java/util/stream/MatchOps$MatchKind
Event: 24.371 loading class java/util/stream/MatchOps$MatchKind done
Event: 24.371 loading class java/util/stream/MatchOps
Event: 24.372 loading class java/util/stream/MatchOps done
Event: 24.372 loading class java/util/stream/MatchOps$MatchOp
Event: 24.372 loading class java/util/stream/MatchOps$MatchOp done
Event: 24.372 loading class java/util/stream/MatchOps$BooleanTerminalSink
Event: 24.372 loading class java/util/stream/MatchOps$BooleanTerminalSink done
Event: 24.373 loading class java/util/stream/MatchOps$1MatchSink
Event: 24.374 loading class java/util/stream/MatchOps$1MatchSink done
Event: 25.121 loading class java/util/ConcurrentModificationException
Event: 25.121 loading class java/util/ConcurrentModificationException done
Event: 25.169 loading class java/lang/invoke/MethodHandle$1
Event: 25.169 loading class java/lang/invoke/MethodHandle$1 done
Event: 25.272 loading class sun/reflect/generics/scope/ConstructorScope
Event: 25.273 loading class sun/reflect/generics/scope/ConstructorScope done
Event: 25.273 loading class sun/reflect/generics/tree/VoidDescriptor
Event: 25.273 loading class sun/reflect/generics/tree/VoidDescriptor done


Dynamic libraries:
0x00007ff68e0e0000 - 0x00007ff68e0ed000 	C:\Users\dell\.jdks\corretto-17.0.6\bin\java.exe
0x00007ffa2d930000 - 0x00007ffa2db47000 	C:\WINDOWS\SYSTEM32\ntdll.dll
0x00007ffa2cf10000 - 0x00007ffa2cfd4000 	C:\WINDOWS\System32\KERNEL32.DLL
0x00007ffa2ade0000 - 0x00007ffa2b186000 	C:\WINDOWS\System32\KERNELBASE.dll
0x00007ffa2b440000 - 0x00007ffa2b551000 	C:\WINDOWS\System32\ucrtbase.dll
0x00007ffa19320000 - 0x00007ffa19337000 	C:\Users\dell\.jdks\corretto-17.0.6\bin\jli.dll
0x00007ffa2d520000 - 0x00007ffa2d6ce000 	C:\WINDOWS\System32\USER32.dll
0x00007ffa2b190000 - 0x00007ffa2b1b6000 	C:\WINDOWS\System32\win32u.dll
0x00007ffa2d8b0000 - 0x00007ffa2d8d9000 	C:\WINDOWS\System32\GDI32.dll
0x00007ffa2b2b0000 - 0x00007ffa2b3c8000 	C:\WINDOWS\System32\gdi32full.dll
0x00007ffa2b5e0000 - 0x00007ffa2b67a000 	C:\WINDOWS\System32\msvcp_win.dll
0x00007ffa19340000 - 0x00007ffa19355000 	C:\Users\dell\.jdks\corretto-17.0.6\bin\VCRUNTIME140.dll
0x00007ffa0df70000 - 0x00007ffa0e203000 	C:\WINDOWS\WinSxS\amd64_microsoft.windows.common-controls_6595b64144ccf1df_6.0.22621.2506_none_270c5ae97388e100\COMCTL32.dll
0x00007ffa2cdf0000 - 0x00007ffa2ce97000 	C:\WINDOWS\System32\msvcrt.dll
0x00007ffa2d870000 - 0x00007ffa2d8a1000 	C:\WINDOWS\System32\IMM32.DLL
0x00007ff9ec320000 - 0x00007ff9ec3bb000 	C:\Users\dell\.jdks\corretto-17.0.6\bin\msvcp140.dll
0x00007ff9d6c40000 - 0x00007ff9d7858000 	C:\Users\dell\.jdks\corretto-17.0.6\bin\server\jvm.dll
0x00007ffa2d370000 - 0x00007ffa2d423000 	C:\WINDOWS\System32\ADVAPI32.dll
0x00007ffa2bb00000 - 0x00007ffa2bba8000 	C:\WINDOWS\System32\sechost.dll
0x00007ffa2b280000 - 0x00007ffa2b2a8000 	C:\WINDOWS\System32\bcrypt.dll
0x00007ffa2d060000 - 0x00007ffa2d177000 	C:\WINDOWS\System32\RPCRT4.dll
0x00007ffa0e880000 - 0x00007ffa0e889000 	C:\WINDOWS\SYSTEM32\WSOCK32.dll
0x00007ffa2cfe0000 - 0x00007ffa2d051000 	C:\WINDOWS\System32\WS2_32.dll
0x00007ffa24120000 - 0x00007ffa24154000 	C:\WINDOWS\SYSTEM32\WINMM.dll
0x00007ffa1dc40000 - 0x00007ffa1dc4a000 	C:\WINDOWS\SYSTEM32\VERSION.dll
0x00007ffa29c70000 - 0x00007ffa29c88000 	C:\WINDOWS\SYSTEM32\kernel.appcore.dll
0x00007ffa18160000 - 0x00007ffa1816a000 	C:\Users\dell\.jdks\corretto-17.0.6\bin\jimage.dll
0x00007ffa28350000 - 0x00007ffa28583000 	C:\WINDOWS\SYSTEM32\DBGHELP.DLL
0x00007ffa2b700000 - 0x00007ffa2ba89000 	C:\WINDOWS\System32\combase.dll
0x00007ffa2d430000 - 0x00007ffa2d507000 	C:\WINDOWS\System32\OLEAUT32.dll
0x00007ffa250c0000 - 0x00007ffa250f2000 	C:\WINDOWS\SYSTEM32\dbgcore.DLL
0x00007ffa2b560000 - 0x00007ffa2b5da000 	C:\WINDOWS\System32\bcryptPrimitives.dll
0x00007ffa23ea0000 - 0x00007ffa23eae000 	C:\Users\dell\.jdks\corretto-17.0.6\bin\instrument.dll
0x00007ffa16780000 - 0x00007ffa167a5000 	C:\Users\dell\.jdks\corretto-17.0.6\bin\java.dll
0x00007ff9e6860000 - 0x00007ff9e6936000 	C:\Users\dell\.jdks\corretto-17.0.6\bin\jsvml.dll
0x00007ffa2bc10000 - 0x00007ffa2c46b000 	C:\WINDOWS\System32\SHELL32.dll
0x00007ffa28b80000 - 0x00007ffa29476000 	C:\WINDOWS\SYSTEM32\windows.storage.dll
0x00007ffa28a40000 - 0x00007ffa28b7e000 	C:\WINDOWS\SYSTEM32\wintypes.dll
0x00007ffa2c5f0000 - 0x00007ffa2c6e3000 	C:\WINDOWS\System32\SHCORE.dll
0x00007ffa2c590000 - 0x00007ffa2c5ee000 	C:\WINDOWS\System32\shlwapi.dll
0x00007ffa2aba0000 - 0x00007ffa2abc6000 	C:\WINDOWS\SYSTEM32\profapi.dll
0x00007ffa18130000 - 0x00007ffa18148000 	C:\Users\dell\.jdks\corretto-17.0.6\bin\zip.dll
0x00007ffa16760000 - 0x00007ffa16779000 	C:\Users\dell\.jdks\corretto-17.0.6\bin\net.dll
0x00007ffa1da70000 - 0x00007ffa1dba7000 	C:\WINDOWS\SYSTEM32\WINHTTP.dll
0x00007ffa2a0f0000 - 0x00007ffa2a159000 	C:\WINDOWS\system32\mswsock.dll
0x00007ffa15310000 - 0x00007ffa15325000 	C:\Users\dell\.jdks\corretto-17.0.6\bin\nio.dll
0x00007ffa16850000 - 0x00007ffa16860000 	C:\Users\dell\.jdks\corretto-17.0.6\bin\verify.dll
0x00007ffa1e2c0000 - 0x00007ffa1e2e7000 	C:\Users\dell\.gradle\native\68d5fa5c4cc2d200863cafc0d521ce42e7d3e7ee720ec0a83991735586a16f82\windows-amd64\native-platform.dll
0x00007ff9ec1d0000 - 0x00007ff9ec314000 	C:\Users\dell\.gradle\native\e376f236ea51e6404a007f0833ffe2c6e607c4080706a723a18a27aeea778392\windows-amd64\native-platform-file-events.dll
0x00007ffa23d80000 - 0x00007ffa23d89000 	C:\Users\dell\.jdks\corretto-17.0.6\bin\management.dll
0x00007ffa23d70000 - 0x00007ffa23d7b000 	C:\Users\dell\.jdks\corretto-17.0.6\bin\management_ext.dll
0x00007ffa2c6f0000 - 0x00007ffa2c6f8000 	C:\WINDOWS\System32\PSAPI.DLL
0x00007ffa2a320000 - 0x00007ffa2a33b000 	C:\WINDOWS\SYSTEM32\CRYPTSP.dll
0x00007ffa29bd0000 - 0x00007ffa29c05000 	C:\WINDOWS\system32\rsaenh.dll
0x00007ffa2a1b0000 - 0x00007ffa2a1dc000 	C:\WINDOWS\SYSTEM32\USERENV.dll
0x00007ffa2a310000 - 0x00007ffa2a31c000 	C:\WINDOWS\SYSTEM32\CRYPTBASE.dll
0x00007ffa296e0000 - 0x00007ffa2970d000 	C:\WINDOWS\SYSTEM32\IPHLPAPI.DLL
0x00007ffa2cea0000 - 0x00007ffa2cea9000 	C:\WINDOWS\System32\NSI.dll
0x00007ffa1d6b0000 - 0x00007ffa1d6c9000 	C:\WINDOWS\SYSTEM32\dhcpcsvc6.DLL
0x00007ffa1d690000 - 0x00007ffa1d6af000 	C:\WINDOWS\SYSTEM32\dhcpcsvc.DLL
0x00007ffa29750000 - 0x00007ffa29849000 	C:\WINDOWS\SYSTEM32\DNSAPI.dll
0x00007ffa23b60000 - 0x00007ffa23b6e000 	C:\Users\dell\.jdks\corretto-17.0.6\bin\sunmscapi.dll
0x00007ffa2ac70000 - 0x00007ffa2add6000 	C:\WINDOWS\System32\CRYPT32.dll
0x00007ffa2a540000 - 0x00007ffa2a56e000 	C:\WINDOWS\SYSTEM32\ncrypt.dll
0x00007ffa2a500000 - 0x00007ffa2a537000 	C:\WINDOWS\SYSTEM32\NTASN1.dll
0x00007ff99ea70000 - 0x00007ff99ea78000 	C:\WINDOWS\system32\wshunix.dll

dbghelp: loaded successfully - version: 4.0.5 - missing functions: none
symbol engine: initialized successfully - sym options: 0x614 - pdb path: .;C:\Users\dell\.jdks\corretto-17.0.6\bin;C:\WINDOWS\SYSTEM32;C:\WINDOWS\WinSxS\amd64_microsoft.windows.common-controls_6595b64144ccf1df_6.0.22621.2506_none_270c5ae97388e100;C:\Users\dell\.jdks\corretto-17.0.6\bin\server;C:\Users\dell\.gradle\native\68d5fa5c4cc2d200863cafc0d521ce42e7d3e7ee720ec0a83991735586a16f82\windows-amd64;C:\Users\dell\.gradle\native\e376f236ea51e6404a007f0833ffe2c6e607c4080706a723a18a27aeea778392\windows-amd64

VM Arguments:
jvm_args: --add-opens=java.base/java.util=ALL-UNNAMED --add-opens=java.base/java.lang=ALL-UNNAMED --add-opens=java.base/java.lang.invoke=ALL-UNNAMED --add-opens=java.prefs/java.util.prefs=ALL-UNNAMED --add-opens=java.base/java.nio.charset=ALL-UNNAMED --add-opens=java.base/java.net=ALL-UNNAMED --add-opens=java.base/java.util.concurrent.atomic=ALL-UNNAMED -XX:MaxMetaspaceSize=384m -XX:+HeapDumpOnOutOfMemoryError -Xms256m -Xmx512m -Dfile.encoding=windows-1252 -Duser.country=US -Duser.language=en -Duser.variant -javaagent:C:\Java\gradle-8.2\lib\agents\gradle-instrumentation-agent-8.2.jar 
java_command: org.gradle.launcher.daemon.bootstrap.GradleDaemon 8.2
java_class_path (initial): C:\Java\gradle-8.2\lib\gradle-launcher-8.2.jar
Launcher Type: SUN_STANDARD

[Global flags]
     intx CICompilerCount                          = 4                                         {product} {ergonomic}
   size_t CompressedClassSpaceSize                 = 322961408                                 {product} {ergonomic}
     uint ConcGCThreads                            = 2                                         {product} {ergonomic}
     uint G1ConcRefinementThreads                  = 8                                         {product} {ergonomic}
   size_t G1HeapRegionSize                         = 1048576                                   {product} {ergonomic}
    uintx GCDrainStackTargetSize                   = 64                                        {product} {ergonomic}
     bool HeapDumpOnOutOfMemoryError               = true                                   {manageable} {command line}
   size_t InitialHeapSize                          = 268435456                                 {product} {command line}
   size_t MarkStackSize                            = 4194304                                   {product} {ergonomic}
   size_t MaxHeapSize                              = 536870912                                 {product} {command line}
   size_t MaxMetaspaceSize                         = 402653184                                 {product} {command line}
   size_t MaxNewSize                               = 321912832                                 {product} {ergonomic}
   size_t MinHeapDeltaBytes                        = 1048576                                   {product} {ergonomic}
   size_t MinHeapSize                              = 268435456                                 {product} {command line}
    uintx NonNMethodCodeHeapSize                   = 5839372                                {pd product} {ergonomic}
    uintx NonProfiledCodeHeapSize                  = 122909434                              {pd product} {ergonomic}
    uintx ProfiledCodeHeapSize                     = 122909434                              {pd product} {ergonomic}
    uintx ReservedCodeCacheSize                    = 251658240                              {pd product} {ergonomic}
     bool SegmentedCodeCache                       = true                                      {product} {ergonomic}
   size_t SoftMaxHeapSize                          = 536870912                              {manageable} {ergonomic}
     bool UseCompressedClassPointers               = true                           {product lp64_product} {ergonomic}
     bool UseCompressedOops                        = true                           {product lp64_product} {ergonomic}
     bool UseG1GC                                  = true                                      {product} {ergonomic}
     bool UseLargePagesIndividualAllocation        = false                                  {pd product} {ergonomic}

Logging:
Log output configuration:
 #0: stdout all=warning uptime,level,tags
 #1: stderr all=off uptime,level,tags

Environment Variables:
JAVA_HOME=C:\Java\jdk-17.0.6
PATH=C:\Program Files\Common Files\Oracle\Java\javapath;C:\ProgramData\Oracle\Java\javapath;C:\WINDOWS\system32;C:\WINDOWS;C:\WINDOWS\System32\Wbem;C:\WINDOWS\System32\WindowsPowerShell\v1.0\;C:\WINDOWS\System32\OpenSSH\;C:\Program Files (x86)\Intel\Intel(R) Management Engine Components\DAL;C:\Program Files\Intel\Intel(R) Management Engine Components\DAL;C:\Program Files\Microsoft SQL Server\Client SDK\ODBC\170\Tools\Binn\;C:\Program Files (x86)\Microsoft SQL Server\150\Tools\Binn\;C:\Program Files\Microsoft SQL Server\150\Tools\Binn\;C:\Program Files\Microsoft SQL Server\150\DTS\Binn\;C:\Program Files (x86)\Microsoft SQL Server\150\DTS\Binn\;C:\Program Files\Azure Data Studio\bin;C:\Program Files\dotnet\;C:\Program Files\MongoDB\Server\5.0\bin;C:\Java\jdk-17.0.6\bin;C:\Program Files\Git\cmd;C:\Java\gradle-8.2\bin;C:\Program Files\Docker\Docker\resources\bin;C:\hadoop-3.3.6\hadoop-3.3.6\bin;C:\Program Files\Redis\;C:\Program Files\nodejs\;C:\Users\dell\AppData\Local\Programs\Python\Python39\Scripts\;C:\Users\dell\AppData\Local\Programs\Python\Python39\;C:\Users\dell\AppData\Local\Microsoft\WindowsApps;C:\Program Files\Azure Data Studio\bin;C:\Users\dell\AppData\Local\Programs\Microsoft VS Code\bin;C:\Users\dell\AppData\Local\Programs\mongosh\;C:\Program Files\heroku\bin;C:\Program Files\Java\jdk-17\bin;C:\Program Files\JetBrains\IntelliJ IDEA 2023.2\bin;;C:\Users\dell\.dotnet\tools;C:\Users\dell\AppData\Roaming\npm
USERNAME=dell
OS=Windows_NT
PROCESSOR_IDENTIFIER=Intel64 Family 6 Model 142 Stepping 12, GenuineIntel
TMP=C:\Users\dell\AppData\Local\Temp
TEMP=C:\Users\dell\AppData\Local\Temp



---------------  S Y S T E M  ---------------

OS:
 Windows 11 , 64 bit Build 22621 (10.0.22621.3085)
OS uptime: 1 days 15:30 hours
Hyper-V role detected

CPU: total 8 (initial active 8) (4 cores per cpu, 2 threads per core) family 6 model 142 stepping 12 microcode 0xf8, cx8, cmov, fxsr, ht, mmx, 3dnowpref, sse, sse2, sse3, ssse3, sse4.1, sse4.2, popcnt, lzcnt, tsc, tscinvbit, avx, avx2, aes, erms, clmul, bmi1, bmi2, adx, fma, vzeroupper, clflush, clflushopt, hv

Memory: 4k page, system-wide physical 8039M (124M free)
TotalPageFile size 32615M (AvailPageFile size 47M)
current process WorkingSet (physical memory assigned to process): 85M, peak: 119M
current process commit charge ("private bytes"): 386M, peak: 386M

vm_info: OpenJDK 64-Bit Server VM (17.0.6+10-LTS) for windows-amd64 JRE (17.0.6+10-LTS), built on Jan 13 2023 22:57:04 by "Administrator" with MS VC++ 15.9 (VS2017)

END.
